[2018-09-14 14:38:12.240] [WARN] access - GET /
[2018-09-14 14:38:12.314] [WARN] access - GET /themes/default/assets/css/main.css
[2018-09-14 14:38:12.315] [WARN] access - GET /themes/default/assets/css/bootstrap.min.css
[2018-09-14 14:38:12.348] [WARN] access - GET /themes/default/assets/js/jquery-2.2.1.min.js
[2018-09-14 14:38:12.353] [WARN] access - GET /themes/default/assets/img/logo.png
[2018-09-14 14:38:12.354] [WARN] access - GET /themes/default/assets/js/bootstrap.min.js
[2018-09-14 14:38:15.452] [INFO] access - GET /admin/setting/categories
[2018-09-14 14:38:15.604] [WARN] access - GET /assets/admin/main.css
[2018-09-14 14:38:15.605] [WARN] access - GET /assets/admin/main.js
[2018-09-14 14:38:15.605] [WARN] access - GET /assets/admin/vendor.css
[2018-09-14 14:38:15.606] [WARN] access - GET /assets/admin/vendor.js
[2018-09-14 14:38:15.613] [WARN] access - GET /assets/admin/views.js
[2018-09-14 14:38:15.752] [WARN] access - GET /api/account
[2018-09-14 14:38:15.902] [INFO] access - PUT /api/statistics
[2018-09-14 14:38:15.914] [WARN] access - GET /assets/admin/images/sponsor/weixin99.jpg
[2018-09-14 14:38:15.916] [WARN] access - GET /api/dashboard
[2018-09-14 14:38:15.921] [WARN] access - GET /api/categories
[2018-09-14 14:38:15.922] [INFO] access - GET /assets/admin/fonts/fontawesome-webfont.woff2?v=4.6.1
[2018-09-14 14:38:15.922] [WARN] access - GET /assets/admin/images/logo@2x.png
[2018-09-14 14:38:15.979] [WARN] access - GET /assets/admin/images/sponsor/weixin199.jpg
[2018-09-14 14:38:15.983] [WARN] access - GET /assets/admin/images/sponsor/weixin499.jpg
[2018-09-14 14:38:15.993] [WARN] access - GET /assets/admin/images/sponsor/weixin999.jpg
[2018-09-14 14:38:15.993] [WARN] access - GET /assets/admin/images/sponsor/alipay99.jpg
[2018-09-14 14:38:15.995] [WARN] access - GET /api/categories
[2018-09-14 14:38:16.029] [WARN] access - GET /assets/admin/images/sponsor/alipay199.jpg
[2018-09-14 14:38:16.035] [WARN] access - GET /assets/admin/images/sponsor/alipay499.jpg
[2018-09-14 14:38:16.053] [WARN] access - GET /assets/admin/images/sponsor/alipay999.jpg
[2018-09-14 14:38:18.391] [INFO] access - GET /api/site-info
[2018-09-14 14:39:58.395] [WARN] access - GET /api/categories
[2018-09-14 14:40:00.067] [INFO] access - GET /api/views
[2018-09-14 14:40:00.068] [INFO] access - GET /api/models?type=content
[2018-09-14 14:40:17.966] [INFO] access - GET /api/categories?path=%2Fxinjing
[2018-09-14 14:40:23.179] [WARN] access - GET /api/models?type=content
[2018-09-14 14:40:35.929] [INFO] access - POST /api/models
[2018-09-14 14:40:36.030] [WARN] access - GET /api/categories
[2018-09-14 14:40:39.464] [WARN] access - GET /api/categories
[2018-09-14 14:40:41.131] [WARN] access - GET /api/views
[2018-09-14 14:40:41.131] [INFO] access - GET /api/models?type=content
[2018-09-14 14:40:52.636] [WARN] access - GET /api/categories?path=%2Fxinjing
[2018-09-14 14:40:56.846] [INFO] access - POST /api/categories
[2018-09-14 14:40:56.959] [INFO] access - GET /api/categories
[2018-09-14 14:40:57.013] [WARN] access - GET /api/categories
[2018-09-14 14:41:00.067] [INFO] access - GET /api/categories/5b9b57f8dbcc2460cd16478d
[2018-09-14 14:41:00.078] [INFO] access - GET /api/contents?_id=5b9b57f8dbcc2460cd16478d&currentPage=1&deleted=false&pageSize=20
[2018-09-14 14:41:00.160] [WARN] access - GET /api/contents?_id=5b9b57f8dbcc2460cd16478d&currentPage=1&deleted=false&pageSize=20
[2018-09-14 14:41:01.619] [INFO] access - GET /api/media?currentPage=1&pageSize=9
[2018-09-14 14:46:41.417] [WARN] access - GET /assets/admin/vendor.css
[2018-09-14 14:46:41.418] [WARN] access - GET /assets/admin/main.css
[2018-09-14 14:49:59.398] [INFO] access - POST /api/media
[2018-09-14 14:50:20.354] [INFO] access - POST /api/contents
[2018-09-14 14:50:20.449] [WARN] access - GET /api/categories/5b9b57f8dbcc2460cd16478d
[2018-09-14 14:50:20.486] [INFO] access - GET /api/contents?_id=5b9b57f8dbcc2460cd16478d&currentPage=1&deleted=false&pageSize=20
[2018-09-14 14:50:20.556] [WARN] access - GET /api/contents?_id=5b9b57f8dbcc2460cd16478d&currentPage=1&deleted=false&pageSize=20
[2018-09-14 14:50:20.844] [INFO] access - GET /media/201809/5b9b5a17dbcc2460cd16478e/xinjing.jpg
[2018-09-14 14:50:24.369] [INFO] access - GET /
[2018-09-14 14:50:24.482] [WARN] access - GET /themes/default/assets/css/main.css
[2018-09-14 14:50:24.483] [WARN] access - GET /themes/default/assets/css/bootstrap.min.css
[2018-09-14 14:50:24.536] [WARN] access - GET /themes/default/assets/js/bootstrap.min.js
[2018-09-14 14:50:24.537] [WARN] access - GET /themes/default/assets/js/jquery-2.2.1.min.js
[2018-09-14 14:50:24.541] [WARN] access - GET /themes/default/assets/img/logo.png
[2018-09-14 14:50:26.483] [INFO] access - GET /xinjing
[2018-09-14 14:50:26.551] [WARN] access - GET /themes/default/assets/css/main.css
[2018-09-14 14:50:26.552] [WARN] access - GET /themes/default/assets/css/bootstrap.min.css
[2018-09-14 14:50:26.553] [WARN] access - GET /themes/default/assets/js/jquery-2.2.1.min.js
[2018-09-14 14:50:26.555] [WARN] access - GET /themes/default/assets/js/bootstrap.min.js
[2018-09-14 14:50:26.581] [WARN] access - GET /themes/default/assets/img/logo.png
[2018-09-14 14:50:28.852] [WARN] access - GET /xinjing
[2018-09-14 14:50:28.928] [WARN] access - GET /themes/default/assets/css/main.css
[2018-09-14 14:50:28.929] [WARN] access - GET /themes/default/assets/img/logo.png
[2018-09-14 14:50:28.930] [WARN] access - GET /themes/default/assets/js/bootstrap.min.js
[2018-09-14 14:50:28.930] [WARN] access - GET /themes/default/assets/js/jquery-2.2.1.min.js
[2018-09-14 14:50:28.931] [WARN] access - GET /themes/default/assets/css/bootstrap.min.css
[2018-09-14 14:51:01.504] [INFO] access - GET /admin/contents/category/5b9b57f8dbcc2460cd16478d
[2018-09-14 14:51:01.624] [WARN] access - GET /assets/admin/main.css
[2018-09-14 14:51:01.625] [WARN] access - GET /assets/admin/views.js
[2018-09-14 14:51:01.625] [WARN] access - GET /assets/admin/vendor.js
[2018-09-14 14:51:01.625] [WARN] access - GET /assets/admin/main.js
[2018-09-14 14:51:01.626] [WARN] access - GET /assets/admin/vendor.css
[2018-09-14 14:51:01.828] [WARN] access - GET /api/account
[2018-09-14 14:51:01.945] [INFO] access - PUT /api/statistics
[2018-09-14 14:51:01.979] [WARN] access - GET /api/categories
[2018-09-14 14:51:01.979] [WARN] access - GET /api/categories/5b9b57f8dbcc2460cd16478d
[2018-09-14 14:51:01.993] [WARN] access - GET /assets/admin/fonts/fontawesome-webfont.woff2?v=4.6.1
[2018-09-14 14:51:01.994] [INFO] access - GET /api/dashboard
[2018-09-14 14:51:02.001] [WARN] access - GET /api/contents?_id=5b9b57f8dbcc2460cd16478d&currentPage=1&deleted=false&pageSize=20
[2018-09-14 14:51:02.004] [WARN] access - GET /assets/admin/images/logo@2x.png
[2018-09-14 14:51:02.026] [WARN] access - GET /assets/admin/images/sponsor/weixin99.jpg
[2018-09-14 14:51:02.040] [WARN] access - GET /assets/admin/images/sponsor/weixin199.jpg
[2018-09-14 14:51:02.049] [WARN] access - GET /assets/admin/images/sponsor/weixin499.jpg
[2018-09-14 14:51:02.060] [WARN] access - GET /assets/admin/images/sponsor/weixin999.jpg
[2018-09-14 14:51:02.060] [WARN] access - GET /api/contents?_id=5b9b57f8dbcc2460cd16478d&currentPage=1&deleted=false&pageSize=20
[2018-09-14 14:51:02.074] [WARN] access - GET /media/201809/5b9b5a17dbcc2460cd16478e/xinjing.jpg
[2018-09-14 14:51:02.085] [WARN] access - GET /assets/admin/images/sponsor/alipay99.jpg
[2018-09-14 14:51:02.087] [WARN] access - GET /assets/admin/images/sponsor/alipay199.jpg
[2018-09-14 14:51:02.100] [WARN] access - GET /assets/admin/images/sponsor/alipay499.jpg
[2018-09-14 14:51:02.109] [WARN] access - GET /assets/admin/images/sponsor/alipay999.jpg
[2018-09-14 14:51:04.530] [INFO] access - GET /xinjing/xin-jing
[2018-09-14 14:51:04.596] [WARN] access - GET /themes/default/assets/js/bootstrap.min.js
[2018-09-14 14:51:04.596] [WARN] access - GET /themes/default/assets/css/main.css
[2018-09-14 14:51:04.597] [WARN] access - GET /themes/default/assets/css/bootstrap.min.css
[2018-09-14 14:51:04.597] [WARN] access - GET /themes/default/assets/img/logo.png
[2018-09-14 14:51:04.598] [WARN] access - GET /themes/default/assets/js/jquery-2.2.1.min.js
[2018-09-14 14:51:22.430] [INFO] access - GET /xinjing
[2018-09-14 14:51:22.510] [WARN] access - GET /themes/default/assets/img/logo.png
[2018-09-14 14:51:22.510] [WARN] access - GET /themes/default/assets/css/main.css
[2018-09-14 14:51:22.510] [WARN] access - GET /themes/default/assets/js/bootstrap.min.js
[2018-09-14 14:51:22.511] [WARN] access - GET /themes/default/assets/js/jquery-2.2.1.min.js
[2018-09-14 14:51:22.511] [WARN] access - GET /themes/default/assets/css/bootstrap.min.css
[2018-09-14 14:51:22.532] [WARN] access - GET /media/201809/5b9b5a17dbcc2460cd16478e/xinjing.jpg
[2018-09-14 14:51:24.228] [INFO] access - GET /
[2018-09-14 14:51:24.294] [WARN] access - GET /themes/default/assets/css/bootstrap.min.css
[2018-09-14 14:51:24.294] [WARN] access - GET /themes/default/assets/css/main.css
[2018-09-14 14:51:24.295] [WARN] access - GET /themes/default/assets/js/bootstrap.min.js
[2018-09-14 14:51:24.295] [WARN] access - GET /themes/default/assets/img/logo.png
[2018-09-14 14:51:24.296] [WARN] access - GET /themes/default/assets/js/jquery-2.2.1.min.js
[2018-09-14 14:51:37.020] [WARN] access - GET /xinjing
[2018-09-14 14:51:37.094] [WARN] access - GET /themes/default/assets/css/bootstrap.min.css
[2018-09-14 14:51:37.094] [WARN] access - GET /themes/default/assets/js/jquery-2.2.1.min.js
[2018-09-14 14:51:37.094] [WARN] access - GET /media/201809/5b9b5a17dbcc2460cd16478e/xinjing.jpg
[2018-09-14 14:51:37.095] [WARN] access - GET /themes/default/assets/css/main.css
[2018-09-14 14:51:37.095] [WARN] access - GET /themes/default/assets/img/logo.png
[2018-09-14 14:51:37.095] [WARN] access - GET /themes/default/assets/js/bootstrap.min.js
[2018-09-14 14:51:58.869] [WARN] access - GET /themes/default/assets/css/bootstrap.min.css
[2018-09-14 14:51:58.870] [WARN] access - GET /themes/default/assets/css/main.css
[2018-09-14 14:51:59.008] [INFO] access - GET /themes/default/assets/css/bootstrap.min.css.map
