[2018-10-19 16:15:40.811] [INFO] access - GET /admin
[2018-10-19 16:15:40.846] [INFO] access - GET /assets/admin/main.css
[2018-10-19 16:15:40.853] [INFO] access - GET /assets/admin/vendor.css
[2018-10-19 16:15:40.854] [INFO] access - GET /assets/admin/main.js
[2018-10-19 16:15:40.863] [INFO] access - GET /assets/admin/views.js
[2018-10-19 16:15:40.884] [INFO] access - GET /assets/admin/vendor.js
[2018-10-19 16:15:41.254] [INFO] access - GET /api/dashboard
[2018-10-19 16:15:41.257] [INFO] access - PUT /api/statistics
[2018-10-19 16:15:41.272] [INFO] access - GET /assets/admin/images/sponsor/weixin99.jpg
[2018-10-19 16:15:41.281] [INFO] access - GET /api/account
[2018-10-19 16:15:41.282] [INFO] access - GET /api/account
[2018-10-19 16:15:41.287] [INFO] access - GET /assets/admin/images/logo@2x.png
[2018-10-19 16:15:41.288] [INFO] access - GET /assets/admin/fonts/fontawesome-webfont.woff2?v=4.6.1
[2018-10-19 16:15:41.307] [INFO] access - GET /assets/admin/images/sponsor/weixin199.jpg
[2018-10-19 16:15:41.312] [INFO] access - GET /api/categories
[2018-10-19 16:15:41.313] [INFO] access - GET /assets/admin/images/sponsor/weixin499.jpg
[2018-10-19 16:15:41.314] [INFO] access - GET /assets/admin/images/sponsor/weixin999.jpg
[2018-10-19 16:15:41.314] [INFO] access - GET /assets/admin/images/sponsor/alipay199.jpg
[2018-10-19 16:15:41.315] [INFO] access - GET /assets/admin/images/sponsor/alipay99.jpg
[2018-10-19 16:15:41.317] [INFO] access - GET /assets/admin/images/sponsor/alipay499.jpg
[2018-10-19 16:15:41.325] [INFO] access - GET /assets/admin/images/sponsor/alipay999.jpg
[2018-10-19 16:18:48.147] [WARN] access - GET /api/dashboard
