[2018-09-16 19:57:32.891] [INFO] access - GET /manager/html
[2019-01-16 19:36:58.803] [INFO] access - GET /page/hm/
[2019-01-16 19:36:58.826] [INFO] access - GET /themes/default/assets/css/style.css
[2019-01-16 19:36:58.827] [INFO] access - GET /images/zfb.jpeg
[2019-01-16 19:36:58.829] [INFO] access - GET /images/xhq.png
[2019-01-16 19:36:58.987] [INFO] access - GET /themes/default/assets/js/clipboard.min.js
[2019-01-16 19:36:58.992] [INFO] access - GET /themes/default/assets/js/jquery-2.2.1.min.js
[2019-01-16 19:36:59.014] [INFO] access - GET /themes/default/assets/js/echarts.common.min.js
[2019-01-16 19:36:59.280] [INFO] access - GET /getmoney
[2019-01-16 19:36:59.281] [INFO] access - GET /heim
[2019-01-16 19:38:26.461] [INFO] access - GET /page/hm/
[2019-01-16 19:38:26.484] [INFO] access - GET /images/xhq.png
[2019-01-16 19:38:26.485] [INFO] access - GET /images/zfb.jpeg
[2019-01-16 19:38:26.486] [INFO] access - GET /themes/default/assets/css/style.css
[2019-01-16 19:38:26.631] [INFO] access - GET /themes/default/assets/js/clipboard.min.js
[2019-01-16 19:38:26.636] [INFO] access - GET /themes/default/assets/js/jquery-2.2.1.min.js
[2019-01-16 19:38:26.660] [INFO] access - GET /themes/default/assets/js/echarts.common.min.js
[2019-01-16 19:38:26.811] [INFO] access - GET /heim
[2019-01-16 19:38:26.812] [INFO] access - GET /getmoney
[2019-01-16 19:39:38.013] [INFO] access - GET /page/hm/
[2019-01-16 19:39:38.036] [INFO] access - GET /themes/default/assets/css/style.css
[2019-01-16 19:39:38.038] [INFO] access - GET /images/zfb.jpeg
[2019-01-16 19:39:38.039] [INFO] access - GET /images/xhq.png
[2019-01-16 19:39:38.183] [INFO] access - GET /themes/default/assets/js/clipboard.min.js
[2019-01-16 19:39:38.188] [INFO] access - GET /themes/default/assets/js/jquery-2.2.1.min.js
[2019-01-16 19:39:38.209] [INFO] access - GET /themes/default/assets/js/echarts.common.min.js
[2019-01-16 19:39:38.370] [INFO] access - GET /getmoney
[2019-01-16 19:39:38.371] [INFO] access - GET /heim
[2019-01-16 19:40:23.121] [INFO] access - GET /page/hm/
[2019-01-16 19:40:23.141] [INFO] access - GET /themes/default/assets/css/style.css
[2019-01-16 19:40:23.143] [INFO] access - GET /images/xhq.png
[2019-01-16 19:40:23.144] [INFO] access - GET /images/zfb.jpeg
[2019-01-16 19:40:23.292] [INFO] access - GET /themes/default/assets/js/clipboard.min.js
[2019-01-16 19:40:23.300] [INFO] access - GET /themes/default/assets/js/jquery-2.2.1.min.js
[2019-01-16 19:40:23.324] [INFO] access - GET /themes/default/assets/js/echarts.common.min.js
[2019-01-16 19:40:23.470] [INFO] access - GET /getmoney
[2019-01-16 19:40:23.472] [INFO] access - GET /heim
