[2018-09-14 15:10:59.643] [INFO] access - GET /xinjing
[2018-09-14 15:10:59.744] [INFO] access - GET /themes/default/assets/css/bootstrap.min.css
[2018-09-14 15:10:59.744] [INFO] access - GET /themes/default/assets/css/main.css
[2018-09-14 15:10:59.783] [INFO] access - GET /themes/default/assets/img/logo.png
[2018-09-14 15:10:59.797] [INFO] access - GET /themes/default/assets/js/bootstrap.min.js
[2018-09-14 15:10:59.805] [INFO] access - GET /themes/default/assets/js/jquery-2.2.1.min.js
[2018-09-14 15:11:00.007] [INFO] access - GET /media/201809/5b9b5a17dbcc2460cd16478e/xinjing.jpg
[2018-09-14 15:11:00.198] [INFO] access - GET /themes/default/assets/css/bootstrap.min.css.map
[2018-09-14 15:11:06.420] [WARN] access - GET /
[2018-09-14 15:11:06.488] [WARN] access - GET /themes/default/assets/css/main.css
[2018-09-14 15:11:06.488] [WARN] access - GET /themes/default/assets/js/jquery-2.2.1.min.js
[2018-09-14 15:11:06.488] [WARN] access - GET /themes/default/assets/css/bootstrap.min.css
[2018-09-14 15:11:06.489] [WARN] access - GET /themes/default/assets/js/bootstrap.min.js
[2018-09-14 15:11:06.489] [WARN] access - GET /themes/default/assets/img/logo.png
[2018-09-14 15:11:15.889] [WARN] access - GET /xinjing
[2018-09-14 15:11:15.957] [WARN] access - GET /media/201809/5b9b5a17dbcc2460cd16478e/xinjing.jpg
[2018-09-14 15:11:15.958] [WARN] access - GET /themes/default/assets/js/jquery-2.2.1.min.js
[2018-09-14 15:11:15.958] [WARN] access - GET /themes/default/assets/js/bootstrap.min.js
[2018-09-14 15:11:15.959] [WARN] access - GET /themes/default/assets/img/logo.png
[2018-09-14 15:11:15.959] [WARN] access - GET /themes/default/assets/css/main.css
[2018-09-14 15:11:15.959] [WARN] access - GET /themes/default/assets/css/bootstrap.min.css
[2018-09-14 15:11:16.871] [WARN] access - GET /
[2018-09-14 15:11:16.930] [WARN] access - GET /themes/default/assets/css/bootstrap.min.css
[2018-09-14 15:11:16.931] [WARN] access - GET /themes/default/assets/js/bootstrap.min.js
[2018-09-14 15:11:16.931] [WARN] access - GET /themes/default/assets/css/main.css
[2018-09-14 15:11:16.932] [WARN] access - GET /themes/default/assets/js/jquery-2.2.1.min.js
[2018-09-14 15:11:16.932] [WARN] access - GET /themes/default/assets/img/logo.png
[2018-09-14 15:11:56.814] [INFO] access - GET /xinjing/xin-jing
[2018-09-14 15:11:56.899] [WARN] access - GET /themes/default/assets/css/main.css
[2018-09-14 15:11:56.899] [WARN] access - GET /themes/default/assets/css/bootstrap.min.css
[2018-09-14 15:11:56.900] [WARN] access - GET /themes/default/assets/img/logo.png
[2018-09-14 15:11:56.900] [WARN] access - GET /themes/default/assets/js/bootstrap.min.js
[2018-09-14 15:11:56.900] [WARN] access - GET /themes/default/assets/js/jquery-2.2.1.min.js
[2018-09-14 15:13:19.604] [WARN] access - GET /themes/default/assets/css/bootstrap.min.css
[2018-09-14 15:13:19.605] [WARN] access - GET /themes/default/assets/css/main.css
[2018-09-14 15:13:19.744] [INFO] access - GET /themes/default/assets/css/bootstrap.min.css.map
[2018-09-14 15:14:53.767] [INFO] access - GET /xinjing/xin-jing
[2018-09-14 15:14:53.833] [INFO] access - GET /themes/default/assets/css/bootstrap.min.css
[2018-09-14 15:14:53.910] [INFO] access - GET /themes/default/assets/img/logo.png
[2018-09-14 15:14:53.914] [INFO] access - GET /themes/default/assets/css/main.css
[2018-09-14 15:14:53.919] [INFO] access - GET /themes/default/assets/js/bootstrap.min.js
[2018-09-14 15:14:53.920] [INFO] access - GET /themes/default/assets/js/jquery-2.2.1.min.js
[2018-09-14 15:14:54.048] [INFO] access - GET /themes/default/assets/css/bootstrap.min.css.map
[2018-09-14 15:19:57.489] [INFO] access - GET /xinjing/xin-jing
[2018-09-14 15:20:17.229] [INFO] access - GET /xinjing/xin-jing
[2018-09-14 15:20:19.330] [INFO] access - GET /themes/default/assets/css/bootstrap.min.css
[2018-09-14 15:20:19.330] [INFO] access - GET /themes/default/assets/css/main.css
[2018-09-14 15:20:19.366] [INFO] access - GET /themes/default/assets/js/jquery-2.2.1.min.js
[2018-09-14 15:20:19.368] [INFO] access - GET /themes/default/assets/js/bootstrap.min.js
[2018-09-14 15:20:19.546] [INFO] access - GET /themes/default/assets/img/logo.png
[2018-09-14 15:20:57.272] [INFO] access - GET /xinjing/xin-jing
[2018-09-14 15:20:57.869] [INFO] access - GET /themes/default/assets/js/jquery-2.2.1.min.js
[2018-09-14 15:20:58.262] [INFO] access - GET /themes/default/assets/js/bootstrap.min.js
[2018-09-14 15:29:02.405] [INFO] access - GET /xinjing/xin-jing?nsukey=KsIpD3T2BecHViRY7DymTbKiC7JuXpaV3NMvlIhrUtct2F0tKkrqza1uDTmxrTQfa2B4S3LTfMDvPMyz2FV6UtIQhjl2BSbC9ert5W6BvRGHiALNJUKDRpGPN0jdT0Rl2ZZ2BCFiXzXCGt1EiIKg23qGK9hu2rbUrQxFy6iMmBMxux8rnBLm64b5VrEpIP4uXBwFCVHPjS2F0x2Fa7SLsXpn3ZzpVQ3D3D
[2018-09-14 15:29:02.511] [INFO] access - GET /themes/default/assets/css/main.css
[2018-09-14 15:29:02.511] [INFO] access - GET /themes/default/assets/js/bootstrap.min.js
[2018-09-14 15:29:02.525] [INFO] access - GET /themes/default/assets/js/jquery-2.2.1.min.js
[2018-09-14 15:29:02.526] [INFO] access - GET /themes/default/assets/css/bootstrap.min.css
[2018-09-14 15:29:02.684] [INFO] access - GET /themes/default/assets/img/logo.png
[2018-09-14 15:29:02.982] [INFO] access - GET /themes/default/assets/img/logo.png
[2018-09-14 15:29:14.247] [INFO] access - GET /xinjing/xin-jing?nsukey=KsIpD3T2BecHViRY7DymTbKiC7JuXpaV3NMvlIhrUtct2F0tKkrqza1uDTmxrTQfa2B4S3LTfMDvPMyz2FV6UtIQhjl2BSbC9ert5W6BvRGHiALNJUKDRpGPN0jdT0Rl2ZZ2BCFiXzXCGt1EiIKg23qGK9hu2rbUrQxFy6iMmBMxux8rnBLm64b5VrEpIP4uXBwFCVHPjS2F0x2Fa7SLsXpn3ZzpVQ3D3D
[2018-09-14 15:29:14.385] [INFO] access - GET /themes/default/assets/img/logo.png
[2018-09-14 15:29:14.656] [INFO] access - GET /themes/default/assets/img/logo.png
[2018-09-14 15:29:18.238] [INFO] access - GET /xinjing/xin-jing?nsukey=KsIpD3T2BecHViRY7DymTbKiC7JuXpaV3NMvlIhrUtct2F0tKkrqza1uDTmxrTQfa2B4S3LTfMDvPMyz2FV6UtIQhjl2BSbC9ert5W6BvRGHiALNJUKDRpGPN0jdT0Rl2ZZ2BCFiXzXCGt1EiIKg23qGK9hu2rbUrQxFy6iMmBMxux8rnBLm64b5VrEpIP4uXBwFCVHPjS2F0x2Fa7SLsXpn3ZzpVQ3D3D
[2018-09-14 15:29:18.400] [INFO] access - GET /themes/default/assets/js/bootstrap.min.js
[2018-09-14 15:29:18.422] [INFO] access - GET /themes/default/assets/css/main.css
[2018-09-14 15:29:18.426] [INFO] access - GET /themes/default/assets/js/jquery-2.2.1.min.js
[2018-09-14 15:29:18.427] [INFO] access - GET /themes/default/assets/css/bootstrap.min.css
[2018-09-14 15:29:18.509] [INFO] access - GET /themes/default/assets/img/logo.png
[2018-09-14 15:29:52.218] [INFO] access - GET /xinjing
[2018-09-14 15:29:52.372] [WARN] access - GET /themes/default/assets/js/jquery-2.2.1.min.js
[2018-09-14 15:29:52.400] [WARN] access - GET /themes/default/assets/css/bootstrap.min.css
[2018-09-14 15:29:52.408] [WARN] access - GET /themes/default/assets/css/main.css
[2018-09-14 15:29:52.417] [WARN] access - GET /themes/default/assets/js/bootstrap.min.js
[2018-09-14 15:29:52.449] [WARN] access - GET /themes/default/assets/img/logo.png
[2018-09-14 15:29:52.581] [INFO] access - GET /media/201809/5b9b5a17dbcc2460cd16478e/xinjing.jpg
[2018-09-14 15:29:55.181] [INFO] access - GET /
[2018-09-14 15:29:55.259] [WARN] access - GET /themes/default/assets/css/bootstrap.min.css
[2018-09-14 15:29:55.263] [WARN] access - GET /themes/default/assets/css/main.css
[2018-09-14 15:29:55.266] [WARN] access - GET /themes/default/assets/js/jquery-2.2.1.min.js
[2018-09-14 15:29:55.270] [WARN] access - GET /themes/default/assets/js/bootstrap.min.js
[2018-09-14 15:29:55.304] [WARN] access - GET /themes/default/assets/img/logo.png
[2018-09-14 15:29:57.505] [WARN] access - GET /
[2018-09-14 15:29:57.578] [WARN] access - GET /themes/default/assets/css/bootstrap.min.css
[2018-09-14 15:29:57.581] [WARN] access - GET /themes/default/assets/css/main.css
[2018-09-14 15:29:57.582] [WARN] access - GET /themes/default/assets/js/jquery-2.2.1.min.js
[2018-09-14 15:29:57.586] [WARN] access - GET /themes/default/assets/img/logo.png
[2018-09-14 15:29:57.622] [WARN] access - GET /themes/default/assets/js/bootstrap.min.js
[2018-09-14 15:30:02.148] [INFO] access - GET /xinjing/xin-jing?nsukey=KsIpD3T%2BecHViRY7DymTbKiC7JuXpaV3NMvlIhrUtct%2F0tKkrqza1uDTmxrTQfa%2B4S3LTfMDvPMyz%2FV6UtIQhjl%2BSbC9ert5W6BvRGHiALNJUKDRpGPN0jdT0Rl2ZZ%2BCFiXzXCGt1EiIKg23qGK9hu2rbUrQxFy6iMmBMxux8rnBLm64b5VrEpIP4uXBwFCVHPjS%2F0x%2Fa7SLsXpn3ZzpVQ%3D%3D
[2018-09-14 15:30:03.149] [INFO] access - GET /themes/default/assets/js/jquery-2.2.1.min.js
[2018-09-14 15:30:03.493] [INFO] access - GET /themes/default/assets/js/bootstrap.min.js
[2018-09-14 15:30:18.186] [INFO] access - GET /xinjing/xin-jing?nsukey=KsIpD3T2BecHViRY7DymTbKiC7JuXpaV3NMvlIhrUtct2F0tKkrqza1uDTmxrTQfa2B4S3LTfMDvPMyz2FV6UtIQhjl2BSbC9ert5W6BvRGHiALNJUKDRpGPN0jdT0Rl2ZZ2BCFiXzXCGt1EiIKg23qGK9hu2rbUrQxFy6iMmBMxux8rnBLm64b5VrEpIP4uXBwFCVHPjS2F0x2Fa7SLsXpn3ZzpVQ3D3D
[2018-09-14 15:30:20.254] [INFO] access - GET /themes/default/assets/js/jquery-2.2.1.min.js
[2018-09-14 15:30:21.145] [INFO] access - GET /themes/default/assets/js/bootstrap.min.js
[2018-09-14 15:55:26.744] [INFO] access - GET /
[2018-09-14 15:55:26.849] [INFO] access - GET /themes/default/assets/css/bootstrap.min.css
[2018-09-14 15:55:26.881] [INFO] access - GET /themes/default/assets/css/main.css
[2018-09-14 15:55:26.893] [INFO] access - GET /themes/default/assets/img/logo.png
[2018-09-14 15:55:26.899] [INFO] access - GET /themes/default/assets/js/bootstrap.min.js
[2018-09-14 15:55:26.901] [INFO] access - GET /themes/default/assets/js/jquery-2.2.1.min.js
[2018-09-14 15:55:27.119] [INFO] access - GET /themes/default/assets/css/bootstrap.min.css.map
