[2018-09-18 15:15:17.579] [INFO] access - GET http://www.baidu.com/cache/global/img/gs.gif
[2018-09-18 15:23:26.513] [INFO] access - GET /
[2018-09-18 15:23:26.626] [INFO] access - GET /themes/default/assets/css/main.css
[2018-09-18 15:23:26.637] [INFO] access - GET /themes/default/assets/css/bootstrap.min.css
[2018-09-18 15:23:26.653] [INFO] access - GET /themes/default/assets/img/logo.png
[2018-09-18 15:23:26.655] [INFO] access - GET /themes/default/assets/js/bootstrap.min.js
[2018-09-18 15:23:26.669] [INFO] access - GET /themes/default/assets/js/jquery-2.2.1.min.js
[2018-09-18 15:23:53.522] [WARN] access - GET /
[2018-09-18 15:23:53.635] [WARN] access - GET /themes/default/assets/css/bootstrap.min.css
[2018-09-18 15:23:53.636] [WARN] access - GET /themes/default/assets/css/main.css
[2018-09-18 15:23:53.636] [WARN] access - GET /themes/default/assets/js/jquery-2.2.1.min.js
[2018-09-18 15:23:53.636] [WARN] access - GET /themes/default/assets/img/logo.png
[2018-09-18 15:23:53.637] [WARN] access - GET /themes/default/assets/js/bootstrap.min.js
[2018-09-18 15:23:58.925] [INFO] access - GET /xinjing/xin-jing
[2018-09-18 15:23:58.986] [WARN] access - GET /themes/default/assets/css/main.css
[2018-09-18 15:23:58.986] [WARN] access - GET /themes/default/assets/css/bootstrap.min.css
[2018-09-18 15:23:58.987] [WARN] access - GET /themes/default/assets/js/jquery-2.2.1.min.js
[2018-09-18 15:23:58.987] [WARN] access - GET /themes/default/assets/js/bootstrap.min.js
[2018-09-18 15:23:59.010] [WARN] access - GET /themes/default/assets/img/logo.png
[2018-09-18 15:30:52.187] [INFO] access - GET /
[2018-09-18 15:30:52.362] [INFO] access - GET /themes/default/assets/css/bootstrap.min.css
[2018-09-18 15:30:52.365] [WARN] access - GET /themes/default/assets/js/jquery-2.2.1.min.js
[2018-09-18 15:30:52.401] [WARN] access - GET /themes/default/assets/js/bootstrap.min.js
[2018-09-18 15:30:52.415] [INFO] access - GET /themes/default/assets/css/main.css
[2018-09-18 15:30:52.416] [INFO] access - GET /themes/default/assets/img/logo.png
[2018-09-18 15:40:31.665] [WARN] access - GET /
[2018-09-18 15:40:31.794] [WARN] access - GET /themes/default/assets/css/bootstrap.min.css
[2018-09-18 15:40:31.794] [WARN] access - GET /themes/default/assets/css/main.css
[2018-09-18 15:40:31.840] [WARN] access - GET /themes/default/assets/js/jquery-2.2.1.min.js
[2018-09-18 15:40:31.841] [WARN] access - GET /themes/default/assets/js/bootstrap.min.js
[2018-09-18 15:40:31.842] [WARN] access - GET /themes/default/assets/img/logo.png
[2018-09-18 15:40:33.713] [WARN] access - GET /
[2018-09-18 15:40:33.834] [WARN] access - GET /themes/default/assets/img/logo.png
[2018-09-18 15:40:33.835] [WARN] access - GET /themes/default/assets/js/jquery-2.2.1.min.js
[2018-09-18 15:40:33.835] [WARN] access - GET /themes/default/assets/css/main.css
[2018-09-18 15:40:33.836] [WARN] access - GET /themes/default/assets/js/bootstrap.min.js
[2018-09-18 15:40:33.836] [WARN] access - GET /themes/default/assets/css/bootstrap.min.css
[2018-09-18 15:41:57.561] [INFO] access - GET /
[2018-09-18 15:41:57.762] [WARN] access - GET /themes/default/assets/css/bootstrap.min.css
[2018-09-18 15:41:57.802] [WARN] access - GET /themes/default/assets/js/bootstrap.min.js
[2018-09-18 15:41:57.828] [WARN] access - GET /themes/default/assets/js/jquery-2.2.1.min.js
[2018-09-18 15:41:57.830] [INFO] access - GET /themes/default/assets/img/logo.png
[2018-09-18 15:41:57.831] [INFO] access - GET /themes/default/assets/css/main.css
