[2018-09-17 14:15:22.993] [WARN] access - GET /
[2018-09-17 14:15:23.181] [WARN] access - GET /themes/default/assets/css/bootstrap.min.css
[2018-09-17 14:15:23.182] [WARN] access - GET /themes/default/assets/css/main.css
[2018-09-17 14:15:23.376] [WARN] access - GET /themes/default/assets/js/jquery-2.2.1.min.js
[2018-09-17 14:15:23.376] [WARN] access - GET /themes/default/assets/js/bootstrap.min.js
[2018-09-17 14:15:23.426] [WARN] access - GET /themes/default/assets/img/logo.png
[2018-09-17 14:15:40.538] [INFO] access - GET /admin/
[2018-09-17 14:15:40.728] [INFO] access - GET /assets/admin/vendor.css
[2018-09-17 14:15:40.755] [INFO] access - GET /assets/admin/main.css
[2018-09-17 14:15:40.770] [WARN] access - GET /assets/admin/vendor.js
[2018-09-17 14:15:40.800] [WARN] access - GET /assets/admin/views.js
[2018-09-17 14:15:40.801] [WARN] access - GET /assets/admin/main.js
[2018-09-17 14:15:41.281] [INFO] access - PUT /api/statistics
[2018-09-17 14:15:41.425] [INFO] access - GET /assets/admin/images/sponsor/weixin99.jpg
[2018-09-17 14:15:41.426] [INFO] access - GET /api/account
[2018-09-17 14:15:41.427] [INFO] access - GET /api/categories
[2018-09-17 14:15:41.428] [INFO] access - GET /api/dashboard
[2018-09-17 14:15:41.441] [INFO] access - GET /assets/admin/fonts/fontawesome-webfont.woff2?v=4.6.1
[2018-09-17 14:15:41.443] [INFO] access - GET /assets/admin/images/logo@2x.png
[2018-09-17 14:15:41.659] [INFO] access - GET /assets/admin/images/sponsor/weixin199.jpg
[2018-09-17 14:15:41.660] [WARN] access - GET /api/account
[2018-09-17 14:15:41.677] [INFO] access - GET /assets/admin/images/sponsor/weixin999.jpg
[2018-09-17 14:15:41.678] [INFO] access - GET /assets/admin/images/sponsor/weixin499.jpg
[2018-09-17 14:15:41.681] [INFO] access - GET /assets/admin/images/sponsor/alipay99.jpg
[2018-09-17 14:15:41.737] [INFO] access - GET /assets/admin/images/sponsor/alipay199.jpg
[2018-09-17 14:15:41.766] [INFO] access - GET /assets/admin/images/sponsor/alipay499.jpg
[2018-09-17 14:15:41.791] [INFO] access - GET /assets/admin/images/sponsor/alipay999.jpg
[2018-09-17 14:15:46.474] [INFO] access - PUT /api/account/sign-out
[2018-09-17 14:15:46.531] [INFO] access - GET /api/install
[2018-09-17 14:15:46.610] [INFO] access - GET /assets/admin/images/logo-lg@2x.png
[2018-09-17 14:15:57.939] [ERROR] access - PUT /api/account/sign-in
[2018-09-17 14:16:11.373] [INFO] access - PUT /api/account/sign-in
[2018-09-17 14:16:11.536] [INFO] access - PUT /api/statistics
[2018-09-17 14:16:11.589] [WARN] access - GET /assets/admin/images/sponsor/weixin199.jpg
[2018-09-17 14:16:11.720] [WARN] access - GET /api/account
[2018-09-17 14:16:11.720] [WARN] access - GET /api/categories
[2018-09-17 14:16:11.721] [WARN] access - GET /api/dashboard
[2018-09-17 14:16:11.721] [WARN] access - GET /assets/admin/images/sponsor/weixin499.jpg
[2018-09-17 14:16:11.733] [WARN] access - GET /assets/admin/images/sponsor/weixin999.jpg
[2018-09-17 14:16:11.801] [WARN] access - GET /assets/admin/images/sponsor/alipay199.jpg
[2018-09-17 14:16:11.801] [WARN] access - GET /assets/admin/images/sponsor/alipay999.jpg
[2018-09-17 14:16:11.801] [WARN] access - GET /assets/admin/images/sponsor/alipay499.jpg
[2018-09-17 14:16:11.827] [WARN] access - GET /api/account
[2018-09-17 14:16:23.611] [INFO] access - GET /api/features
[2018-09-17 14:16:23.636] [INFO] access - GET /api/models?type=feature
[2018-09-17 14:16:26.552] [INFO] access - GET /api/categories/5b9b57f8dbcc2460cd16478d
[2018-09-17 14:16:26.708] [INFO] access - GET /api/contents?_id=5b9b57f8dbcc2460cd16478d&currentPage=1&deleted=false&pageSize=20
[2018-09-17 14:16:26.781] [WARN] access - GET /api/contents?_id=5b9b57f8dbcc2460cd16478d&currentPage=1&deleted=false&pageSize=20
[2018-09-17 14:16:26.842] [INFO] access - GET /media/201809/5b9b5a17dbcc2460cd16478e/xinjing.jpg
[2018-09-17 14:16:30.649] [INFO] access - GET /api/media?currentPage=1&pageSize=20
[2018-09-17 14:16:36.104] [INFO] access - GET /api/site-info
[2018-09-17 14:17:01.158] [WARN] access - GET /
[2018-09-17 14:17:01.293] [WARN] access - GET /themes/default/assets/js/jquery-2.2.1.min.js
[2018-09-17 14:17:01.294] [WARN] access - GET /themes/default/assets/js/bootstrap.min.js
[2018-09-17 14:17:01.294] [WARN] access - GET /themes/default/assets/css/bootstrap.min.css
[2018-09-17 14:17:01.294] [WARN] access - GET /themes/default/assets/css/main.css
[2018-09-17 14:17:01.295] [WARN] access - GET /themes/default/assets/img/logo.png
[2018-09-17 14:17:05.607] [WARN] access - GET /
[2018-09-17 14:17:05.782] [WARN] access - GET /themes/default/assets/css/bootstrap.min.css
[2018-09-17 14:17:05.782] [WARN] access - GET /themes/default/assets/css/main.css
[2018-09-17 14:17:05.783] [WARN] access - GET /themes/default/assets/js/bootstrap.min.js
[2018-09-17 14:17:05.783] [WARN] access - GET /themes/default/assets/img/logo.png
[2018-09-17 14:17:05.783] [WARN] access - GET /themes/default/assets/js/jquery-2.2.1.min.js
[2018-09-17 14:27:41.320] [INFO] access - GET /
[2018-09-17 14:38:11.724] [INFO] access - GET /
[2018-09-17 14:41:23.780] [INFO] access - GET /
[2018-09-17 14:41:24.416] [INFO] access - GET /robots.txt
[2018-09-17 14:41:25.059] [INFO] access - GET /sitemap.xml
[2018-09-17 14:41:25.799] [INFO] access - GET /.well-known/security.txt
[2018-09-17 14:42:50.041] [INFO] access - GET /
[2018-09-17 14:42:51.782] [INFO] access - GET /robots.txt
[2018-09-17 14:42:52.497] [INFO] access - GET /sitemap.xml
[2018-09-17 14:42:53.379] [INFO] access - GET /
[2018-09-17 14:42:54.480] [INFO] access - GET /xinjing
[2018-09-17 14:42:55.719] [INFO] access - GET /xinjing/xin-jing
[2018-09-17 14:42:57.046] [INFO] access - GET /ads.txt
[2018-09-17 14:42:57.923] [INFO] access - GET /
[2018-09-17 14:49:38.070] [WARN] access - GET /
[2018-09-17 14:49:38.202] [WARN] access - GET /themes/default/assets/css/main.css
[2018-09-17 14:49:38.203] [WARN] access - GET /themes/default/assets/css/bootstrap.min.css
[2018-09-17 14:49:38.259] [WARN] access - GET /themes/default/assets/js/jquery-2.2.1.min.js
[2018-09-17 14:49:38.260] [WARN] access - GET /themes/default/assets/img/logo.png
[2018-09-17 14:49:38.260] [WARN] access - GET /themes/default/assets/js/bootstrap.min.js
[2018-09-17 14:49:44.112] [WARN] access - GET /admin/
[2018-09-17 14:49:44.179] [WARN] access - GET /assets/admin/vendor.css
[2018-09-17 14:49:44.179] [WARN] access - GET /assets/admin/main.css
[2018-09-17 14:49:44.205] [WARN] access - GET /assets/admin/vendor.js
[2018-09-17 14:49:44.205] [WARN] access - GET /assets/admin/main.js
[2018-09-17 14:49:44.205] [WARN] access - GET /assets/admin/views.js
[2018-09-17 14:49:44.505] [INFO] access - PUT /api/statistics
[2018-09-17 14:49:44.641] [WARN] access - GET /assets/admin/images/sponsor/weixin99.jpg
[2018-09-17 14:49:44.667] [WARN] access - GET /api/categories
[2018-09-17 14:49:44.668] [WARN] access - GET /api/account
[2018-09-17 14:49:44.670] [INFO] access - GET /api/dashboard
[2018-09-17 14:49:44.671] [WARN] access - GET /assets/admin/images/logo@2x.png
[2018-09-17 14:49:44.671] [WARN] access - GET /assets/admin/fonts/fontawesome-webfont.woff2?v=4.6.1
[2018-09-17 14:49:44.723] [WARN] access - GET /assets/admin/images/sponsor/weixin199.jpg
[2018-09-17 14:49:44.723] [WARN] access - GET /assets/admin/images/sponsor/weixin499.jpg
[2018-09-17 14:49:44.737] [WARN] access - GET /assets/admin/images/sponsor/weixin999.jpg
[2018-09-17 14:49:44.763] [WARN] access - GET /api/account
[2018-09-17 14:49:44.765] [WARN] access - GET /assets/admin/images/sponsor/alipay99.jpg
[2018-09-17 14:49:44.765] [WARN] access - GET /assets/admin/images/sponsor/alipay199.jpg
[2018-09-17 14:49:44.780] [WARN] access - GET /assets/admin/images/sponsor/alipay499.jpg
[2018-09-17 14:49:44.780] [WARN] access - GET /assets/admin/images/sponsor/alipay999.jpg
[2018-09-17 14:49:47.740] [WARN] access - GET /api/site-info
[2018-09-17 14:50:05.926] [INFO] access - PUT /api/site-info
[2018-09-17 14:50:09.927] [INFO] access - PUT /api/site-info
[2018-09-17 14:50:24.843] [INFO] access - GET /
[2018-09-17 14:50:24.973] [WARN] access - GET /themes/default/assets/css/bootstrap.min.css
[2018-09-17 14:50:24.974] [WARN] access - GET /themes/default/assets/css/main.css
[2018-09-17 14:50:24.974] [WARN] access - GET /themes/default/assets/js/bootstrap.min.js
[2018-09-17 14:50:24.974] [WARN] access - GET /themes/default/assets/js/jquery-2.2.1.min.js
[2018-09-17 14:50:24.975] [WARN] access - GET /themes/default/assets/img/logo.png
