[2018-10-19 14:26:41.556] [INFO] access - GET /
[2018-10-19 14:26:41.588] [INFO] access - GET /themes/default/assets/css/main.css
[2018-10-19 14:26:41.589] [INFO] access - GET /themes/default/assets/img/logo.png
[2018-10-19 14:26:41.591] [INFO] access - GET /themes/default/assets/css/bootstrap.min.css
[2018-10-19 14:26:41.592] [INFO] access - GET /themes/default/assets/js/bootstrap.min.js
[2018-10-19 14:26:41.593] [INFO] access - GET /themes/default/assets/js/jquery-2.2.1.min.js
[2018-10-19 14:36:44.531] [INFO] access - GET /admin
[2018-10-19 14:36:44.549] [INFO] access - GET /assets/admin/main.css
[2018-10-19 14:36:44.554] [INFO] access - GET /assets/admin/main.js
[2018-10-19 14:36:44.555] [INFO] access - GET /assets/admin/vendor.css
[2018-10-19 14:36:44.555] [INFO] access - GET /assets/admin/views.js
[2018-10-19 14:36:44.580] [INFO] access - GET /assets/admin/vendor.js
[2018-10-19 14:36:44.717] [INFO] access - GET /api/install
[2018-10-19 14:36:44.754] [INFO] access - GET /assets/admin/fonts/fontawesome-webfont.woff2?v=4.6.1
[2018-10-19 14:36:44.756] [INFO] access - GET /assets/admin/images/logo-lg@2x.png
[2018-10-19 14:36:51.706] [INFO] access - PUT /api/account/sign-in
[2018-10-19 14:36:51.760] [INFO] access - PUT /api/statistics
[2018-10-19 14:36:51.773] [INFO] access - GET /api/dashboard
[2018-10-19 14:36:51.786] [INFO] access - GET /api/account
[2018-10-19 14:36:51.787] [INFO] access - GET /assets/admin/images/sponsor/weixin99.jpg
[2018-10-19 14:36:51.787] [INFO] access - GET /assets/admin/images/sponsor/weixin199.jpg
[2018-10-19 14:36:51.797] [INFO] access - GET /assets/admin/images/logo@2x.png
[2018-10-19 14:36:51.800] [INFO] access - GET /api/categories
[2018-10-19 14:36:51.804] [WARN] access - GET /api/account
[2018-10-19 14:36:51.809] [INFO] access - GET /assets/admin/images/sponsor/weixin499.jpg
[2018-10-19 14:36:51.813] [INFO] access - GET /assets/admin/images/sponsor/weixin999.jpg
[2018-10-19 14:36:51.814] [INFO] access - GET /assets/admin/images/sponsor/alipay99.jpg
[2018-10-19 14:36:51.816] [INFO] access - GET /assets/admin/images/sponsor/alipay499.jpg
[2018-10-19 14:36:51.816] [INFO] access - GET /assets/admin/images/sponsor/alipay199.jpg
[2018-10-19 14:36:51.817] [INFO] access - GET /assets/admin/images/sponsor/alipay999.jpg
[2018-10-19 14:36:57.788] [WARN] access - GET /assets/admin/main.css
[2018-10-19 14:36:57.788] [WARN] access - GET /assets/admin/vendor.css
[2018-10-19 14:37:33.518] [INFO] access - GET /admin
[2018-10-19 14:37:33.550] [INFO] access - GET /assets/admin/main.css
[2018-10-19 14:37:33.557] [INFO] access - GET /assets/admin/vendor.css
[2018-10-19 14:37:33.562] [INFO] access - GET /assets/admin/views.js
[2018-10-19 14:37:33.563] [INFO] access - GET /assets/admin/main.js
[2018-10-19 14:37:33.587] [INFO] access - GET /assets/admin/vendor.js
[2018-10-19 14:37:33.870] [INFO] access - PUT /api/statistics
[2018-10-19 14:37:33.875] [INFO] access - GET /api/dashboard
[2018-10-19 14:37:33.880] [INFO] access - GET /api/account
[2018-10-19 14:37:33.880] [INFO] access - GET /api/account
[2018-10-19 14:37:33.885] [INFO] access - GET /assets/admin/images/sponsor/weixin199.jpg
[2018-10-19 14:37:33.886] [INFO] access - GET /api/categories
[2018-10-19 14:37:33.887] [INFO] access - GET /assets/admin/images/sponsor/weixin99.jpg
[2018-10-19 14:37:33.887] [INFO] access - GET /assets/admin/images/sponsor/weixin499.jpg
[2018-10-19 14:37:33.889] [INFO] access - GET /assets/admin/images/sponsor/weixin999.jpg
[2018-10-19 14:37:33.890] [INFO] access - GET /assets/admin/fonts/fontawesome-webfont.woff2?v=4.6.1
[2018-10-19 14:37:33.901] [INFO] access - GET /assets/admin/images/sponsor/alipay499.jpg
[2018-10-19 14:37:33.901] [INFO] access - GET /assets/admin/images/sponsor/alipay199.jpg
[2018-10-19 14:37:33.902] [INFO] access - GET /assets/admin/images/sponsor/alipay99.jpg
[2018-10-19 14:37:33.903] [INFO] access - GET /assets/admin/images/sponsor/alipay999.jpg
[2018-10-19 14:37:33.904] [INFO] access - GET /assets/admin/images/logo@2x.png
[2018-10-19 14:37:38.830] [INFO] access - GET /admin
[2018-10-19 14:37:38.866] [INFO] access - GET /assets/admin/main.css
[2018-10-19 14:37:38.869] [INFO] access - GET /assets/admin/vendor.css
[2018-10-19 14:37:38.872] [INFO] access - GET /assets/admin/main.js
[2018-10-19 14:37:38.881] [INFO] access - GET /assets/admin/views.js
[2018-10-19 14:37:38.897] [INFO] access - GET /assets/admin/vendor.js
[2018-10-19 14:37:39.141] [INFO] access - PUT /api/statistics
[2018-10-19 14:37:39.146] [INFO] access - GET /api/dashboard
[2018-10-19 14:37:39.150] [INFO] access - GET /api/account
[2018-10-19 14:37:39.150] [INFO] access - GET /api/account
[2018-10-19 14:37:39.156] [INFO] access - GET /api/categories
[2018-10-19 14:37:39.158] [INFO] access - GET /assets/admin/images/sponsor/weixin99.jpg
[2018-10-19 14:37:39.158] [INFO] access - GET /assets/admin/images/sponsor/weixin199.jpg
[2018-10-19 14:37:39.161] [INFO] access - GET /assets/admin/images/sponsor/weixin499.jpg
[2018-10-19 14:37:39.162] [INFO] access - GET /assets/admin/images/sponsor/weixin999.jpg
[2018-10-19 14:37:39.164] [INFO] access - GET /assets/admin/fonts/fontawesome-webfont.woff2?v=4.6.1
[2018-10-19 14:37:39.169] [INFO] access - GET /assets/admin/images/sponsor/alipay99.jpg
[2018-10-19 14:37:39.170] [INFO] access - GET /assets/admin/images/sponsor/alipay199.jpg
[2018-10-19 14:37:39.171] [INFO] access - GET /assets/admin/images/sponsor/alipay499.jpg
[2018-10-19 14:37:39.171] [INFO] access - GET /assets/admin/images/sponsor/alipay999.jpg
[2018-10-19 14:37:39.172] [INFO] access - GET /assets/admin/images/logo@2x.png
[2018-10-19 14:43:26.259] [INFO] access - GET /admin
[2018-10-19 14:43:26.292] [INFO] access - GET /assets/admin/main.css
[2018-10-19 14:43:26.295] [INFO] access - GET /assets/admin/vendor.css
[2018-10-19 14:43:26.309] [INFO] access - GET /assets/admin/main.js
[2018-10-19 14:43:26.310] [INFO] access - GET /assets/admin/views.js
[2018-10-19 14:43:26.324] [INFO] access - GET /assets/admin/vendor.js
[2018-10-19 14:43:26.597] [INFO] access - PUT /api/statistics
[2018-10-19 14:43:26.601] [INFO] access - GET /api/dashboard
[2018-10-19 14:43:26.607] [INFO] access - GET /api/account
[2018-10-19 14:43:26.609] [INFO] access - GET /api/account
[2018-10-19 14:43:26.611] [INFO] access - GET /api/categories
[2018-10-19 14:43:26.620] [INFO] access - GET /assets/admin/images/sponsor/weixin199.jpg
[2018-10-19 14:43:26.622] [INFO] access - GET /assets/admin/images/sponsor/weixin999.jpg
[2018-10-19 14:43:26.622] [INFO] access - GET /assets/admin/images/sponsor/weixin99.jpg
[2018-10-19 14:43:26.624] [INFO] access - GET /assets/admin/images/sponsor/weixin499.jpg
[2018-10-19 14:43:26.626] [INFO] access - GET /assets/admin/images/sponsor/alipay99.jpg
[2018-10-19 14:43:26.627] [INFO] access - GET /assets/admin/images/sponsor/alipay199.jpg
[2018-10-19 14:43:26.631] [INFO] access - GET /assets/admin/fonts/fontawesome-webfont.woff2?v=4.6.1
[2018-10-19 14:43:26.631] [INFO] access - GET /assets/admin/images/sponsor/alipay499.jpg
[2018-10-19 14:43:26.633] [INFO] access - GET /assets/admin/images/sponsor/alipay999.jpg
[2018-10-19 14:43:26.634] [INFO] access - GET /assets/admin/images/logo@2x.png
[2018-10-19 14:44:02.587] [INFO] access - GET /admin
[2018-10-19 14:44:02.624] [INFO] access - GET /assets/admin/main.css
[2018-10-19 14:44:02.628] [INFO] access - GET /assets/admin/vendor.css
[2018-10-19 14:44:02.629] [INFO] access - GET /assets/admin/main.js
[2018-10-19 14:44:02.630] [INFO] access - GET /assets/admin/views.js
[2018-10-19 14:44:02.653] [INFO] access - GET /assets/admin/vendor.js
[2018-10-19 14:44:02.953] [INFO] access - PUT /api/statistics
[2018-10-19 14:44:02.958] [INFO] access - GET /api/dashboard
[2018-10-19 14:44:02.964] [INFO] access - GET /api/account
[2018-10-19 14:44:02.965] [INFO] access - GET /assets/admin/images/sponsor/weixin99.jpg
[2018-10-19 14:44:02.966] [INFO] access - GET /api/account
[2018-10-19 14:44:02.974] [INFO] access - GET /assets/admin/fonts/fontawesome-webfont.woff2?v=4.6.1
[2018-10-19 14:44:02.975] [INFO] access - GET /assets/admin/images/logo@2x.png
[2018-10-19 14:44:02.979] [INFO] access - GET /assets/admin/images/sponsor/weixin199.jpg
[2018-10-19 14:44:02.982] [INFO] access - GET /api/categories
[2018-10-19 14:44:02.983] [INFO] access - GET /assets/admin/images/sponsor/weixin499.jpg
[2018-10-19 14:44:02.983] [INFO] access - GET /assets/admin/images/sponsor/weixin999.jpg
[2018-10-19 14:44:02.987] [INFO] access - GET /assets/admin/images/sponsor/alipay99.jpg
[2018-10-19 14:44:02.988] [INFO] access - GET /assets/admin/images/sponsor/alipay199.jpg
[2018-10-19 14:44:02.988] [INFO] access - GET /assets/admin/images/sponsor/alipay499.jpg
[2018-10-19 14:44:02.991] [INFO] access - GET /assets/admin/images/sponsor/alipay999.jpg
[2018-10-19 14:44:46.491] [INFO] access - GET /admin
[2018-10-19 14:44:46.527] [INFO] access - GET /assets/admin/main.css
[2018-10-19 14:44:46.536] [INFO] access - GET /assets/admin/views.js
[2018-10-19 14:44:46.536] [INFO] access - GET /assets/admin/vendor.css
[2018-10-19 14:44:46.537] [INFO] access - GET /assets/admin/main.js
[2018-10-19 14:44:46.560] [INFO] access - GET /assets/admin/vendor.js
[2018-10-19 14:44:46.815] [INFO] access - PUT /api/statistics
[2018-10-19 14:44:46.823] [INFO] access - GET /api/dashboard
[2018-10-19 14:44:46.831] [INFO] access - GET /api/account
[2018-10-19 14:44:46.831] [INFO] access - GET /api/account
[2018-10-19 14:44:46.832] [INFO] access - GET /assets/admin/images/sponsor/weixin99.jpg
[2018-10-19 14:44:46.833] [INFO] access - GET /api/categories
[2018-10-19 14:44:46.833] [INFO] access - GET /assets/admin/images/sponsor/weixin199.jpg
[2018-10-19 14:44:46.835] [INFO] access - GET /assets/admin/fonts/fontawesome-webfont.woff2?v=4.6.1
[2018-10-19 14:44:46.839] [INFO] access - GET /assets/admin/images/sponsor/weixin499.jpg
[2018-10-19 14:44:46.844] [INFO] access - GET /assets/admin/images/sponsor/weixin999.jpg
[2018-10-19 14:44:46.846] [INFO] access - GET /assets/admin/images/sponsor/alipay99.jpg
[2018-10-19 14:44:46.850] [INFO] access - GET /assets/admin/images/sponsor/alipay199.jpg
[2018-10-19 14:44:46.852] [INFO] access - GET /assets/admin/images/sponsor/alipay499.jpg
[2018-10-19 14:44:46.853] [INFO] access - GET /assets/admin/images/sponsor/alipay999.jpg
[2018-10-19 14:44:46.853] [INFO] access - GET /assets/admin/images/logo@2x.png
[2018-10-19 14:49:43.226] [INFO] access - GET /admin
[2018-10-19 14:49:43.258] [INFO] access - GET /assets/admin/main.css
[2018-10-19 14:49:43.262] [INFO] access - GET /assets/admin/vendor.css
[2018-10-19 14:49:43.264] [INFO] access - GET /assets/admin/main.js
[2018-10-19 14:49:43.265] [INFO] access - GET /assets/admin/views.js
[2018-10-19 14:49:43.286] [INFO] access - GET /assets/admin/vendor.js
[2018-10-19 14:49:43.592] [INFO] access - PUT /api/statistics
[2018-10-19 14:49:43.608] [INFO] access - GET /api/dashboard
[2018-10-19 14:49:43.612] [INFO] access - GET /assets/admin/images/sponsor/weixin99.jpg
[2018-10-19 14:49:43.618] [INFO] access - GET /api/account
[2018-10-19 14:49:43.618] [INFO] access - GET /api/account
[2018-10-19 14:49:43.621] [INFO] access - GET /assets/admin/fonts/fontawesome-webfont.woff2?v=4.6.1
[2018-10-19 14:49:43.628] [INFO] access - GET /assets/admin/images/sponsor/weixin199.jpg
[2018-10-19 14:49:43.628] [INFO] access - GET /assets/admin/images/logo@2x.png
[2018-10-19 14:49:43.635] [INFO] access - GET /api/categories
[2018-10-19 14:49:43.636] [INFO] access - GET /assets/admin/images/sponsor/alipay99.jpg
[2018-10-19 14:49:43.637] [INFO] access - GET /assets/admin/images/sponsor/weixin499.jpg
[2018-10-19 14:49:43.637] [INFO] access - GET /assets/admin/images/sponsor/weixin999.jpg
[2018-10-19 14:49:43.638] [INFO] access - GET /assets/admin/images/sponsor/alipay499.jpg
[2018-10-19 14:49:43.639] [INFO] access - GET /assets/admin/images/sponsor/alipay199.jpg
[2018-10-19 14:49:43.641] [INFO] access - GET /assets/admin/images/sponsor/alipay999.jpg
[2018-10-19 14:49:46.901] [INFO] access - GET /api/models?type=feature
[2018-10-19 14:49:46.902] [INFO] access - GET /api/features
[2018-10-19 14:49:48.486] [INFO] access - GET /api/models?type=feature
[2018-10-19 14:49:48.487] [INFO] access - GET /api/features
[2018-10-19 14:53:09.775] [INFO] access - GET /admin
[2018-10-19 14:53:09.809] [INFO] access - GET /assets/admin/main.css
[2018-10-19 14:53:09.815] [INFO] access - GET /assets/admin/vendor.css
[2018-10-19 14:53:09.816] [INFO] access - GET /assets/admin/main.js
[2018-10-19 14:53:09.817] [INFO] access - GET /assets/admin/views.js
[2018-10-19 14:53:09.843] [INFO] access - GET /assets/admin/vendor.js
[2018-10-19 14:53:10.135] [INFO] access - PUT /api/statistics
[2018-10-19 14:53:10.140] [INFO] access - GET /api/dashboard
[2018-10-19 14:53:10.151] [INFO] access - GET /api/account
[2018-10-19 14:53:10.152] [INFO] access - GET /api/account
[2018-10-19 14:53:10.154] [INFO] access - GET /assets/admin/images/sponsor/weixin99.jpg
[2018-10-19 14:53:10.155] [INFO] access - GET /assets/admin/images/sponsor/weixin199.jpg
[2018-10-19 14:53:10.155] [INFO] access - GET /api/categories
[2018-10-19 14:53:10.158] [INFO] access - GET /assets/admin/fonts/fontawesome-webfont.woff2?v=4.6.1
[2018-10-19 14:53:10.165] [INFO] access - GET /assets/admin/images/sponsor/weixin499.jpg
[2018-10-19 14:53:10.167] [INFO] access - GET /assets/admin/images/sponsor/weixin999.jpg
[2018-10-19 14:53:10.168] [INFO] access - GET /assets/admin/images/sponsor/alipay99.jpg
[2018-10-19 14:53:10.168] [INFO] access - GET /assets/admin/images/sponsor/alipay199.jpg
[2018-10-19 14:53:10.172] [INFO] access - GET /assets/admin/images/logo@2x.png
[2018-10-19 14:53:10.172] [INFO] access - GET /assets/admin/images/sponsor/alipay499.jpg
[2018-10-19 14:53:10.173] [INFO] access - GET /assets/admin/images/sponsor/alipay999.jpg
