[2018-09-15 17:10:47.091] [INFO] access - GET http://clientapi.ipip.net/echo.php?info=1234567890
[2018-09-15 17:24:41.155] [INFO] access - GET /
[2018-09-15 17:48:14.262] [INFO] access - GET /
[2018-11-15 17:13:02.826] [INFO] access - GET /page/hm/
[2018-11-15 17:13:02.848] [INFO] access - GET /themes/default/assets/css/style.css
[2018-11-15 17:13:02.898] [INFO] access - GET /page/images/xhq.png
[2018-11-15 17:13:02.914] [INFO] access - GET /themes/default/assets/js/echarts.common.min.js
[2018-11-15 17:13:03.020] [INFO] access - GET /themes/default/assets/js/jquery-2.2.1.min.js
[2018-11-15 17:13:03.334] [INFO] access - GET /getmoney
[2018-11-15 17:13:03.336] [INFO] access - GET /heim
[2018-11-15 17:13:19.421] [INFO] access - GET /page/hm/
[2018-11-15 17:13:19.446] [INFO] access - GET /themes/default/assets/css/style.css
[2018-11-15 17:13:19.486] [INFO] access - GET /page/images/xhq.png
[2018-11-15 17:13:19.501] [INFO] access - GET /themes/default/assets/js/echarts.common.min.js
[2018-11-15 17:13:19.593] [INFO] access - GET /themes/default/assets/js/jquery-2.2.1.min.js
[2018-11-15 17:13:19.798] [INFO] access - GET /heim
[2018-11-15 17:13:19.798] [INFO] access - GET /getmoney
[2018-11-15 17:13:59.363] [INFO] access - GET /page/hm/
[2018-11-15 17:13:59.388] [INFO] access - GET /themes/default/assets/css/style.css
[2018-11-15 17:13:59.450] [INFO] access - GET /page/images/xhq.png
[2018-11-15 17:13:59.461] [INFO] access - GET /themes/default/assets/js/echarts.common.min.js
[2018-11-15 17:13:59.535] [INFO] access - GET /themes/default/assets/js/jquery-2.2.1.min.js
[2018-11-15 17:13:59.696] [INFO] access - GET /heim
[2018-11-15 17:13:59.701] [INFO] access - GET /getmoney
[2018-11-15 17:22:59.003] [INFO] access - GET /page/hm/
[2018-11-15 17:22:59.035] [INFO] access - GET /themes/default/assets/css/style.css
[2018-11-15 17:22:59.071] [INFO] access - GET /page/images/xhq.png
[2018-11-15 17:22:59.092] [INFO] access - GET /themes/default/assets/js/echarts.common.min.js
[2018-11-15 17:22:59.181] [INFO] access - GET /themes/default/assets/js/jquery-2.2.1.min.js
[2018-11-15 17:22:59.477] [INFO] access - GET /heim
[2018-11-15 17:22:59.480] [INFO] access - GET /getmoney
