[2018-09-15 16:26:08.011] [INFO] access - GET /
[2018-09-15 16:26:19.095] [INFO] access - GET /search?%7B%22words%22:%20%22nmask_test_post_data%22%7D
[2018-09-15 16:26:19.096] [INFO] access - GET /xinjing
[2018-09-15 16:26:19.284] [INFO] access - GET /xinjing/xin-jing
[2018-11-15 16:50:39.935] [WARN] access - GET /page/hm/
[2018-11-15 16:50:39.983] [WARN] access - GET /themes/default/assets/js/echarts.common.min.js
[2018-11-15 16:50:39.986] [INFO] access - GET /themes/default/assets/css/style.css
[2018-11-15 16:50:40.065] [INFO] access - GET /page/images/xhq.png
[2018-11-15 16:50:40.101] [WARN] access - GET /themes/default/assets/js/jquery-2.2.1.min.js
[2018-11-15 16:50:40.337] [INFO] access - GET /getmoney
[2018-11-15 16:50:40.337] [INFO] access - GET /heim
[2018-11-15 16:50:41.932] [WARN] access - GET /themes/default/assets/css/style.css
[2018-11-15 16:50:45.096] [INFO] access - GET /page/hm/
[2018-11-15 16:50:45.123] [INFO] access - GET /themes/default/assets/css/style.css
[2018-11-15 16:50:45.179] [INFO] access - GET /page/images/xhq.png
[2018-11-15 16:50:45.219] [INFO] access - GET /themes/default/assets/js/echarts.common.min.js
[2018-11-15 16:50:45.294] [INFO] access - GET /themes/default/assets/js/jquery-2.2.1.min.js
[2018-11-15 16:50:45.467] [INFO] access - GET /heim
[2018-11-15 16:50:45.468] [INFO] access - GET /getmoney
[2018-11-15 16:54:22.368] [INFO] access - GET /page/hm/
[2018-11-15 16:54:22.416] [INFO] access - GET /themes/default/assets/css/style.css
[2018-11-15 16:54:22.493] [INFO] access - GET /page/images/xhq.png
[2018-11-15 16:54:22.501] [INFO] access - GET /themes/default/assets/js/echarts.common.min.js
[2018-11-15 16:54:22.552] [INFO] access - GET /themes/default/assets/js/jquery-2.2.1.min.js
[2018-11-15 16:54:22.719] [INFO] access - GET /heim
[2018-11-15 16:54:22.723] [INFO] access - GET /getmoney
[2018-11-15 16:56:40.590] [INFO] access - GET /page/hm/
[2018-11-15 16:56:40.616] [INFO] access - GET /themes/default/assets/css/style.css
[2018-11-15 16:56:40.662] [INFO] access - GET /page/images/xhq.png
[2018-11-15 16:56:40.673] [INFO] access - GET /themes/default/assets/js/echarts.common.min.js
[2018-11-15 16:56:40.765] [INFO] access - GET /themes/default/assets/js/jquery-2.2.1.min.js
[2018-11-15 16:56:40.951] [INFO] access - GET /heim
[2018-11-15 16:56:40.952] [INFO] access - GET /getmoney
