[2018-09-15 09:13:12.519] [INFO] access - GET /
[2018-09-15 09:14:30.458] [INFO] access - GET /
[2018-09-15 09:34:23.207] [INFO] access - GET /
[2018-09-15 09:41:48.858] [INFO] access - GET /index.php
[2018-09-15 09:41:49.034] [INFO] access - GET /index.php.bak
[2018-09-15 09:41:49.205] [INFO] access - GET /index.php~
[2018-09-15 09:41:49.372] [INFO] access - GET /index.php.old
[2018-09-15 09:41:49.531] [INFO] access - GET /index.php.swp
[2018-09-15 09:41:49.694] [INFO] access - GET /config.php.bak
[2018-09-15 09:41:49.864] [INFO] access - GET /config.inc.php.bak
[2018-09-15 09:41:50.045] [INFO] access - GET /public/index.php
[2018-09-15 09:41:50.215] [INFO] access - GET /framework/conf/config.php.bak
[2018-09-15 09:41:51.371] [INFO] access - GET /data/config.php.bak
[2018-09-15 09:41:51.534] [INFO] access - GET /wp-config.php~
[2018-09-15 09:41:51.698] [INFO] access - GET /wp-config.php.bak
[2018-09-15 09:41:51.848] [INFO] access - GET /wp-config.php.inc
[2018-09-15 09:41:52.030] [INFO] access - GET /wp-config.old
[2018-09-15 09:41:52.200] [INFO] access - GET /config/config.php
[2018-09-15 09:41:52.325] [INFO] access - GET /config/config.php.bak
[2018-09-15 09:41:52.448] [INFO] access - GET /config/config.php.bak~
[2018-09-15 09:41:52.586] [INFO] access - GET /config/.config.php.bak.swp
[2018-09-15 09:41:52.722] [INFO] access - GET /config/database.php
[2018-09-15 09:41:52.866] [INFO] access - GET /config/database.php.bak
[2018-09-15 09:41:53.032] [INFO] access - GET /config/database.php~
[2018-09-15 09:41:54.178] [INFO] access - GET /config/.database.php.swp
[2018-09-15 09:41:54.301] [INFO] access - GET /config/db.php
[2018-09-15 09:41:57.416] [INFO] access - GET /config/db.php.bak
[2018-09-15 09:41:57.530] [INFO] access - GET /config/db.php~
[2018-09-15 09:46:22.601] [INFO] access - GET /
[2018-09-15 09:59:51.968] [INFO] access - GET /manager/html
