[2018-09-14 20:09:14.012] [INFO] access - GET /
[2018-09-14 20:09:15.711] [ERROR] access - POST /sdk
[2018-09-14 20:09:16.021] [INFO] access - GET /nmaplowercheck1536926906
[2018-09-14 20:09:16.139] [INFO] access - GET /
[2018-09-14 20:09:16.620] [INFO] access - GET /NmapUpperCheck1536926906
[2018-09-14 20:09:16.777] [INFO] access - GET /
[2018-09-14 20:09:16.936] [INFO] access - GET /Nmap/folder/check1536926906
[2018-09-14 20:09:17.314] [INFO] access - GET /
[2018-09-14 20:09:17.431] [INFO] access - GET /wordpress/
[2018-09-14 20:09:17.556] [INFO] access - GET /wp-login.php
[2018-09-14 20:09:17.680] [INFO] access - GET /bbs/
[2018-09-14 20:09:17.831] [INFO] access - GET /zabbix/
[2018-09-14 20:09:17.957] [INFO] access - GET /phpmyadmin/
[2018-09-14 20:09:18.114] [INFO] access - GET /xampp/phpmyadmin/
[2018-09-14 20:09:19.146] [INFO] access - GET /
[2018-09-14 20:09:19.475] [INFO] access - GET /robots.txt
[2018-09-14 20:31:14.699] [INFO] access - GET /manager/html
[2018-09-14 20:39:21.633] [INFO] access - GET /
[2018-09-14 20:50:34.920] [INFO] access - GET http://www.baidu.com/cache/global/img/gs.gif
[2018-09-14 20:59:43.893] [INFO] access - GET /mustnotexistz.bak
[2018-09-14 20:59:44.102] [INFO] access - GET /backup.rar
[2018-09-14 20:59:44.295] [INFO] access - GET /backup.zip
[2018-09-14 20:59:44.419] [INFO] access - GET /backup.tar.gz
[2018-09-14 20:59:44.574] [INFO] access - GET /backup.tar.bz2
[2018-09-14 20:59:44.730] [INFO] access - GET /backup.tgz
[2018-09-14 20:59:44.886] [INFO] access - GET /backup.backup
[2018-09-14 20:59:45.044] [INFO] access - GET /backup.old
[2018-09-14 20:59:45.210] [INFO] access - GET /backup_bak
[2018-09-14 20:59:45.367] [INFO] access - GET /backup.bac
[2018-09-14 20:59:45.530] [INFO] access - GET /backup.orig
[2018-09-14 20:59:45.684] [INFO] access - GET /backup-
[2018-09-14 20:59:45.855] [INFO] access - GET /backup.swp
[2018-09-14 20:59:46.013] [INFO] access - GET /backup.7z
[2018-09-14 20:59:46.129] [INFO] access - GET /backup.temp
[2018-09-14 20:59:46.265] [INFO] access - GET /backup.save
[2018-09-14 20:59:46.379] [INFO] access - GET /backup.000
[2018-09-14 20:59:46.513] [INFO] access - GET /backup.001
[2018-09-14 20:59:46.649] [INFO] access - GET /backup~
[2018-09-14 20:59:46.788] [INFO] access - GET /backup
[2018-09-14 20:59:46.941] [INFO] access - GET /backup~1
[2018-09-14 20:59:47.083] [INFO] access - GET /backup.vb
[2018-09-14 20:59:47.235] [INFO] access - GET /backup.cs
[2018-09-14 20:59:47.404] [INFO] access - GET /backup.java
[2018-09-14 20:59:47.543] [INFO] access - GET /backup.class
[2018-09-14 20:59:47.683] [INFO] access - GET /backup.inc
[2018-09-14 20:59:47.849] [INFO] access - GET /backup1.bak
[2018-09-14 20:59:48.024] [INFO] access - GET /backup2.bak
[2018-09-14 20:59:48.143] [INFO] access - GET /backup.0
[2018-09-14 20:59:48.258] [INFO] access - GET /backup.1
[2018-09-14 20:59:48.383] [INFO] access - GET /backup.2
[2018-09-14 20:59:48.516] [INFO] access - GET /www.rar
[2018-09-14 20:59:48.625] [INFO] access - GET /www.zip
[2018-09-14 20:59:48.734] [INFO] access - GET /www.tar.gz
[2018-09-14 20:59:48.845] [INFO] access - GET /www.tar.bz2
[2018-09-14 20:59:48.959] [INFO] access - GET /www.tgz
[2018-09-14 20:59:49.080] [INFO] access - GET /www.backup
[2018-09-14 20:59:49.178] [INFO] access - GET /www.old
[2018-09-14 20:59:49.287] [INFO] access - GET /www_bak
[2018-09-14 20:59:49.414] [INFO] access - GET /www.bac
[2018-09-14 20:59:49.517] [INFO] access - GET /www.orig
[2018-09-14 20:59:49.639] [INFO] access - GET /www-
[2018-09-14 20:59:49.791] [INFO] access - GET /www.swp
[2018-09-14 20:59:49.894] [INFO] access - GET /www.7z
[2018-09-14 20:59:50.003] [INFO] access - GET /www.temp
[2018-09-14 20:59:50.127] [INFO] access - GET /www.save
[2018-09-14 20:59:50.264] [INFO] access - GET /www.000
[2018-09-14 20:59:50.388] [INFO] access - GET /www.001
[2018-09-14 20:59:50.477] [INFO] access - GET /www~
[2018-09-14 20:59:50.631] [INFO] access - GET /www
[2018-09-14 20:59:50.750] [INFO] access - GET /www~1
[2018-09-14 20:59:50.859] [INFO] access - GET /www.vb
[2018-09-14 20:59:50.959] [INFO] access - GET /www.cs
[2018-09-14 20:59:51.075] [INFO] access - GET /www.java
[2018-09-14 20:59:51.193] [INFO] access - GET /www.class
[2018-09-14 20:59:51.305] [INFO] access - GET /www.inc
[2018-09-14 20:59:51.416] [INFO] access - GET /www1.bak
[2018-09-14 20:59:51.531] [INFO] access - GET /www2.bak
[2018-09-14 20:59:51.643] [INFO] access - GET /www.0
[2018-09-14 20:59:51.753] [INFO] access - GET /www.1
[2018-09-14 20:59:51.861] [INFO] access - GET /www.2
[2018-09-14 20:59:51.913] [INFO] access - GET /admin.rar
[2018-09-14 20:59:51.928] [INFO] access - GET /admin.zip
[2018-09-14 20:59:51.964] [INFO] access - GET /admin.tar.gz
[2018-09-14 20:59:51.977] [INFO] access - GET /admin.tar.bz2
[2018-09-14 20:59:51.992] [INFO] access - GET /admin.tgz
[2018-09-14 20:59:52.017] [INFO] access - GET /admin.backup
[2018-09-14 20:59:52.030] [INFO] access - GET /admin.old
[2018-09-14 20:59:52.043] [INFO] access - GET /admin_bak
[2018-09-14 20:59:52.069] [INFO] access - GET /admin.bac
[2018-09-14 20:59:52.084] [INFO] access - GET /admin.orig
[2018-09-14 20:59:52.096] [INFO] access - GET /admin-
[2018-09-14 20:59:52.121] [INFO] access - GET /admin.swp
[2018-09-14 20:59:52.133] [INFO] access - GET /admin.7z
[2018-09-14 20:59:52.147] [INFO] access - GET /admin.temp
[2018-09-14 20:59:52.174] [INFO] access - GET /admin.save
[2018-09-14 20:59:52.188] [INFO] access - GET /admin.000
[2018-09-14 20:59:52.202] [INFO] access - GET /admin.001
[2018-09-14 20:59:52.225] [INFO] access - GET /admin~
[2018-09-14 20:59:52.240] [INFO] access - GET /admin
[2018-09-14 20:59:52.252] [INFO] access - GET /admin~1
[2018-09-14 20:59:52.267] [INFO] access - GET /admin.vb
[2018-09-14 20:59:52.279] [INFO] access - GET /admin.cs
[2018-09-14 20:59:52.292] [INFO] access - GET /admin.java
[2018-09-14 20:59:52.305] [INFO] access - GET /admin.class
[2018-09-14 20:59:52.317] [INFO] access - GET /admin.inc
[2018-09-14 20:59:52.334] [INFO] access - GET /admin1.bak
[2018-09-14 20:59:52.348] [INFO] access - GET /admin2.bak
[2018-09-14 20:59:52.372] [INFO] access - GET /admin.0
[2018-09-14 20:59:52.386] [INFO] access - GET /admin.1
[2018-09-14 20:59:52.399] [INFO] access - GET /admin.2
[2018-09-14 20:59:52.502] [INFO] access - GET /db.rar
[2018-09-14 20:59:52.616] [INFO] access - GET /db.zip
[2018-09-14 20:59:52.728] [INFO] access - GET /db.tar.gz
[2018-09-14 20:59:52.893] [INFO] access - GET /db.tar.bz2
[2018-09-14 20:59:53.001] [INFO] access - GET /db.tgz
[2018-09-14 20:59:53.113] [INFO] access - GET /db.backup
[2018-09-14 20:59:53.224] [INFO] access - GET /db.old
[2018-09-14 20:59:53.443] [INFO] access - GET /db_bak
[2018-09-14 20:59:53.579] [INFO] access - GET /db.bac
[2018-09-14 20:59:53.757] [INFO] access - GET /db.orig
[2018-09-14 20:59:53.963] [INFO] access - GET /db-
[2018-09-14 20:59:54.151] [INFO] access - GET /db.swp
[2018-09-14 20:59:54.340] [INFO] access - GET /db.7z
[2018-09-14 20:59:54.482] [INFO] access - GET /db.temp
[2018-09-14 20:59:54.653] [INFO] access - GET /db.save
[2018-09-14 20:59:54.815] [INFO] access - GET /db.000
[2018-09-14 20:59:55.048] [INFO] access - GET /db.001
[2018-09-14 20:59:55.154] [INFO] access - GET /db~
[2018-09-14 20:59:55.249] [INFO] access - GET /db
[2018-09-14 20:59:55.345] [INFO] access - GET /db~1
[2018-09-14 20:59:55.460] [INFO] access - GET /db.vb
[2018-09-14 20:59:55.546] [INFO] access - GET /db.cs
[2018-09-14 20:59:55.650] [INFO] access - GET /db.java
[2018-09-14 20:59:55.747] [INFO] access - GET /db.class
[2018-09-14 20:59:55.869] [INFO] access - GET /db.inc
[2018-09-14 20:59:55.975] [INFO] access - GET /db1.bak
[2018-09-14 20:59:56.070] [INFO] access - GET /db2.bak
[2018-09-14 20:59:56.193] [INFO] access - GET /db.0
[2018-09-14 20:59:56.278] [INFO] access - GET /db.1
[2018-09-14 20:59:56.377] [INFO] access - GET /db.2
[2018-09-14 20:59:56.484] [INFO] access - GET /web.rar
[2018-09-14 20:59:56.609] [INFO] access - GET /web.zip
[2018-09-14 20:59:56.728] [INFO] access - GET /web.tar.gz
[2018-09-14 20:59:56.847] [INFO] access - GET /web.tar.bz2
[2018-09-14 20:59:56.962] [INFO] access - GET /web.tgz
[2018-09-14 20:59:57.076] [INFO] access - GET /web.backup
[2018-09-14 20:59:57.191] [INFO] access - GET /web.old
[2018-09-14 20:59:57.291] [INFO] access - GET /web_bak
[2018-09-14 20:59:57.367] [INFO] access - GET /web.bac
[2018-09-14 20:59:57.476] [INFO] access - GET /web.orig
[2018-09-14 20:59:57.590] [INFO] access - GET /web-
[2018-09-14 20:59:57.696] [INFO] access - GET /web.swp
[2018-09-14 20:59:57.794] [INFO] access - GET /web.7z
[2018-09-14 20:59:57.918] [INFO] access - GET /web.temp
[2018-09-14 20:59:58.014] [INFO] access - GET /web.save
[2018-09-14 20:59:58.104] [INFO] access - GET /web.000
[2018-09-14 20:59:58.217] [INFO] access - GET /web.001
[2018-09-14 20:59:58.315] [INFO] access - GET /web~
[2018-09-14 20:59:58.423] [INFO] access - GET /web
[2018-09-14 20:59:58.533] [INFO] access - GET /web~1
[2018-09-14 20:59:58.645] [INFO] access - GET /web.vb
[2018-09-14 20:59:58.749] [INFO] access - GET /web.cs
[2018-09-14 20:59:58.838] [INFO] access - GET /web.java
[2018-09-14 20:59:58.947] [INFO] access - GET /web.class
[2018-09-14 20:59:59.057] [INFO] access - GET /web.inc
[2018-09-14 20:59:59.158] [INFO] access - GET /web1.bak
[2018-09-14 20:59:59.267] [INFO] access - GET /web2.bak
[2018-09-14 20:59:59.380] [INFO] access - GET /web.0
[2018-09-14 20:59:59.492] [INFO] access - GET /web.1
[2018-09-14 20:59:59.601] [INFO] access - GET /web.2
[2018-09-14 20:59:59.697] [INFO] access - GET /wwwroot.rar
[2018-09-14 20:59:59.820] [INFO] access - GET /wwwroot.zip
[2018-09-14 20:59:59.930] [INFO] access - GET /wwwroot.tar.gz
[2018-11-14 20:01:40.269] [INFO] access - GET /page/sx/
[2018-11-14 20:01:40.310] [INFO] access - GET /themes/default/assets/css/mobiscroll.min.css
[2018-11-14 20:01:40.311] [INFO] access - GET /themes/default/assets/css/bootstrap.min.css
[2018-11-14 20:01:40.323] [INFO] access - GET /themes/default/assets/js/mobiscrollv2.1.js
[2018-11-14 20:01:40.326] [INFO] access - GET /themes/default/assets/js/jquery-2.2.1.min.js
[2018-11-14 20:01:40.606] [INFO] access - GET /themes/default/assets/css/bootstrap.min.css.map
[2018-11-14 20:02:00.576] [INFO] access - POST /saveperson
[2018-11-14 20:09:28.728] [INFO] access - GET /page/sx/
[2018-11-14 20:09:28.755] [INFO] access - GET /themes/default/assets/css/mobiscroll.min.css
[2018-11-14 20:09:28.757] [INFO] access - GET /themes/default/assets/css/bootstrap.min.css
[2018-11-14 20:09:28.759] [INFO] access - GET /themes/default/assets/js/jquery-2.2.1.min.js
[2018-11-14 20:09:28.760] [INFO] access - GET /themes/default/assets/js/mobiscrollv2.1.js
[2018-11-14 20:09:29.030] [INFO] access - GET /themes/default/assets/css/bootstrap.min.css.map
[2018-11-14 20:09:30.665] [INFO] access - GET /saveperson?type=-1
[2018-11-14 20:11:02.014] [INFO] access - GET /saveperson?type=-1
[2018-11-14 20:11:35.355] [INFO] access - GET /saveperson?type=-1
[2018-11-14 20:17:06.489] [INFO] access - GET /saveperson?type=-1
[2018-11-14 20:19:10.817] [INFO] access - GET /saveperson?type=-1
[2018-11-14 20:20:28.082] [INFO] access - GET /saveperson?type=-1
[2018-11-14 20:22:13.814] [INFO] access - GET /page/sx/
[2018-11-14 20:22:13.844] [INFO] access - GET /themes/default/assets/css/mobiscroll.min.css
[2018-11-14 20:22:13.845] [INFO] access - GET /themes/default/assets/js/mobiscrollv2.1.js
[2018-11-14 20:22:13.846] [INFO] access - GET /themes/default/assets/css/bootstrap.min.css
[2018-11-14 20:22:13.846] [INFO] access - GET /themes/default/assets/js/jquery-2.2.1.min.js
[2018-11-14 20:22:14.108] [INFO] access - GET /themes/default/assets/css/bootstrap.min.css.map
[2018-11-14 20:23:21.236] [INFO] access - GET /saveperson?type=-1
[2018-11-14 20:25:00.084] [INFO] access - GET /saveperson?type=-1
[2018-11-14 20:25:40.331] [INFO] access - GET /saveperson?type=-1
[2018-11-14 20:26:10.963] [INFO] access - GET /saveperson?type=-1
[2018-11-14 20:27:17.890] [INFO] access - GET /saveperson?type=-1
[2018-11-14 20:28:25.744] [INFO] access - GET /saveperson?type=-1
[2018-11-14 20:29:28.511] [ERROR] access - POST /saveperson
[2018-11-14 20:32:14.045] [ERROR] access - POST /saveperson
[2018-11-14 20:33:17.593] [INFO] access - POST /saveperson
[2018-11-14 20:33:22.938] [INFO] access - GET /saveperson?type=-1
[2018-11-14 20:34:04.765] [INFO] access - GET /page/sx/
[2018-11-14 20:34:04.809] [INFO] access - GET /themes/default/assets/css/mobiscroll.min.css
[2018-11-14 20:34:04.811] [INFO] access - GET /themes/default/assets/css/bootstrap.min.css
[2018-11-14 20:34:04.813] [INFO] access - GET /themes/default/assets/js/jquery-2.2.1.min.js
[2018-11-14 20:34:04.814] [INFO] access - GET /themes/default/assets/js/mobiscrollv2.1.js
[2018-11-14 20:34:05.073] [INFO] access - GET /themes/default/assets/css/bootstrap.min.css.map
[2018-11-14 20:34:24.249] [INFO] access - POST /saveperson
[2018-11-14 20:34:30.253] [INFO] access - GET /saveperson?type=-1
[2018-11-14 20:38:25.825] [INFO] access - GET /page/sx/
[2018-11-14 20:38:25.844] [INFO] access - GET /themes/default/assets/css/mobiscroll.min.css
[2018-11-14 20:38:25.846] [INFO] access - GET /themes/default/assets/css/bootstrap.min.css
[2018-11-14 20:38:25.848] [INFO] access - GET /themes/default/assets/js/jquery-2.2.1.min.js
[2018-11-14 20:38:25.849] [INFO] access - GET /themes/default/assets/js/mobiscrollv2.1.js
[2018-11-14 20:38:26.080] [INFO] access - GET /themes/default/assets/css/bootstrap.min.css.map
[2018-11-14 20:43:59.460] [INFO] access - GET /page/sx/
[2018-11-14 20:43:59.486] [INFO] access - GET /themes/default/assets/css/mobiscroll.min.css
[2018-11-14 20:43:59.488] [INFO] access - GET /themes/default/assets/css/bootstrap.min.css
[2018-11-14 20:43:59.491] [INFO] access - GET /themes/default/assets/js/jquery-2.2.1.min.js
[2018-11-14 20:43:59.493] [INFO] access - GET /themes/default/assets/js/mobiscrollv2.1.js
[2018-11-14 20:43:59.781] [INFO] access - GET /themes/default/assets/css/bootstrap.min.css.map
[2018-11-14 20:45:01.685] [INFO] access - POST /saveperson
[2018-11-14 20:45:10.320] [INFO] access - GET /saveperson?type=-1
[2018-11-14 20:52:49.788] [INFO] access - GET /page/sx/
[2018-11-14 20:52:49.818] [INFO] access - GET /themes/default/assets/css/mobiscroll.min.css
[2018-11-14 20:52:49.820] [INFO] access - GET /themes/default/assets/css/bootstrap.min.css
[2018-11-14 20:52:49.822] [INFO] access - GET /themes/default/assets/js/mobiscrollv2.1.js
[2018-11-14 20:52:49.822] [INFO] access - GET /themes/default/assets/js/jquery-2.2.1.min.js
[2018-11-14 20:52:50.052] [INFO] access - GET /themes/default/assets/css/bootstrap.min.css.map
[2018-11-14 20:53:54.510] [INFO] access - GET /page/sx/
[2018-11-14 20:53:54.539] [INFO] access - GET /themes/default/assets/css/bootstrap.min.css
[2018-11-14 20:53:54.543] [INFO] access - GET /themes/default/assets/css/mobiscroll.min.css
[2018-11-14 20:53:54.551] [INFO] access - GET /themes/default/assets/js/mobiscrollv2.1.js
[2018-11-14 20:53:54.552] [INFO] access - GET /themes/default/assets/js/jquery-2.2.1.min.js
[2018-11-14 20:53:54.804] [INFO] access - GET /themes/default/assets/css/bootstrap.min.css.map
[2018-11-14 20:54:25.162] [INFO] access - GET /page/sx/
[2018-11-14 20:54:25.190] [INFO] access - GET /themes/default/assets/css/mobiscroll.min.css
[2018-11-14 20:54:25.192] [INFO] access - GET /themes/default/assets/css/bootstrap.min.css
[2018-11-14 20:54:25.201] [INFO] access - GET /themes/default/assets/js/mobiscrollv2.1.js
[2018-11-14 20:54:25.203] [INFO] access - GET /themes/default/assets/js/jquery-2.2.1.min.js
[2018-11-14 20:54:25.403] [INFO] access - GET /themes/default/assets/css/bootstrap.min.css.map
[2018-11-14 20:54:44.440] [INFO] access - GET /page/sx/
[2018-11-14 20:54:44.464] [INFO] access - GET /themes/default/assets/css/bootstrap.min.css
[2018-11-14 20:54:44.467] [INFO] access - GET /themes/default/assets/css/mobiscroll.min.css
[2018-11-14 20:54:44.473] [INFO] access - GET /themes/default/assets/js/jquery-2.2.1.min.js
[2018-11-14 20:54:44.475] [INFO] access - GET /themes/default/assets/js/mobiscrollv2.1.js
[2018-11-14 20:54:44.677] [INFO] access - GET /themes/default/assets/css/bootstrap.min.css.map
[2018-11-14 20:54:53.138] [INFO] access - GET /page/sx/
[2018-11-14 20:54:53.163] [INFO] access - GET /themes/default/assets/css/mobiscroll.min.css
[2018-11-14 20:54:53.164] [INFO] access - GET /themes/default/assets/css/bootstrap.min.css
[2018-11-14 20:54:53.170] [INFO] access - GET /themes/default/assets/js/mobiscrollv2.1.js
[2018-11-14 20:54:53.171] [INFO] access - GET /themes/default/assets/js/jquery-2.2.1.min.js
[2018-11-14 20:54:53.392] [INFO] access - GET /themes/default/assets/css/bootstrap.min.css.map
[2018-11-14 20:55:58.399] [INFO] access - GET /saveperson?type=-1
[2018-11-14 20:59:48.664] [INFO] access - GET /page/sx/
[2018-11-14 20:59:48.689] [INFO] access - GET /themes/default/assets/css/mobiscroll.min.css
[2018-11-14 20:59:48.693] [INFO] access - GET /themes/default/assets/css/bootstrap.min.css
[2018-11-14 20:59:48.705] [INFO] access - GET /themes/default/assets/js/jquery-2.2.1.min.js
[2018-11-14 20:59:48.707] [INFO] access - GET /themes/default/assets/js/mobiscrollv2.1.js
[2018-11-14 20:59:48.949] [INFO] access - GET /themes/default/assets/css/bootstrap.min.css.map
[2018-11-14 20:59:50.369] [INFO] access - GET /saveperson?type=-1
