[2018-09-15 05:03:06.794] [INFO] access - GET /mustnotexistz.bak
[2018-09-15 05:03:06.940] [INFO] access - GET /backup.rar
[2018-09-15 05:03:07.089] [INFO] access - GET /backup.zip
[2018-09-15 05:03:07.239] [INFO] access - GET /backup.tar.gz
[2018-09-15 05:03:08.405] [INFO] access - GET /backup.tar.bz2
[2018-09-15 05:03:08.568] [INFO] access - GET /backup.tgz
[2018-09-15 05:03:11.724] [INFO] access - GET /backup.backup
[2018-09-15 05:03:11.915] [INFO] access - GET /backup.old
[2018-09-15 05:03:12.161] [INFO] access - GET /backup_bak
[2018-09-15 05:03:15.339] [INFO] access - GET /backup.bac
[2018-09-15 05:03:15.449] [INFO] access - GET /backup.orig
[2018-09-15 05:03:18.558] [INFO] access - GET /backup-
[2018-09-15 05:03:21.653] [INFO] access - GET /backup.swp
[2018-09-15 05:03:21.780] [INFO] access - GET /backup.7z
[2018-09-15 05:03:21.891] [INFO] access - GET /backup.temp
[2018-09-15 05:03:25.027] [INFO] access - GET /backup.save
[2018-09-15 05:03:25.169] [INFO] access - GET /backup.000
[2018-09-15 05:03:25.322] [INFO] access - GET /backup.001
[2018-09-15 05:03:25.488] [INFO] access - GET /backup~
[2018-09-15 05:03:25.667] [INFO] access - GET /backup
[2018-09-15 05:03:26.801] [INFO] access - GET /backup~1
[2018-09-15 05:03:26.926] [INFO] access - GET /backup.vb
[2018-09-15 05:03:27.076] [INFO] access - GET /backup.cs
[2018-09-15 05:03:27.247] [INFO] access - GET /backup.java
[2018-09-15 05:03:28.437] [INFO] access - GET /backup.class
[2018-09-15 05:03:28.612] [INFO] access - GET /backup.inc
[2018-09-15 05:03:28.730] [INFO] access - GET /backup1.bak
[2018-09-15 05:03:28.831] [INFO] access - GET /backup2.bak
[2018-09-15 05:03:28.920] [INFO] access - GET /backup.0
[2018-09-15 05:03:29.067] [INFO] access - GET /backup.1
[2018-09-15 05:03:29.168] [INFO] access - GET /backup.2
[2018-09-15 05:03:29.256] [INFO] access - GET /www.rar
[2018-09-15 05:03:29.405] [INFO] access - GET /www.zip
[2018-09-15 05:03:29.541] [INFO] access - GET /www.tar.gz
[2018-09-15 05:03:30.622] [INFO] access - GET /www.tar.bz2
[2018-09-15 05:03:30.720] [INFO] access - GET /www.tgz
[2018-09-15 05:03:30.846] [INFO] access - GET /www.backup
[2018-09-15 05:03:31.930] [INFO] access - GET /www.old
[2018-09-15 05:03:32.039] [INFO] access - GET /www_bak
[2018-09-15 05:03:32.151] [INFO] access - GET /www.bac
[2018-09-15 05:03:32.316] [INFO] access - GET /www.orig
[2018-09-15 05:03:32.452] [INFO] access - GET /www-
[2018-09-15 05:03:32.593] [INFO] access - GET /www.swp
[2018-09-15 05:03:33.820] [INFO] access - GET /www.7z
[2018-09-15 05:03:34.005] [INFO] access - GET /www.temp
[2018-09-15 05:03:34.166] [INFO] access - GET /www.save
[2018-09-15 05:03:37.368] [INFO] access - GET /www.000
[2018-09-15 05:03:37.476] [INFO] access - GET /www.001
[2018-09-15 05:03:38.579] [INFO] access - GET /www~
[2018-09-15 05:03:38.710] [INFO] access - GET /www
[2018-09-15 05:03:38.819] [INFO] access - GET /www~1
[2018-09-15 05:03:38.908] [INFO] access - GET /www.vb
[2018-09-15 05:03:39.008] [INFO] access - GET /www.cs
[2018-09-15 05:03:42.181] [INFO] access - GET /www.java
[2018-09-15 05:03:42.263] [INFO] access - GET /www.class
[2018-09-15 05:03:42.374] [INFO] access - GET /www.inc
[2018-09-15 05:03:42.480] [INFO] access - GET /www1.bak
[2018-09-15 05:03:42.592] [INFO] access - GET /www2.bak
[2018-09-15 05:03:42.699] [INFO] access - GET /www.0
[2018-09-15 05:03:42.822] [INFO] access - GET /www.1
[2018-09-15 05:03:42.974] [INFO] access - GET /www.2
[2018-09-15 05:03:43.016] [INFO] access - GET /admin.rar
[2018-09-15 05:03:43.030] [INFO] access - GET /admin.zip
[2018-09-15 05:03:43.043] [INFO] access - GET /admin.tar.gz
[2018-09-15 05:03:43.067] [INFO] access - GET /admin.tar.bz2
[2018-09-15 05:03:43.081] [INFO] access - GET /admin.tgz
[2018-09-15 05:03:43.095] [INFO] access - GET /admin.backup
[2018-09-15 05:03:43.107] [INFO] access - GET /admin.old
[2018-09-15 05:03:44.126] [INFO] access - GET /admin_bak
[2018-09-15 05:03:44.140] [INFO] access - GET /admin.bac
[2018-09-15 05:03:45.145] [INFO] access - GET /admin.orig
[2018-09-15 05:03:45.160] [INFO] access - GET /admin-
[2018-09-15 05:03:45.173] [INFO] access - GET /admin.swp
[2018-09-15 05:03:46.185] [INFO] access - GET /admin.7z
[2018-09-15 05:03:49.196] [INFO] access - GET /admin.temp
[2018-09-15 05:03:49.210] [INFO] access - GET /admin.save
[2018-09-15 05:03:49.224] [INFO] access - GET /admin.000
[2018-09-15 05:03:50.233] [INFO] access - GET /admin.001
[2018-09-15 05:03:50.242] [INFO] access - GET /admin~
[2018-09-15 05:03:50.250] [INFO] access - GET /admin
[2018-09-15 05:03:51.265] [INFO] access - GET /admin~1
[2018-09-15 05:03:51.278] [INFO] access - GET /admin.vb
[2018-09-15 05:03:51.292] [INFO] access - GET /admin.cs
[2018-09-15 05:03:51.306] [INFO] access - GET /admin.java
[2018-09-15 05:03:51.320] [INFO] access - GET /admin.class
[2018-09-15 05:03:51.332] [INFO] access - GET /admin.inc
[2018-09-15 05:03:51.345] [INFO] access - GET /admin1.bak
[2018-09-15 05:03:51.359] [INFO] access - GET /admin2.bak
[2018-09-15 05:03:51.372] [INFO] access - GET /admin.0
[2018-09-15 05:03:51.398] [INFO] access - GET /admin.1
[2018-09-15 05:03:51.411] [INFO] access - GET /admin.2
[2018-09-15 05:03:51.546] [INFO] access - GET /db.rar
[2018-09-15 05:03:51.677] [INFO] access - GET /db.zip
[2018-09-15 05:03:51.859] [INFO] access - GET /db.tar.gz
[2018-09-15 05:03:51.957] [INFO] access - GET /db.tar.bz2
[2018-09-15 05:03:52.068] [INFO] access - GET /db.tgz
[2018-09-15 05:03:52.179] [INFO] access - GET /db.backup
[2018-09-15 05:03:52.294] [INFO] access - GET /db.old
[2018-09-15 05:03:52.403] [INFO] access - GET /db_bak
[2018-09-15 05:03:52.510] [INFO] access - GET /db.bac
[2018-09-15 05:03:55.613] [INFO] access - GET /db.orig
[2018-09-15 05:03:55.727] [INFO] access - GET /db-
[2018-09-15 05:03:55.835] [INFO] access - GET /db.swp
[2018-09-15 05:03:55.941] [INFO] access - GET /db.7z
[2018-09-15 05:03:56.060] [INFO] access - GET /db.temp
[2018-09-15 05:03:56.171] [INFO] access - GET /db.save
[2018-09-15 05:03:56.283] [INFO] access - GET /db.000
[2018-09-15 05:03:56.413] [INFO] access - GET /db.001
[2018-09-15 05:03:56.565] [INFO] access - GET /db~
[2018-09-15 05:03:56.730] [INFO] access - GET /db
[2018-09-15 05:03:56.873] [INFO] access - GET /db~1
[2018-09-15 05:03:57.027] [INFO] access - GET /db.vb
[2018-09-15 05:03:57.186] [INFO] access - GET /db.cs
[2018-09-15 05:03:57.315] [INFO] access - GET /db.java
[2018-09-15 05:03:57.454] [INFO] access - GET /db.class
[2018-09-15 05:03:57.674] [INFO] access - GET /db.inc
[2018-09-15 05:03:57.846] [INFO] access - GET /db1.bak
[2018-09-15 05:03:57.959] [INFO] access - GET /db2.bak
[2018-09-15 05:03:58.075] [INFO] access - GET /db.0
[2018-09-15 05:03:58.183] [INFO] access - GET /db.1
[2018-09-15 05:03:58.291] [INFO] access - GET /db.2
[2018-09-15 05:03:58.406] [INFO] access - GET /web.rar
[2018-09-15 05:03:58.516] [INFO] access - GET /web.zip
[2018-09-15 05:03:58.628] [INFO] access - GET /web.tar.gz
[2018-09-15 05:03:58.744] [INFO] access - GET /web.tar.bz2
[2018-09-15 05:03:58.859] [INFO] access - GET /web.tgz
[2018-09-15 05:03:58.973] [INFO] access - GET /web.backup
[2018-09-15 05:03:59.084] [INFO] access - GET /web.old
[2018-09-15 05:03:59.194] [INFO] access - GET /web_bak
[2018-09-15 05:03:59.301] [INFO] access - GET /web.bac
[2018-09-15 05:03:59.408] [INFO] access - GET /web.orig
[2018-09-15 05:03:59.493] [INFO] access - GET /web-
[2018-09-15 05:03:59.615] [INFO] access - GET /web.swp
[2018-09-15 05:03:59.723] [INFO] access - GET /web.7z
[2018-09-15 05:03:59.835] [INFO] access - GET /web.temp
[2018-09-15 05:03:59.956] [INFO] access - GET /web.save
[2018-09-15 05:04:00.096] [INFO] access - GET /web.000
[2018-09-15 05:04:00.197] [INFO] access - GET /web.001
[2018-09-15 05:04:00.321] [INFO] access - GET /web~
[2018-09-15 05:04:00.470] [INFO] access - GET /web
[2018-09-15 05:04:00.588] [INFO] access - GET /web~1
[2018-09-15 05:04:00.705] [INFO] access - GET /web.vb
[2018-09-15 05:04:00.803] [INFO] access - GET /web.cs
[2018-09-15 05:04:01.939] [INFO] access - GET /web.java
[2018-09-15 05:04:02.025] [INFO] access - GET /web.class
[2018-09-15 05:04:02.115] [INFO] access - GET /web.inc
[2018-09-15 05:04:02.225] [INFO] access - GET /web1.bak
[2018-09-15 05:04:02.337] [INFO] access - GET /web2.bak
[2018-09-15 05:04:02.448] [INFO] access - GET /web.0
[2018-09-15 05:04:02.557] [INFO] access - GET /web.1
[2018-09-15 05:04:02.666] [INFO] access - GET /web.2
[2018-09-15 05:04:02.835] [INFO] access - GET /wwwroot.rar
[2018-09-15 05:04:02.947] [INFO] access - GET /wwwroot.zip
[2018-09-15 05:04:03.108] [INFO] access - GET /wwwroot.tar.gz
[2018-09-15 05:04:03.273] [INFO] access - GET /wwwroot.tar.bz2
[2018-09-15 05:04:03.410] [INFO] access - GET /wwwroot.tgz
[2018-09-15 05:04:03.544] [INFO] access - GET /wwwroot.backup
[2018-09-15 05:04:03.679] [INFO] access - GET /wwwroot.old
[2018-09-15 05:04:03.844] [INFO] access - GET /wwwroot_bak
[2018-09-15 05:04:04.016] [INFO] access - GET /wwwroot.bac
[2018-09-15 05:04:04.133] [INFO] access - GET /wwwroot.orig
[2018-09-15 05:04:05.239] [INFO] access - GET /wwwroot-
[2018-09-15 05:04:05.347] [INFO] access - GET /wwwroot.swp
[2018-09-15 05:04:05.454] [INFO] access - GET /wwwroot.7z
[2018-09-15 05:04:05.561] [INFO] access - GET /wwwroot.temp
[2018-09-15 05:04:05.669] [INFO] access - GET /wwwroot.save
[2018-09-15 05:04:05.778] [INFO] access - GET /wwwroot.000
[2018-09-15 05:04:05.890] [INFO] access - GET /wwwroot.001
[2018-09-15 05:04:05.997] [INFO] access - GET /wwwroot~
[2018-09-15 05:04:06.104] [INFO] access - GET /wwwroot
[2018-09-15 05:04:06.210] [INFO] access - GET /wwwroot~1
[2018-09-15 05:04:06.321] [INFO] access - GET /wwwroot.vb
[2018-09-15 05:04:06.429] [INFO] access - GET /wwwroot.cs
[2018-09-15 05:04:09.582] [INFO] access - GET /wwwroot.java
[2018-09-15 05:04:09.695] [INFO] access - GET /wwwroot.class
[2018-09-15 05:04:10.803] [INFO] access - GET /wwwroot.inc
[2018-09-15 05:04:10.913] [INFO] access - GET /wwwroot1.bak
[2018-09-15 05:04:11.020] [INFO] access - GET /wwwroot2.bak
[2018-09-15 05:04:14.131] [INFO] access - GET /wwwroot.0
[2018-09-15 05:04:14.228] [INFO] access - GET /wwwroot.1
[2018-09-15 05:04:14.359] [INFO] access - GET /wwwroot.2
[2018-09-15 05:04:17.448] [INFO] access - GET /data.rar
[2018-09-15 05:04:17.561] [INFO] access - GET /data.zip
[2018-09-15 05:04:17.671] [INFO] access - GET /data.tar.gz
[2018-09-15 05:04:20.767] [INFO] access - GET /data.tar.bz2
[2018-09-15 05:04:23.855] [INFO] access - GET /data.tgz
[2018-09-15 05:04:23.986] [INFO] access - GET /data.backup
[2018-09-15 05:04:24.085] [INFO] access - GET /data.old
[2018-09-15 05:04:27.176] [INFO] access - GET /data_bak
[2018-09-15 05:04:27.270] [INFO] access - GET /data.bac
[2018-09-15 05:04:27.383] [INFO] access - GET /data.orig
[2018-09-15 05:04:27.480] [INFO] access - GET /data-
[2018-09-15 05:04:27.588] [INFO] access - GET /data.swp
[2018-09-15 05:04:27.700] [INFO] access - GET /data.7z
[2018-09-15 05:04:27.796] [INFO] access - GET /data.temp
[2018-09-15 05:04:27.892] [INFO] access - GET /data.save
[2018-09-15 05:04:27.993] [INFO] access - GET /data.000
[2018-09-15 05:04:28.117] [INFO] access - GET /data.001
[2018-09-15 05:04:28.215] [INFO] access - GET /data~
[2018-09-15 05:04:28.323] [INFO] access - GET /data
[2018-09-15 05:04:28.431] [INFO] access - GET /data~1
[2018-09-15 05:04:31.560] [INFO] access - GET /data.vb
[2018-09-15 05:04:31.659] [INFO] access - GET /data.cs
[2018-09-15 05:04:31.770] [INFO] access - GET /data.java
[2018-09-15 05:04:34.870] [INFO] access - GET /data.class
[2018-09-15 05:04:34.996] [INFO] access - GET /data.inc
[2018-09-15 05:04:35.094] [INFO] access - GET /data1.bak
[2018-09-15 05:04:36.197] [INFO] access - GET /data2.bak
[2018-09-15 05:04:36.309] [INFO] access - GET /data.0
[2018-09-15 05:04:36.419] [INFO] access - GET /data.1
[2018-09-15 05:04:36.514] [INFO] access - GET /data.2
[2018-09-15 05:04:36.601] [INFO] access - GET /database.rar
[2018-09-15 05:04:36.733] [INFO] access - GET /database.zip
[2018-09-15 05:04:36.819] [INFO] access - GET /database.tar.gz
[2018-09-15 05:04:36.917] [INFO] access - GET /database.tar.bz2
[2018-09-15 05:04:37.018] [INFO] access - GET /database.tgz
[2018-09-15 05:04:37.141] [INFO] access - GET /database.backup
[2018-09-15 05:04:40.224] [INFO] access - GET /database.old
[2018-09-15 05:04:41.330] [INFO] access - GET /database_bak
[2018-09-15 05:04:41.430] [INFO] access - GET /database.bac
[2018-09-15 05:04:41.557] [INFO] access - GET /database.orig
[2018-09-15 05:04:41.671] [INFO] access - GET /database-
[2018-09-15 05:04:41.766] [INFO] access - GET /database.swp
[2018-09-15 05:04:41.892] [INFO] access - GET /database.7z
[2018-09-15 05:04:41.992] [INFO] access - GET /database.temp
[2018-09-15 05:04:42.086] [INFO] access - GET /database.save
[2018-09-15 05:04:42.194] [INFO] access - GET /database.000
[2018-09-15 05:04:42.317] [INFO] access - GET /database.001
[2018-09-15 05:04:42.420] [INFO] access - GET /database~
[2018-09-15 05:04:42.516] [INFO] access - GET /database
[2018-09-15 05:04:43.679] [INFO] access - GET /database~1
[2018-09-15 05:04:43.797] [INFO] access - GET /database.vb
[2018-09-15 05:04:43.891] [INFO] access - GET /database.cs
[2018-09-15 05:04:43.985] [INFO] access - GET /database.java
[2018-09-15 05:04:44.089] [INFO] access - GET /database.class
[2018-09-15 05:04:44.203] [INFO] access - GET /database.inc
[2018-09-15 05:04:44.298] [INFO] access - GET /database1.bak
[2018-09-15 05:04:45.392] [INFO] access - GET /database2.bak
[2018-09-15 05:04:45.495] [INFO] access - GET /database.0
[2018-09-15 05:04:45.618] [INFO] access - GET /database.1
[2018-09-15 05:04:45.728] [INFO] access - GET /database.2
[2018-09-15 05:04:45.836] [INFO] access - GET /ftp.rar
[2018-09-15 05:04:46.949] [INFO] access - GET /ftp.zip
[2018-09-15 05:04:47.061] [INFO] access - GET /ftp.tar.gz
[2018-09-15 05:04:47.164] [INFO] access - GET /ftp.tar.bz2
[2018-09-15 05:04:47.260] [INFO] access - GET /ftp.tgz
[2018-09-15 05:04:47.376] [INFO] access - GET /ftp.backup
[2018-09-15 05:11:12.751] [INFO] access - HEAD /v3.0/web/assets/css/site.css
[2018-09-15 05:25:38.860] [INFO] access - GET /.git/config
