[2018-09-14 11:29:10.802] [INFO] access - GET /admin/install
[2018-09-14 11:29:10.889] [INFO] access - GET /assets/admin/main.css
[2018-09-14 11:29:10.895] [INFO] access - GET /assets/admin/vendor.css
[2018-09-14 11:29:10.921] [INFO] access - GET /assets/admin/main.js
[2018-09-14 11:29:10.935] [INFO] access - GET /assets/admin/views.js
[2018-09-14 11:29:11.019] [INFO] access - GET /assets/admin/vendor.js
[2018-09-14 11:29:12.338] [INFO] access - GET /api/install
[2018-09-14 11:29:12.436] [INFO] access - GET /api/install/themes
[2018-09-14 11:29:12.456] [INFO] access - GET /assets/admin/images/logo-lg@2x.png
[2018-09-14 11:29:12.459] [INFO] access - GET /assets/admin/images/sponsor/weixin199.jpg
[2018-09-14 11:29:12.460] [INFO] access - GET /assets/admin/images/sponsor/weixin99.jpg
[2018-09-14 11:29:12.461] [INFO] access - GET /assets/admin/images/sponsor/weixin499.jpg
[2018-09-14 11:29:12.504] [INFO] access - GET /assets/admin/images/sponsor/alipay99.jpg
[2018-09-14 11:29:12.505] [INFO] access - GET /assets/admin/images/sponsor/weixin999.jpg
[2018-09-14 11:29:12.554] [INFO] access - GET /assets/admin/images/sponsor/alipay199.jpg
[2018-09-14 11:29:13.412] [INFO] access - GET /assets/admin/images/sponsor/alipay499.jpg
[2018-09-14 11:29:13.466] [INFO] access - GET /assets/admin/images/sponsor/alipay999.jpg
[2018-09-14 11:45:07.100] [WARN] access - GET /admin/install
[2018-09-14 11:45:07.167] [WARN] access - GET /assets/admin/vendor.css
[2018-09-14 11:45:07.168] [WARN] access - GET /assets/admin/main.css
[2018-09-14 11:45:07.206] [WARN] access - GET /assets/admin/main.js
[2018-09-14 11:45:07.207] [WARN] access - GET /assets/admin/vendor.js
[2018-09-14 11:45:07.210] [WARN] access - GET /assets/admin/views.js
[2018-09-14 11:45:07.437] [WARN] access - GET /api/install
[2018-09-14 11:45:07.550] [WARN] access - GET /assets/admin/images/logo-lg@2x.png
[2018-09-14 11:45:07.550] [WARN] access - GET /assets/admin/images/sponsor/weixin99.jpg
[2018-09-14 11:45:07.551] [WARN] access - GET /assets/admin/images/sponsor/weixin499.jpg
[2018-09-14 11:45:07.551] [WARN] access - GET /assets/admin/images/sponsor/weixin199.jpg
[2018-09-14 11:45:07.554] [WARN] access - GET /api/install/themes
[2018-09-14 11:45:07.589] [WARN] access - GET /assets/admin/images/sponsor/weixin999.jpg
[2018-09-14 11:45:07.608] [WARN] access - GET /assets/admin/images/sponsor/alipay999.jpg
[2018-09-14 11:45:07.608] [WARN] access - GET /assets/admin/images/sponsor/alipay499.jpg
[2018-09-14 11:45:07.609] [WARN] access - GET /assets/admin/images/sponsor/alipay99.jpg
[2018-09-14 11:45:07.609] [WARN] access - GET /assets/admin/images/sponsor/alipay199.jpg
[2018-09-14 11:45:17.671] [ERROR] access - PUT /api/install/test-database
[2018-09-14 11:45:17.747] [INFO] access - GET /assets/admin/fonts/fontawesome-webfont.woff2?v=4.6.1
