[2018-09-16 05:01:33.956] [INFO] access - GET /
[2018-09-16 05:01:44.779] [INFO] access - GET /search?%7B%22words%22:%20%22nmask_test_post_data%22%7D
[2018-09-16 05:01:44.780] [INFO] access - GET /xinjing
[2018-09-16 05:01:44.877] [INFO] access - GET /xinjing/xin-jing
[2018-09-16 05:55:22.340] [INFO] access - GET /webdav/
[2018-09-16 05:55:22.929] [INFO] access - GET /help.php
[2018-09-16 05:55:23.280] [INFO] access - GET /java.php
[2018-09-16 05:55:23.630] [INFO] access - GET /_query.php
[2018-09-16 05:55:24.017] [INFO] access - GET /test.php
[2018-09-16 05:55:24.352] [INFO] access - GET /db_cts.php
[2018-09-16 05:55:24.698] [INFO] access - GET /db_pma.php
[2018-09-16 05:55:25.041] [INFO] access - GET /logon.php
[2018-09-16 05:55:25.378] [INFO] access - GET /help-e.php
[2018-09-16 05:55:25.710] [INFO] access - GET /license.php
[2018-09-16 05:55:26.054] [INFO] access - GET /log.php
[2018-09-16 05:55:26.392] [INFO] access - GET /hell.php
[2018-09-16 05:55:26.763] [INFO] access - GET /pmd_online.php
[2018-09-16 05:55:27.057] [INFO] access - GET /x.php
[2018-09-16 05:55:27.346] [INFO] access - GET /shell.php
[2018-09-16 05:55:27.666] [INFO] access - GET /desktop.ini.php
[2018-09-16 05:55:28.009] [INFO] access - GET /z.php
[2018-09-16 05:55:28.492] [INFO] access - GET /lala.php
[2018-09-16 05:55:28.893] [INFO] access - GET /lala-dpr.php
[2018-09-16 05:55:29.224] [INFO] access - GET /wpo.php
[2018-09-16 05:55:29.553] [INFO] access - GET /text.php
[2018-09-16 05:55:29.889] [INFO] access - GET /wp-config.php
[2018-09-16 05:55:30.222] [INFO] access - GET /muhstik.php
[2018-09-16 05:55:30.555] [INFO] access - GET /muhstik2.php
[2018-09-16 05:55:30.837] [INFO] access - GET /muhstiks.php
[2018-09-16 05:55:31.167] [INFO] access - GET /muhstik-dpr.php
[2018-09-16 05:55:31.505] [INFO] access - GET /lol.php
[2018-09-16 05:55:31.834] [INFO] access - GET /uploader.php
[2018-09-16 05:55:32.158] [INFO] access - GET /cmd.php
[2018-09-16 05:55:32.498] [INFO] access - GET /cmx.php
[2018-09-16 05:55:32.846] [INFO] access - GET /cmv.php
[2018-09-16 05:55:33.195] [INFO] access - GET /cmdd.php
[2018-09-16 05:55:33.555] [INFO] access - GET /knal.php
[2018-09-16 05:55:33.945] [INFO] access - GET /cmd.php
[2018-09-16 05:55:34.281] [INFO] access - GET /shell.php
[2018-09-16 05:55:34.615] [INFO] access - GET /appserv.php
[2018-09-16 05:55:35.002] [INFO] access - GET /scripts/setup.php
[2018-09-16 05:55:35.343] [INFO] access - GET /phpmyadmin/scripts/setup.php
[2018-09-16 05:55:35.680] [INFO] access - GET /phpMyAdmin/scripts/setup.php
[2018-09-16 05:55:36.015] [INFO] access - GET /phpmyadmin/scripts/db___.init.php
[2018-09-16 05:55:36.978] [INFO] access - GET /phpMyAdmin/scripts/db___.init.php
[2018-09-16 05:55:37.226] [ERROR] access - POST /wuwu11.php
[2018-09-16 05:55:37.474] [ERROR] access - POST /xw.php
[2018-09-16 05:55:37.714] [ERROR] access - POST /xw1.php
[2018-09-16 05:55:37.951] [ERROR] access - POST /9678.php
[2018-09-16 05:55:38.190] [ERROR] access - POST /wc.php
[2018-09-16 05:55:38.428] [ERROR] access - POST /xx.php
[2018-09-16 05:55:38.665] [ERROR] access - POST /s.php
[2018-09-16 05:55:38.905] [ERROR] access - POST /w.php
[2018-09-16 05:55:39.146] [ERROR] access - POST /sheep.php
[2018-09-16 05:55:39.829] [ERROR] access - POST /qaq.php
[2018-09-16 05:55:40.076] [ERROR] access - POST /db.init.php
[2018-09-16 05:55:40.311] [ERROR] access - POST /db_session.init.php
[2018-09-16 05:55:40.551] [ERROR] access - POST /db__.init.php
[2018-09-16 05:55:41.225] [ERROR] access - POST /wp-admins.php
[2018-09-16 05:55:41.470] [ERROR] access - POST /m.php?pbid=open
[2018-09-16 05:55:41.718] [ERROR] access - POST /db_dataml.php
[2018-09-16 05:55:41.964] [ERROR] access - POST /db_desql.php
[2018-09-16 05:55:42.202] [ERROR] access - POST /mx.php
[2018-09-16 05:55:42.439] [ERROR] access - POST /wshell.php
[2018-09-16 05:55:42.679] [ERROR] access - POST /xshell.php
[2018-09-16 05:55:42.919] [ERROR] access - POST /qq.php
[2018-09-16 05:55:43.158] [ERROR] access - POST /conflg.php
[2018-09-16 05:55:43.402] [ERROR] access - POST /lindex.php
[2018-09-16 05:55:43.639] [ERROR] access - POST /phpstudy.php
[2018-09-16 05:55:43.885] [ERROR] access - POST /phpStudy.php
[2018-09-16 05:55:44.130] [ERROR] access - POST /weixiao.php
[2018-09-16 05:55:44.373] [ERROR] access - POST /feixiang.php
[2018-09-16 05:55:44.610] [ERROR] access - POST /ak47.php
[2018-09-16 05:55:44.856] [ERROR] access - POST /ak48.php
[2018-09-16 05:55:45.094] [ERROR] access - POST /xiao.php
[2018-09-16 05:55:45.332] [ERROR] access - POST /yao.php
[2018-09-16 05:55:45.579] [ERROR] access - POST /defect.php
[2018-09-16 05:55:45.819] [ERROR] access - POST /webslee.php
[2018-09-16 05:55:46.057] [ERROR] access - POST /q.php
[2018-09-16 05:55:46.295] [ERROR] access - POST /pe.php
[2018-09-16 05:55:46.540] [ERROR] access - POST /hm.php
[2018-09-16 05:55:46.784] [ERROR] access - POST /cainiao.php
[2018-09-16 05:55:47.018] [ERROR] access - POST /zuoshou.php
[2018-09-16 05:55:47.257] [ERROR] access - POST /zuo.php
[2018-09-16 05:55:47.503] [ERROR] access - POST /aotu.php
[2018-09-16 05:55:47.742] [ERROR] access - POST /cmd.php
[2018-09-16 05:55:47.978] [ERROR] access - POST /bak.php
[2018-09-16 05:55:48.217] [ERROR] access - POST /system.php
[2018-09-16 05:55:48.463] [ERROR] access - POST /l6.php
[2018-09-16 05:55:48.701] [ERROR] access - POST /l7.php
[2018-09-16 05:55:48.939] [ERROR] access - POST /l8.php
[2018-09-16 05:55:49.185] [ERROR] access - POST /q.php
[2018-09-16 05:55:49.421] [ERROR] access - POST /56.php
[2018-09-16 05:55:49.658] [ERROR] access - POST /mz.php
[2018-09-16 05:55:49.899] [ERROR] access - POST /xx.php
[2018-09-16 05:55:50.140] [ERROR] access - POST /yumo.php
[2018-09-16 05:55:50.377] [ERROR] access - POST /min.php
[2018-09-16 05:55:50.614] [ERROR] access - POST /wan.php
[2018-09-16 05:55:50.854] [ERROR] access - POST /wanan.php
[2018-09-16 05:55:51.096] [ERROR] access - POST /ssaa.php
[2018-09-16 05:55:51.333] [ERROR] access - POST /qq.php
[2018-09-16 05:55:51.578] [ERROR] access - POST /aw.php
[2018-09-16 05:55:51.821] [ERROR] access - POST /12.php
[2018-09-16 05:55:52.066] [ERROR] access - POST /hh.php
[2018-09-16 05:55:52.307] [ERROR] access - POST /ak.php
[2018-09-16 05:55:52.552] [ERROR] access - POST /ip.php
[2018-09-16 05:55:52.791] [ERROR] access - POST /infoo.php
[2018-09-16 05:55:53.033] [ERROR] access - POST /qq.php
[2018-09-16 05:55:53.277] [ERROR] access - POST /qwe.php
[2018-09-16 05:55:53.518] [ERROR] access - POST /1213.php
[2018-09-16 05:55:53.757] [ERROR] access - POST /post.php
[2018-09-16 05:55:53.994] [ERROR] access - POST /h1.php
[2018-09-16 05:55:54.233] [ERROR] access - POST /test.php
[2018-09-16 05:55:54.480] [ERROR] access - POST /3.php
[2018-09-16 05:55:54.723] [ERROR] access - POST /phpinfi.php
[2018-09-16 05:55:54.966] [ERROR] access - POST /aaaa.php
[2018-09-16 05:55:55.208] [ERROR] access - POST /9510.php
[2018-09-16 05:55:55.455] [ERROR] access - POST /python.php
[2018-09-16 05:55:55.701] [ERROR] access - POST /default.php
[2018-09-16 05:55:55.942] [ERROR] access - POST /sean.php
[2018-09-16 05:55:56.176] [ERROR] access - POST /app.php
[2018-09-16 05:55:56.409] [ERROR] access - POST /help.php
[2018-09-16 05:55:56.646] [ERROR] access - POST /tiandi.php
[2018-09-16 05:55:56.883] [ERROR] access - POST /miao.php
[2018-09-16 05:55:57.128] [ERROR] access - POST /xz.php
[2018-09-16 05:55:57.374] [ERROR] access - POST /linuxse.php
[2018-09-16 05:55:57.617] [ERROR] access - POST /zuoindex.php
[2018-09-16 05:55:57.855] [ERROR] access - POST /zshmindex.php
[2018-09-16 05:55:58.095] [ERROR] access - POST /tomcat.php
[2018-09-16 05:55:58.339] [ERROR] access - POST /ceshi.php
[2018-09-16 05:55:58.574] [ERROR] access - POST /1hou.php
[2018-09-16 05:55:59.252] [ERROR] access - POST /boots.php
[2018-09-16 05:55:59.493] [ERROR] access - POST /she.php
[2018-09-16 05:55:59.734] [ERROR] access - POST /s.php
[2018-09-16 05:55:59.977] [ERROR] access - POST /qw.php
[2018-09-16 05:56:00.218] [ERROR] access - POST /test.php
[2018-09-16 05:56:00.464] [ERROR] access - POST /caonma.php
[2018-09-16 05:56:00.711] [ERROR] access - POST /ss.php
[2018-09-16 05:56:00.951] [ERROR] access - POST /wcp.php
[2018-09-16 05:56:01.192] [ERROR] access - POST /uuu.php
[2018-09-16 05:56:01.429] [ERROR] access - POST /1.php
[2018-09-16 05:56:01.672] [ERROR] access - POST /2.php
[2018-09-16 05:56:01.913] [ERROR] access - POST /qaz.php
[2018-09-16 05:56:02.159] [ERROR] access - POST /xiaoma.php
[2018-09-16 05:56:02.400] [ERROR] access - POST /xiaomae.php
[2018-09-16 05:56:02.647] [ERROR] access - POST /xiaomar.php
[2018-09-16 05:56:02.894] [ERROR] access - POST /qq.php
[2018-09-16 05:56:03.141] [ERROR] access - POST /data.php
[2018-09-16 05:56:03.386] [ERROR] access - POST /log.php
[2018-09-16 05:56:03.624] [ERROR] access - POST /fack.php
[2018-09-16 05:56:03.863] [ERROR] access - POST /angge.php
[2018-09-16 05:56:04.175] [INFO] access - GET /index.php
[2018-09-16 05:56:05.462] [INFO] access - GET /phpmyadmin/index.php
[2018-09-16 05:56:06.070] [INFO] access - GET /phpMyAdmin/index.php
[2018-09-16 05:56:06.395] [INFO] access - GET /pmd/index.php
[2018-09-16 05:56:06.725] [INFO] access - GET /pma/index.php
[2018-09-16 05:56:07.062] [INFO] access - GET /PMA/index.php
[2018-09-16 05:56:07.385] [INFO] access - GET /PMA2/index.php
[2018-09-16 05:56:07.696] [INFO] access - GET /pmamy/index.php
[2018-09-16 05:56:08.030] [INFO] access - GET /pmamy2/index.php
[2018-09-16 05:56:08.357] [INFO] access - GET /mysql/index.php
[2018-09-16 05:56:08.617] [INFO] access - GET /admin/index.php
[2018-09-16 05:56:09.692] [INFO] access - GET /db/index.php
[2018-09-16 05:56:10.274] [INFO] access - GET /dbadmin/index.php
[2018-09-16 05:56:10.912] [INFO] access - GET /web/phpMyAdmin/index.php
[2018-09-16 05:56:11.387] [INFO] access - GET /admin/pma/index.php
[2018-09-16 05:56:11.952] [INFO] access - GET /admin/PMA/index.php
[2018-09-16 05:56:12.552] [INFO] access - GET /admin/mysql/index.php
[2018-09-16 05:56:13.152] [INFO] access - GET /admin/mysql2/index.php
[2018-09-16 05:56:13.707] [INFO] access - GET /admin/phpmyadmin/index.php
[2018-09-16 05:56:14.281] [INFO] access - GET /admin/phpMyAdmin/index.php
[2018-09-16 05:56:14.886] [INFO] access - GET /admin/phpmyadmin2/index.php
[2018-09-16 05:56:15.584] [INFO] access - GET /mysqladmin/index.php
[2018-09-16 05:56:15.909] [INFO] access - GET /mysql-admin/index.php
[2018-09-16 05:56:16.210] [INFO] access - GET /phpadmin/index.php
[2018-09-16 05:56:16.551] [INFO] access - GET /phpAdmin/index.php
[2018-09-16 05:56:16.893] [INFO] access - GET /phpmyadmin0/index.php
[2018-09-16 05:56:17.235] [INFO] access - GET /phpmyadmin1/index.php
[2018-09-16 05:56:17.878] [INFO] access - GET /phpmyadmin2/index.php
[2018-09-16 05:56:18.459] [INFO] access - GET /myadmin/index.php
[2018-09-16 05:56:18.894] [INFO] access - GET /myadmin2/index.php
[2018-09-16 05:56:19.236] [INFO] access - GET /xampp/phpmyadmin/index.php
[2018-09-16 05:56:19.521] [INFO] access - GET /phpMyadmin_bak/index.php
[2018-09-16 05:56:19.845] [INFO] access - GET /www/phpMyAdmin/index.php
[2018-09-16 05:56:20.184] [INFO] access - GET /tools/phpMyAdmin/index.php
[2018-09-16 05:56:20.509] [INFO] access - GET /phpmyadmin-old/index.php
[2018-09-16 05:56:21.520] [INFO] access - GET /phpMyAdminold/index.php
[2018-09-16 05:56:21.830] [INFO] access - GET /phpMyAdmin.old/index.php
[2018-09-16 05:56:22.165] [INFO] access - GET /pma-old/index.php
[2018-09-16 05:56:22.496] [INFO] access - GET /claroline/phpMyAdmin/index.php
[2018-09-16 05:56:22.723] [INFO] access - GET /typo3/phpmyadmin/index.php
[2018-09-16 05:56:23.052] [INFO] access - GET /phpma/index.php
[2018-09-16 05:56:23.352] [INFO] access - GET /phpmyadmin/phpmyadmin/index.php
[2018-09-16 05:56:23.974] [INFO] access - GET /phpMyAdmin/phpMyAdmin/index.php
