[2018-09-17 10:06:19.491] [INFO] access - GET /
[2018-09-17 10:09:40.446] [INFO] access - GET /
[2018-09-17 10:14:12.403] [INFO] access - GET /
[2018-09-17 10:39:13.493] [INFO] access - GET /is_not_exist_page
[2018-09-17 10:39:13.641] [INFO] access - GET /.DS_Store
[2018-09-17 10:39:13.780] [INFO] access - GET /.bash_history
[2018-09-17 10:39:13.932] [INFO] access - GET /configprops
[2018-09-17 10:39:14.084] [INFO] access - GET /.rediscli_history
[2018-09-17 10:39:14.305] [INFO] access - GET /.bashrc
[2018-09-17 10:39:14.442] [INFO] access - GET /.cvsignore
[2018-09-17 10:39:14.579] [INFO] access - GET /.history
[2018-09-17 10:39:14.718] [INFO] access - GET /.mysql_history
[2018-09-17 10:39:14.864] [INFO] access - GET /.htpasswd
[2018-09-17 10:39:15.017] [INFO] access - GET /access.log
[2018-09-17 10:39:15.178] [INFO] access - GET /error.log
[2018-09-17 10:39:15.344] [INFO] access - GET /debug.log
[2018-09-17 10:39:15.450] [INFO] access - GET /sql.log
[2018-09-17 10:39:15.572] [INFO] access - GET /build.sh
[2018-09-17 10:39:15.688] [INFO] access - GET /nohup.out
[2018-09-17 10:39:15.812] [INFO] access - GET /.idea/workspace.xml
[2018-09-17 10:39:15.906] [INFO] access - GET /config.ini
[2018-09-17 10:39:16.069] [INFO] access - GET /config/config.ini
[2018-09-17 10:39:16.228] [INFO] access - GET /web.config
[2018-09-17 10:39:16.383] [INFO] access - GET /resin-doc/viewfile/?contextpath=/&servletpath=&file=WEB-INF/resin-web.xml
[2018-09-17 10:39:16.523] [INFO] access - GET /composer.json
[2018-09-17 10:39:16.673] [INFO] access - GET /invoker/JMXInvokerServlet
[2018-09-17 10:39:16.844] [INFO] access - GET /wp-config.inc
[2018-09-17 10:39:16.997] [INFO] access - GET /.log
[2018-09-17 10:39:17.150] [INFO] access - GET /trace
[2018-09-17 10:48:49.111] [INFO] access - GET /
[2018-09-17 10:49:26.322] [INFO] access - GET http://110.249.212.46/testget?q=23333&port=80
[2018-09-17 10:57:37.706] [INFO] access - GET /
