[2018-09-15 22:13:26.876] [WARN] access - GET /
[2018-09-15 22:13:27.039] [WARN] access - GET /themes/default/assets/css/main.css
[2018-09-15 22:13:27.130] [WARN] access - GET /themes/default/assets/js/bootstrap.min.js
[2018-09-15 22:13:27.131] [WARN] access - GET /themes/default/assets/css/bootstrap.min.css
[2018-09-15 22:13:27.131] [WARN] access - GET /themes/default/assets/img/logo.png
[2018-09-15 22:13:27.155] [WARN] access - GET /themes/default/assets/js/jquery-2.2.1.min.js
[2018-09-15 22:13:32.660] [INFO] access - GET /xinjing/xin-jing
[2018-09-15 22:13:32.855] [WARN] access - GET /themes/default/assets/js/jquery-2.2.1.min.js
[2018-09-15 22:13:32.893] [WARN] access - GET /themes/default/assets/css/bootstrap.min.css
[2018-09-15 22:13:32.906] [WARN] access - GET /themes/default/assets/css/main.css
[2018-09-15 22:13:32.911] [WARN] access - GET /themes/default/assets/js/bootstrap.min.js
[2018-09-15 22:13:32.955] [WARN] access - GET /themes/default/assets/img/logo.png
[2018-09-15 22:14:33.109] [WARN] access - GET /
[2018-09-15 22:14:33.258] [WARN] access - GET /themes/default/assets/css/bootstrap.min.css
[2018-09-15 22:14:33.354] [WARN] access - GET /themes/default/assets/js/bootstrap.min.js
[2018-09-15 22:14:33.354] [WARN] access - GET /themes/default/assets/js/jquery-2.2.1.min.js
[2018-09-15 22:14:33.355] [WARN] access - GET /themes/default/assets/css/main.css
[2018-09-15 22:14:33.377] [WARN] access - GET /themes/default/assets/img/logo.png
[2018-09-15 22:14:42.034] [INFO] access - GET /xinjing
[2018-09-15 22:14:42.233] [WARN] access - GET /themes/default/assets/js/jquery-2.2.1.min.js
[2018-09-15 22:14:42.272] [WARN] access - GET /themes/default/assets/css/bootstrap.min.css
[2018-09-15 22:14:42.286] [WARN] access - GET /themes/default/assets/css/main.css
[2018-09-15 22:14:42.341] [WARN] access - GET /themes/default/assets/js/bootstrap.min.js
[2018-09-15 22:14:42.376] [WARN] access - GET /themes/default/assets/img/logo.png
[2018-09-15 22:14:42.555] [INFO] access - GET /media/201809/5b9b5a17dbcc2460cd16478e/xinjing.jpg
[2018-09-15 22:14:51.128] [WARN] access - GET /
[2018-09-15 22:14:51.281] [WARN] access - GET /themes/default/assets/css/bootstrap.min.css
[2018-09-15 22:14:51.369] [WARN] access - GET /themes/default/assets/css/main.css
[2018-09-15 22:14:51.370] [WARN] access - GET /themes/default/assets/js/jquery-2.2.1.min.js
[2018-09-15 22:14:51.382] [WARN] access - GET /themes/default/assets/img/logo.png
[2018-09-15 22:14:51.383] [WARN] access - GET /themes/default/assets/js/bootstrap.min.js
[2018-09-15 22:18:44.267] [WARN] access - GET /themes/default/assets/css/bootstrap.min.css
[2018-09-15 22:18:44.314] [WARN] access - GET /themes/default/assets/js/jquery-2.2.1.min.js
[2018-09-15 22:18:44.315] [WARN] access - GET /themes/default/assets/css/main.css
[2018-09-15 22:18:44.470] [WARN] access - GET /
[2018-09-15 22:18:44.488] [WARN] access - GET /themes/default/assets/js/bootstrap.min.js
[2018-09-15 22:18:44.489] [WARN] access - GET /themes/default/assets/img/logo.png
[2018-09-15 22:18:48.304] [WARN] access - GET /themes/default/assets/js/jquery-2.2.1.min.js
[2018-09-15 22:18:48.310] [WARN] access - GET /themes/default/assets/css/bootstrap.min.css
[2018-09-15 22:18:48.338] [WARN] access - GET /themes/default/assets/css/main.css
[2018-09-15 22:18:48.440] [WARN] access - GET /themes/default/assets/js/bootstrap.min.js
[2018-09-15 22:18:48.440] [WARN] access - GET /themes/default/assets/img/logo.png
[2018-09-15 22:18:48.609] [WARN] access - GET /
[2018-09-15 22:18:48.761] [WARN] access - GET /themes/default/assets/css/main.css
[2018-09-15 22:18:48.762] [WARN] access - GET /themes/default/assets/js/bootstrap.min.js
[2018-09-15 22:18:48.762] [WARN] access - GET /themes/default/assets/js/jquery-2.2.1.min.js
[2018-09-15 22:18:48.762] [WARN] access - GET /themes/default/assets/css/bootstrap.min.css
[2018-09-15 22:18:48.878] [WARN] access - GET /themes/default/assets/img/logo.png
[2018-09-15 22:18:53.738] [WARN] access - GET /
[2018-09-15 22:18:53.873] [WARN] access - GET /themes/default/assets/css/bootstrap.min.css
[2018-09-15 22:18:53.979] [WARN] access - GET /themes/default/assets/js/jquery-2.2.1.min.js
[2018-09-15 22:18:53.980] [WARN] access - GET /themes/default/assets/img/logo.png
[2018-09-15 22:18:53.980] [WARN] access - GET /themes/default/assets/css/main.css
[2018-09-15 22:18:53.981] [WARN] access - GET /themes/default/assets/js/bootstrap.min.js
[2018-09-15 22:18:58.901] [WARN] access - GET /
[2018-09-15 22:18:59.050] [WARN] access - GET /themes/default/assets/css/bootstrap.min.css
[2018-09-15 22:18:59.151] [WARN] access - GET /themes/default/assets/img/logo.png
[2018-09-15 22:18:59.151] [WARN] access - GET /themes/default/assets/js/jquery-2.2.1.min.js
[2018-09-15 22:18:59.151] [WARN] access - GET /themes/default/assets/css/main.css
[2018-09-15 22:18:59.152] [WARN] access - GET /themes/default/assets/js/bootstrap.min.js
[2018-09-15 22:19:23.228] [WARN] access - GET /
[2018-09-15 22:19:23.391] [WARN] access - GET /themes/default/assets/css/main.css
[2018-09-15 22:19:23.495] [WARN] access - GET /themes/default/assets/css/bootstrap.min.css
[2018-09-15 22:19:23.495] [WARN] access - GET /themes/default/assets/js/jquery-2.2.1.min.js
[2018-09-15 22:19:23.496] [WARN] access - GET /themes/default/assets/img/logo.png
[2018-09-15 22:19:23.496] [WARN] access - GET /themes/default/assets/js/bootstrap.min.js
[2018-09-15 22:19:35.477] [WARN] access - GET /
[2018-09-15 22:19:35.671] [WARN] access - GET /themes/default/assets/css/bootstrap.min.css
[2018-09-15 22:19:37.413] [WARN] access - GET /
[2018-09-15 22:19:37.574] [WARN] access - GET /themes/default/assets/css/bootstrap.min.css
[2018-09-15 22:19:37.665] [WARN] access - GET /themes/default/assets/css/main.css
[2018-09-15 22:19:37.667] [WARN] access - GET /themes/default/assets/js/jquery-2.2.1.min.js
[2018-09-15 22:19:37.680] [WARN] access - GET /themes/default/assets/js/bootstrap.min.js
[2018-09-15 22:19:37.681] [WARN] access - GET /themes/default/assets/img/logo.png
[2018-09-15 22:34:17.274] [INFO] access - GET /
[2018-09-15 22:34:18.092] [INFO] access - GET /themes/default/assets/css/bootstrap.min.css
[2018-09-15 22:34:18.140] [INFO] access - GET /themes/default/assets/css/main.css
[2018-09-15 22:34:18.142] [INFO] access - GET /themes/default/assets/js/jquery-2.2.1.min.js
[2018-09-15 22:34:18.155] [INFO] access - GET /themes/default/assets/js/bootstrap.min.js
[2018-09-15 22:34:18.268] [INFO] access - GET /themes/default/assets/img/logo.png
[2018-09-15 22:42:36.407] [INFO] access - GET /
