[2018-09-16 23:12:30.160] [INFO] access - GET /.svn/entries
[2018-09-16 23:12:30.340] [INFO] access - GET /.svn/wc.db
[2018-09-16 23:20:04.394] [INFO] access - GET /webdav/
[2018-09-16 23:20:04.567] [INFO] access - GET /help.php
[2018-09-16 23:20:04.722] [INFO] access - GET /java.php
[2018-09-16 23:20:04.835] [INFO] access - GET /_query.php
[2018-09-16 23:20:04.988] [INFO] access - GET /test.php
[2018-09-16 23:20:05.117] [INFO] access - GET /db_cts.php
[2018-09-16 23:20:05.269] [INFO] access - GET /db_pma.php
[2018-09-16 23:20:05.427] [INFO] access - GET /logon.php
[2018-09-16 23:20:05.565] [INFO] access - GET /help-e.php
[2018-09-16 23:20:05.710] [INFO] access - GET /license.php
[2018-09-16 23:20:05.863] [INFO] access - GET /log.php
[2018-09-16 23:20:06.017] [INFO] access - GET /hell.php
[2018-09-16 23:20:06.149] [INFO] access - GET /pmd_online.php
[2018-09-16 23:20:06.310] [INFO] access - GET /x.php
[2018-09-16 23:20:06.464] [INFO] access - GET /shell.php
[2018-09-16 23:20:06.574] [INFO] access - GET /desktop.ini.php
[2018-09-16 23:20:06.695] [INFO] access - GET /z.php
[2018-09-16 23:20:06.804] [INFO] access - GET /lala.php
[2018-09-16 23:20:06.960] [INFO] access - GET /lala-dpr.php
[2018-09-16 23:20:07.068] [INFO] access - GET /wpo.php
[2018-09-16 23:20:07.228] [INFO] access - GET /text.php
[2018-09-16 23:20:07.438] [INFO] access - GET /wp-config.php
[2018-09-16 23:20:07.593] [INFO] access - GET /muhstik.php
[2018-09-16 23:20:07.792] [INFO] access - GET /muhstik2.php
[2018-09-16 23:20:07.945] [INFO] access - GET /muhstiks.php
[2018-09-16 23:20:08.136] [INFO] access - GET /muhstik-dpr.php
[2018-09-16 23:20:08.332] [INFO] access - GET /lol.php
[2018-09-16 23:20:08.457] [INFO] access - GET /uploader.php
[2018-09-16 23:20:08.599] [INFO] access - GET /cmd.php
[2018-09-16 23:20:08.777] [INFO] access - GET /cmx.php
[2018-09-16 23:20:09.264] [INFO] access - GET /cmv.php
[2018-09-16 23:20:09.411] [INFO] access - GET /cmdd.php
[2018-09-16 23:20:09.528] [INFO] access - GET /knal.php
[2018-09-16 23:20:09.647] [INFO] access - GET /cmd.php
[2018-09-16 23:20:09.804] [INFO] access - GET /shell.php
[2018-09-16 23:20:09.914] [INFO] access - GET /appserv.php
[2018-09-16 23:20:10.075] [INFO] access - GET /scripts/setup.php
[2018-09-16 23:20:10.186] [INFO] access - GET /phpmyadmin/scripts/setup.php
[2018-09-16 23:20:10.296] [INFO] access - GET /phpMyAdmin/scripts/setup.php
[2018-09-16 23:20:10.403] [INFO] access - GET /phpmyadmin/scripts/db___.init.php
[2018-09-16 23:20:10.556] [INFO] access - GET /phpMyAdmin/scripts/db___.init.php
[2018-09-16 23:20:10.596] [ERROR] access - POST /wuwu11.php
[2018-09-16 23:20:10.630] [ERROR] access - POST /xw.php
[2018-09-16 23:20:10.676] [ERROR] access - POST /xw1.php
[2018-09-16 23:20:10.710] [ERROR] access - POST /9678.php
[2018-09-16 23:20:10.735] [ERROR] access - POST /wc.php
[2018-09-16 23:20:11.162] [ERROR] access - POST /xx.php
[2018-09-16 23:20:11.185] [ERROR] access - POST /s.php
[2018-09-16 23:20:11.210] [ERROR] access - POST /w.php
[2018-09-16 23:20:11.237] [ERROR] access - POST /sheep.php
[2018-09-16 23:20:11.260] [ERROR] access - POST /qaq.php
[2018-09-16 23:20:11.295] [ERROR] access - POST /db.init.php
[2018-09-16 23:20:11.362] [ERROR] access - POST /db_session.init.php
[2018-09-16 23:20:11.398] [ERROR] access - POST /db__.init.php
[2018-09-16 23:20:11.422] [ERROR] access - POST /wp-admins.php
[2018-09-16 23:20:11.458] [ERROR] access - POST /m.php?pbid=open
[2018-09-16 23:20:11.481] [ERROR] access - POST /db_dataml.php
[2018-09-16 23:20:11.505] [ERROR] access - POST /db_desql.php
[2018-09-16 23:20:11.538] [ERROR] access - POST /mx.php
[2018-09-16 23:20:11.552] [ERROR] access - POST /wshell.php
[2018-09-16 23:20:11.586] [ERROR] access - POST /xshell.php
[2018-09-16 23:20:11.609] [ERROR] access - POST /qq.php
[2018-09-16 23:20:11.643] [ERROR] access - POST /conflg.php
[2018-09-16 23:20:11.666] [ERROR] access - POST /lindex.php
[2018-09-16 23:20:11.689] [ERROR] access - POST /phpstudy.php
[2018-09-16 23:20:11.712] [ERROR] access - POST /phpStudy.php
[2018-09-16 23:20:11.758] [ERROR] access - POST /weixiao.php
[2018-09-16 23:20:11.792] [ERROR] access - POST /feixiang.php
[2018-09-16 23:20:11.815] [ERROR] access - POST /ak47.php
[2018-09-16 23:20:11.851] [ERROR] access - POST /ak48.php
[2018-09-16 23:20:11.875] [ERROR] access - POST /xiao.php
[2018-09-16 23:20:11.900] [ERROR] access - POST /yao.php
[2018-09-16 23:20:11.924] [ERROR] access - POST /defect.php
[2018-09-16 23:20:11.953] [ERROR] access - POST /webslee.php
[2018-09-16 23:20:11.981] [ERROR] access - POST /q.php
[2018-09-16 23:20:12.013] [ERROR] access - POST /pe.php
[2018-09-16 23:20:12.061] [ERROR] access - POST /hm.php
[2018-09-16 23:20:12.120] [ERROR] access - POST /cainiao.php
[2018-09-16 23:20:12.176] [ERROR] access - POST /zuoshou.php
[2018-09-16 23:20:12.199] [ERROR] access - POST /zuo.php
[2018-09-16 23:20:12.213] [ERROR] access - POST /aotu.php
[2018-09-16 23:20:12.251] [ERROR] access - POST /cmd.php
[2018-09-16 23:20:12.275] [ERROR] access - POST /bak.php
[2018-09-16 23:20:12.299] [ERROR] access - POST /system.php
[2018-09-16 23:20:12.323] [ERROR] access - POST /l6.php
[2018-09-16 23:20:12.351] [ERROR] access - POST /l7.php
[2018-09-16 23:20:12.364] [ERROR] access - POST /l8.php
[2018-09-16 23:20:12.389] [ERROR] access - POST /q.php
[2018-09-16 23:20:12.411] [ERROR] access - POST /56.php
[2018-09-16 23:20:12.444] [ERROR] access - POST /mz.php
[2018-09-16 23:20:12.465] [ERROR] access - POST /xx.php
[2018-09-16 23:20:12.851] [ERROR] access - POST /yumo.php
[2018-09-16 23:20:12.878] [ERROR] access - POST /min.php
[2018-09-16 23:20:12.897] [ERROR] access - POST /wan.php
[2018-09-16 23:20:12.921] [ERROR] access - POST /wanan.php
[2018-09-16 23:20:12.960] [ERROR] access - POST /ssaa.php
[2018-09-16 23:20:12.976] [ERROR] access - POST /qq.php
[2018-09-16 23:20:12.998] [ERROR] access - POST /aw.php
[2018-09-16 23:20:13.013] [ERROR] access - POST /12.php
[2018-09-16 23:20:13.038] [ERROR] access - POST /hh.php
[2018-09-16 23:20:13.072] [ERROR] access - POST /ak.php
[2018-09-16 23:20:13.095] [ERROR] access - POST /ip.php
[2018-09-16 23:20:13.130] [ERROR] access - POST /infoo.php
[2018-09-16 23:20:13.175] [ERROR] access - POST /qq.php
[2018-09-16 23:20:13.235] [ERROR] access - POST /qwe.php
[2018-09-16 23:20:13.291] [ERROR] access - POST /1213.php
[2018-09-16 23:20:13.327] [ERROR] access - POST /post.php
[2018-09-16 23:20:13.374] [ERROR] access - POST /h1.php
[2018-09-16 23:20:13.398] [ERROR] access - POST /test.php
[2018-09-16 23:20:13.421] [ERROR] access - POST /3.php
[2018-09-16 23:20:13.445] [ERROR] access - POST /phpinfi.php
[2018-09-16 23:20:13.479] [ERROR] access - POST /aaaa.php
[2018-09-16 23:20:13.507] [ERROR] access - POST /9510.php
[2018-09-16 23:20:13.531] [ERROR] access - POST /python.php
[2018-09-16 23:20:13.576] [ERROR] access - POST /default.php
[2018-09-16 23:20:13.606] [ERROR] access - POST /sean.php
[2018-09-16 23:20:13.629] [ERROR] access - POST /app.php
[2018-09-16 23:20:13.688] [ERROR] access - POST /help.php
[2018-09-16 23:20:13.798] [ERROR] access - POST /tiandi.php
[2018-09-16 23:20:13.856] [ERROR] access - POST /miao.php
[2018-09-16 23:20:13.905] [ERROR] access - POST /xz.php
[2018-09-16 23:20:13.935] [ERROR] access - POST /linuxse.php
[2018-09-16 23:20:13.972] [ERROR] access - POST /zuoindex.php
[2018-09-16 23:20:13.997] [ERROR] access - POST /zshmindex.php
[2018-09-16 23:20:14.021] [ERROR] access - POST /tomcat.php
[2018-09-16 23:20:14.043] [ERROR] access - POST /ceshi.php
[2018-09-16 23:20:14.079] [ERROR] access - POST /1hou.php
[2018-09-16 23:20:14.101] [ERROR] access - POST /boots.php
[2018-09-16 23:20:14.139] [ERROR] access - POST /she.php
[2018-09-16 23:20:14.176] [ERROR] access - POST /s.php
[2018-09-16 23:20:14.201] [ERROR] access - POST /qw.php
[2018-09-16 23:20:14.224] [ERROR] access - POST /test.php
[2018-09-16 23:20:14.247] [ERROR] access - POST /caonma.php
[2018-09-16 23:20:14.304] [ERROR] access - POST /ss.php
[2018-09-16 23:20:14.331] [ERROR] access - POST /wcp.php
[2018-09-16 23:20:14.367] [ERROR] access - POST /uuu.php
[2018-09-16 23:20:14.401] [ERROR] access - POST /1.php
[2018-09-16 23:20:14.426] [ERROR] access - POST /2.php
[2018-09-16 23:20:14.449] [ERROR] access - POST /qaz.php
[2018-09-16 23:20:14.485] [ERROR] access - POST /xiaoma.php
[2018-09-16 23:20:14.520] [ERROR] access - POST /xiaomae.php
[2018-09-16 23:20:14.554] [ERROR] access - POST /xiaomar.php
[2018-09-16 23:20:14.588] [ERROR] access - POST /qq.php
[2018-09-16 23:20:14.612] [ERROR] access - POST /data.php
[2018-09-16 23:20:14.634] [ERROR] access - POST /log.php
[2018-09-16 23:20:14.656] [ERROR] access - POST /fack.php
[2018-09-16 23:20:14.691] [ERROR] access - POST /angge.php
[2018-09-16 23:20:14.803] [INFO] access - GET /index.php
[2018-09-16 23:20:14.925] [INFO] access - GET /phpmyadmin/index.php
[2018-09-16 23:20:15.042] [INFO] access - GET /phpMyAdmin/index.php
[2018-09-16 23:20:15.200] [INFO] access - GET /pmd/index.php
[2018-09-16 23:20:15.321] [INFO] access - GET /pma/index.php
[2018-09-16 23:20:15.433] [INFO] access - GET /PMA/index.php
[2018-09-16 23:20:15.573] [INFO] access - GET /PMA2/index.php
[2018-09-16 23:20:15.764] [INFO] access - GET /pmamy/index.php
[2018-09-16 23:20:15.886] [INFO] access - GET /pmamy2/index.php
[2018-09-16 23:20:16.083] [INFO] access - GET /mysql/index.php
[2018-09-16 23:20:16.111] [INFO] access - GET /admin/index.php
[2018-09-16 23:20:16.476] [INFO] access - GET /db/index.php
[2018-09-16 23:20:16.632] [INFO] access - GET /dbadmin/index.php
[2018-09-16 23:20:16.742] [INFO] access - GET /web/phpMyAdmin/index.php
[2018-09-16 23:20:16.789] [INFO] access - GET /admin/pma/index.php
[2018-09-16 23:20:17.090] [INFO] access - GET /admin/PMA/index.php
[2018-09-16 23:20:17.423] [INFO] access - GET /admin/mysql/index.php
[2018-09-16 23:20:17.768] [INFO] access - GET /admin/mysql2/index.php
[2018-09-16 23:20:18.031] [INFO] access - GET /admin/phpmyadmin/index.php
[2018-09-16 23:20:18.336] [INFO] access - GET /admin/phpMyAdmin/index.php
[2018-09-16 23:20:18.664] [INFO] access - GET /admin/phpmyadmin2/index.php
[2018-09-16 23:20:19.030] [INFO] access - GET /mysqladmin/index.php
[2018-09-16 23:20:19.150] [INFO] access - GET /mysql-admin/index.php
[2018-09-16 23:20:19.305] [INFO] access - GET /phpadmin/index.php
[2018-09-16 23:20:19.492] [INFO] access - GET /phpAdmin/index.php
[2018-09-16 23:20:19.670] [INFO] access - GET /phpmyadmin0/index.php
[2018-09-16 23:20:19.793] [INFO] access - GET /phpmyadmin1/index.php
[2018-09-16 23:20:19.936] [INFO] access - GET /phpmyadmin2/index.php
[2018-09-16 23:20:20.050] [INFO] access - GET /myadmin/index.php
[2018-09-16 23:20:20.188] [INFO] access - GET /myadmin2/index.php
[2018-09-16 23:20:20.321] [INFO] access - GET /xampp/phpmyadmin/index.php
[2018-09-16 23:20:20.431] [INFO] access - GET /phpMyadmin_bak/index.php
[2018-09-16 23:20:20.546] [INFO] access - GET /www/phpMyAdmin/index.php
[2018-09-16 23:20:20.994] [INFO] access - GET /tools/phpMyAdmin/index.php
[2018-09-16 23:20:21.155] [INFO] access - GET /phpmyadmin-old/index.php
[2018-09-16 23:20:21.305] [INFO] access - GET /phpMyAdminold/index.php
[2018-09-16 23:20:21.470] [INFO] access - GET /phpMyAdmin.old/index.php
[2018-09-16 23:20:21.633] [INFO] access - GET /pma-old/index.php
[2018-09-16 23:20:21.790] [INFO] access - GET /claroline/phpMyAdmin/index.php
[2018-09-16 23:20:21.914] [INFO] access - GET /typo3/phpmyadmin/index.php
[2018-09-16 23:20:22.081] [INFO] access - GET /phpma/index.php
[2018-09-16 23:20:22.218] [INFO] access - GET /phpmyadmin/phpmyadmin/index.php
[2018-09-16 23:20:22.455] [INFO] access - GET /phpMyAdmin/phpMyAdmin/index.php
[2018-09-16 23:20:22.563] [INFO] access - GET /v/index.php
[2018-09-16 23:20:22.672] [INFO] access - GET /phpmyadm1n/index.php
[2018-09-16 23:37:12.893] [INFO] access - GET /
[2018-09-16 23:39:33.633] [ERROR] access - POST /
[2018-09-16 23:56:33.763] [INFO] access - GET /orders.xml
