[2018-09-16 18:31:21.595] [INFO] access - GET http://www.baidu.com/cache/global/img/gs.gif
[2019-01-16 18:18:51.541] [WARN] access - GET /page/hm
[2019-01-16 18:18:51.555] [INFO] access - GET /page/hm/
[2019-01-16 18:18:51.638] [INFO] access - GET /themes/default/assets/css/style.css
[2019-01-16 18:18:51.761] [INFO] access - GET /page/images/zfb.jpeg
[2019-01-16 18:18:51.770] [INFO] access - GET /page/images/xhq.png
[2019-01-16 18:18:51.793] [INFO] access - GET /themes/default/assets/js/clipboard.min.js
[2019-01-16 18:18:51.797] [INFO] access - GET /themes/default/assets/js/jquery-2.2.1.min.js
[2019-01-16 18:18:51.820] [INFO] access - GET /themes/default/assets/js/echarts.common.min.js
[2019-01-16 18:18:52.050] [INFO] access - GET /heim
[2019-01-16 18:18:52.053] [INFO] access - GET /getmoney
[2019-01-16 18:18:55.196] [WARN] access - GET /themes/default/assets/css/style.css
[2019-01-16 18:20:00.768] [WARN] access - GET /page/images/zfb.jpeg
[2019-01-16 18:20:00.821] [WARN] access - GET /themes/default/assets/js/jquery-2.2.1.min.js
[2019-01-16 18:20:00.822] [INFO] access - GET /themes/default/assets/img/logo.png
[2019-01-16 18:20:00.823] [INFO] access - GET /themes/default/assets/css/main.css
[2019-01-16 18:20:00.823] [INFO] access - GET /themes/default/assets/js/bootstrap.min.js
[2019-01-16 18:20:00.825] [INFO] access - GET /themes/default/assets/css/bootstrap.min.css
[2019-01-16 18:20:53.588] [INFO] access - GET /page/hm/
[2019-01-16 18:20:53.614] [INFO] access - GET /themes/default/assets/css/style.css
[2019-01-16 18:20:53.616] [INFO] access - GET /images/zfb.jpeg
[2019-01-16 18:20:53.616] [INFO] access - GET /images/xhq.png
[2019-01-16 18:20:53.799] [INFO] access - GET /themes/default/assets/js/clipboard.min.js
[2019-01-16 18:20:53.804] [INFO] access - GET /themes/default/assets/js/jquery-2.2.1.min.js
[2019-01-16 18:20:53.828] [INFO] access - GET /themes/default/assets/js/echarts.common.min.js
[2019-01-16 18:20:54.055] [INFO] access - GET /getmoney
[2019-01-16 18:20:54.056] [INFO] access - GET /heim
[2019-01-16 18:24:12.034] [INFO] access - GET /page/hm/
[2019-01-16 18:24:12.062] [INFO] access - GET /themes/default/assets/css/style.css
[2019-01-16 18:24:12.063] [INFO] access - GET /images/zfb.jpeg
[2019-01-16 18:24:12.064] [INFO] access - GET /images/xhq.png
[2019-01-16 18:24:12.219] [INFO] access - GET /themes/default/assets/js/clipboard.min.js
[2019-01-16 18:24:12.225] [INFO] access - GET /themes/default/assets/js/jquery-2.2.1.min.js
[2019-01-16 18:24:12.249] [INFO] access - GET /themes/default/assets/js/echarts.common.min.js
[2019-01-16 18:24:12.402] [INFO] access - GET /getmoney
[2019-01-16 18:24:12.403] [INFO] access - GET /heim
