[2018-10-19 18:35:06.097] [INFO] access - GET /api/wx
[2018-10-19 18:35:06.130] [WARN] access - GET /themes/default/assets/js/bootstrap.min.js
[2018-10-19 18:35:06.130] [WARN] access - GET /themes/default/assets/js/jquery-2.2.1.min.js
[2018-10-19 18:35:06.132] [INFO] access - GET /themes/default/assets/css/main.css
[2018-10-19 18:35:06.142] [INFO] access - GET /themes/default/assets/img/logo.png
[2018-10-19 18:35:06.143] [INFO] access - GET /themes/default/assets/css/bootstrap.min.css
[2018-10-19 18:35:16.755] [WARN] access - GET /api/wx
[2018-10-19 18:35:16.787] [WARN] access - GET /themes/default/assets/css/bootstrap.min.css
[2018-10-19 18:35:16.788] [WARN] access - GET /themes/default/assets/css/main.css
[2018-10-19 18:35:16.797] [WARN] access - GET /themes/default/assets/js/jquery-2.2.1.min.js
[2018-10-19 18:35:16.798] [WARN] access - GET /themes/default/assets/img/logo.png
[2018-10-19 18:35:16.799] [WARN] access - GET /themes/default/assets/js/bootstrap.min.js
[2018-10-19 18:35:18.936] [WARN] access - GET /api/wx
[2018-10-19 18:35:18.958] [WARN] access - GET /themes/default/assets/css/bootstrap.min.css
[2018-10-19 18:35:18.959] [WARN] access - GET /themes/default/assets/img/logo.png
[2018-10-19 18:35:18.960] [WARN] access - GET /themes/default/assets/css/main.css
[2018-10-19 18:35:18.960] [WARN] access - GET /themes/default/assets/js/jquery-2.2.1.min.js
[2018-10-19 18:35:18.961] [WARN] access - GET /themes/default/assets/js/bootstrap.min.js
[2018-10-19 18:35:35.550] [WARN] access - GET /api/wx
[2018-10-19 18:35:35.575] [WARN] access - GET /themes/default/assets/css/bootstrap.min.css
[2018-10-19 18:35:35.577] [WARN] access - GET /themes/default/assets/css/main.css
[2018-10-19 18:35:35.577] [WARN] access - GET /themes/default/assets/js/jquery-2.2.1.min.js
[2018-10-19 18:35:35.578] [WARN] access - GET /themes/default/assets/js/bootstrap.min.js
[2018-10-19 18:35:35.579] [WARN] access - GET /themes/default/assets/img/logo.png
[2018-10-19 18:35:43.303] [INFO] access - GET /api/wx
[2018-10-19 18:36:17.615] [WARN] access - GET /api/wx
[2018-10-19 18:40:02.455] [WARN] access - GET /api/wx
[2018-10-19 18:40:09.908] [INFO] access - GET /api/wx
