[2018-09-14 18:17:14.922] [INFO] access - GET /
[2018-09-14 18:17:15.056] [INFO] access - GET /themes/default/assets/css/bootstrap.min.css
[2018-09-14 18:17:15.070] [INFO] access - GET /themes/default/assets/css/main.css
[2018-09-14 18:17:15.098] [INFO] access - GET /themes/default/assets/img/logo.png
[2018-09-14 18:17:15.125] [INFO] access - GET /themes/default/assets/js/bootstrap.min.js
[2018-09-14 18:17:15.127] [INFO] access - GET /themes/default/assets/js/jquery-2.2.1.min.js
[2018-09-14 18:17:26.615] [INFO] access - GET /
[2018-11-14 18:19:00.198] [INFO] access - GET /page/sx/
[2018-11-14 18:19:00.223] [INFO] access - GET /themes/default/assets/css/mobiscroll.min.css
[2018-11-14 18:19:00.226] [INFO] access - GET /themes/default/assets/js/mobiscrollv2.1.js
[2018-11-14 18:19:00.227] [INFO] access - GET /themes/default/assets/css/bootstrap.min.css
[2018-11-14 18:19:00.228] [INFO] access - GET /themes/default/assets/js/jquery-2.2.1.min.js
[2018-11-14 18:19:00.542] [INFO] access - GET /themes/default/assets/css/bootstrap.min.css.map
[2018-11-14 18:19:55.578] [INFO] access - GET /page/sx/
[2018-11-14 18:19:55.600] [INFO] access - GET /themes/default/assets/css/bootstrap.min.css
[2018-11-14 18:19:55.604] [INFO] access - GET /themes/default/assets/css/mobiscroll.min.css
[2018-11-14 18:19:55.610] [INFO] access - GET /themes/default/assets/js/jquery-2.2.1.min.js
[2018-11-14 18:19:55.611] [INFO] access - GET /themes/default/assets/js/mobiscrollv2.1.js
[2018-11-14 18:20:04.696] [INFO] access - GET /page/sx/
[2018-11-14 18:20:04.750] [INFO] access - GET /themes/default/assets/css/mobiscroll.min.css
[2018-11-14 18:20:04.752] [INFO] access - GET /themes/default/assets/css/bootstrap.min.css
[2018-11-14 18:20:04.753] [INFO] access - GET /themes/default/assets/js/mobiscrollv2.1.js
[2018-11-14 18:20:04.754] [INFO] access - GET /themes/default/assets/js/jquery-2.2.1.min.js
[2018-11-14 18:20:05.207] [INFO] access - GET /themes/default/assets/css/bootstrap.min.css.map
[2018-11-14 18:21:42.947] [INFO] access - GET /page/sx/
[2018-11-14 18:21:42.971] [INFO] access - GET /themes/default/assets/css/bootstrap.min.css
[2018-11-14 18:21:42.975] [INFO] access - GET /themes/default/assets/css/mobiscroll.min.css
[2018-11-14 18:21:42.979] [INFO] access - GET /themes/default/assets/js/jquery-2.2.1.min.js
[2018-11-14 18:21:42.980] [INFO] access - GET /themes/default/assets/js/mobiscrollv2.1.js
[2018-11-14 18:21:43.284] [INFO] access - GET /themes/default/assets/css/bootstrap.min.css.map
[2018-11-14 18:22:09.452] [INFO] access - GET /page/sx/
[2018-11-14 18:22:09.481] [INFO] access - GET /themes/default/assets/css/bootstrap.min.css
[2018-11-14 18:22:09.482] [INFO] access - GET /themes/default/assets/css/mobiscroll.min.css
[2018-11-14 18:22:09.489] [INFO] access - GET /themes/default/assets/js/mobiscrollv2.1.js
[2018-11-14 18:22:09.491] [INFO] access - GET /themes/default/assets/js/jquery-2.2.1.min.js
[2018-11-14 18:22:09.686] [INFO] access - GET /themes/default/assets/css/bootstrap.min.css.map
[2018-11-14 18:22:28.975] [INFO] access - GET /page/sx/
[2018-11-14 18:22:28.996] [INFO] access - GET /themes/default/assets/css/mobiscroll.min.css
[2018-11-14 18:22:29.001] [INFO] access - GET /themes/default/assets/css/bootstrap.min.css
[2018-11-14 18:22:29.007] [INFO] access - GET /themes/default/assets/js/jquery-2.2.1.min.js
[2018-11-14 18:22:29.010] [INFO] access - GET /themes/default/assets/js/mobiscrollv2.1.js
[2018-11-14 18:22:29.217] [INFO] access - GET /themes/default/assets/css/bootstrap.min.css.map
[2018-11-14 18:24:00.723] [INFO] access - GET /page/sx/
[2018-11-14 18:24:00.750] [INFO] access - GET /themes/default/assets/css/mobiscroll.min.css
[2018-11-14 18:24:00.753] [INFO] access - GET /themes/default/assets/css/bootstrap.min.css
[2018-11-14 18:24:00.758] [INFO] access - GET /themes/default/assets/js/jquery-2.2.1.min.js
[2018-11-14 18:24:00.758] [INFO] access - GET /themes/default/assets/js/mobiscrollv2.1.js
[2018-11-14 18:24:00.957] [INFO] access - GET /themes/default/assets/css/bootstrap.min.css.map
[2018-11-14 18:24:04.049] [ERROR] access - POST /saveperson
[2018-11-14 18:35:38.695] [INFO] access - GET /page/sx/
[2018-11-14 18:35:38.717] [INFO] access - GET /themes/default/assets/css/mobiscroll.min.css
[2018-11-14 18:35:38.719] [INFO] access - GET /themes/default/assets/css/bootstrap.min.css
[2018-11-14 18:35:38.720] [INFO] access - GET /themes/default/assets/js/mobiscrollv2.1.js
[2018-11-14 18:35:38.721] [INFO] access - GET /themes/default/assets/js/jquery-2.2.1.min.js
[2018-11-14 18:35:38.959] [INFO] access - GET /themes/default/assets/css/bootstrap.min.css.map
[2018-11-14 18:35:40.175] [ERROR] access - POST /saveperson
[2018-11-14 18:36:17.184] [INFO] access - GET /page/sx/
[2018-11-14 18:36:17.205] [INFO] access - GET /themes/default/assets/css/mobiscroll.min.css
[2018-11-14 18:36:17.207] [INFO] access - GET /themes/default/assets/css/bootstrap.min.css
[2018-11-14 18:36:17.209] [INFO] access - GET /themes/default/assets/js/jquery-2.2.1.min.js
[2018-11-14 18:36:17.210] [INFO] access - GET /themes/default/assets/js/mobiscrollv2.1.js
[2018-11-14 18:36:17.404] [INFO] access - GET /themes/default/assets/css/bootstrap.min.css.map
[2018-11-14 18:36:38.680] [ERROR] access - POST /saveperson
[2018-11-14 18:39:11.970] [ERROR] access - POST /saveperson
[2018-11-14 18:40:48.501] [ERROR] access - POST /saveperson
[2018-11-14 18:41:58.525] [ERROR] access - POST /saveperson
[2018-11-14 18:43:49.674] [INFO] access - POST /saveperson
[2018-11-14 18:47:40.986] [ERROR] access - POST /saveperson
