[2018-09-14 17:06:13.243] [INFO] access - GET /
[2018-09-14 17:06:13.451] [INFO] access - GET /themes/default/assets/img/logo.png
[2018-09-14 17:06:13.465] [INFO] access - GET /themes/default/assets/css/bootstrap.min.css
[2018-09-14 17:06:13.466] [INFO] access - GET /themes/default/assets/css/main.css
[2018-09-14 17:06:13.470] [INFO] access - GET /themes/default/assets/js/bootstrap.min.js
[2018-09-14 17:06:13.495] [INFO] access - GET /themes/default/assets/js/jquery-2.2.1.min.js
[2018-09-14 17:06:14.051] [INFO] access - GET /themes/default/assets/css/bootstrap.min.css.map
[2018-09-14 17:06:19.222] [INFO] access - GET /admin/contents/category/5b9b57f8dbcc2460cd16478d
[2018-09-14 17:06:19.427] [INFO] access - GET /assets/admin/main.css
[2018-09-14 17:06:19.464] [INFO] access - GET /assets/admin/main.js
[2018-09-14 17:06:19.490] [INFO] access - GET /assets/admin/vendor.css
[2018-09-14 17:06:19.491] [INFO] access - GET /assets/admin/views.js
[2018-09-14 17:06:19.613] [INFO] access - GET /assets/admin/vendor.js
[2018-09-14 17:06:20.714] [INFO] access - GET /api/account
[2018-09-14 17:06:21.202] [INFO] access - PUT /api/statistics
[2018-09-14 17:06:21.496] [INFO] access - GET /api/categories
[2018-09-14 17:06:21.497] [INFO] access - GET /api/categories/5b9b57f8dbcc2460cd16478d
[2018-09-14 17:06:21.533] [INFO] access - GET /assets/admin/fonts/fontawesome-webfont.woff2?v=4.6.1
[2018-09-14 17:06:21.571] [INFO] access - GET /api/dashboard
[2018-09-14 17:06:21.614] [INFO] access - GET /assets/admin/images/logo@2x.png
[2018-09-14 17:06:21.615] [INFO] access - GET /api/contents?_id=5b9b57f8dbcc2460cd16478d&currentPage=1&deleted=false&pageSize=20
[2018-09-14 17:06:21.747] [INFO] access - GET /assets/admin/images/sponsor/weixin199.jpg
[2018-09-14 17:06:21.765] [INFO] access - GET /assets/admin/images/sponsor/weixin99.jpg
[2018-09-14 17:06:21.794] [INFO] access - GET /assets/admin/images/sponsor/weixin999.jpg
[2018-09-14 17:06:21.826] [INFO] access - GET /assets/admin/images/sponsor/weixin499.jpg
[2018-09-14 17:06:21.827] [INFO] access - GET /assets/admin/images/sponsor/alipay99.jpg
[2018-09-14 17:06:21.863] [WARN] access - GET /api/contents?_id=5b9b57f8dbcc2460cd16478d&currentPage=1&deleted=false&pageSize=20
[2018-09-14 17:06:21.880] [INFO] access - GET /assets/admin/images/sponsor/alipay199.jpg
[2018-09-14 17:06:21.917] [INFO] access - GET /assets/admin/images/sponsor/alipay499.jpg
[2018-09-14 17:06:22.552] [INFO] access - GET /assets/admin/images/sponsor/alipay999.jpg
[2018-09-14 17:06:23.206] [INFO] access - GET /media/201809/5b9b5a17dbcc2460cd16478e/xinjing.jpg
[2018-09-14 17:15:32.149] [INFO] access - GET /
[2018-09-14 17:15:32.415] [INFO] access - GET /themes/default/assets/css/bootstrap.min.css
[2018-09-14 17:15:32.471] [INFO] access - GET /themes/default/assets/img/logo.png
[2018-09-14 17:15:32.478] [INFO] access - GET /themes/default/assets/js/bootstrap.min.js
[2018-09-14 17:15:32.490] [INFO] access - GET /themes/default/assets/js/jquery-2.2.1.min.js
[2018-09-14 17:15:32.490] [INFO] access - GET /themes/default/assets/css/main.css
[2018-09-14 17:25:13.472] [INFO] access - GET http://www.baidu.com/cache/global/img/gs.gif
[2018-09-14 17:51:56.168] [INFO] access - GET /
[2018-09-14 17:51:56.276] [INFO] access - GET /themes/default/assets/css/bootstrap.min.css
[2018-09-14 17:51:56.280] [INFO] access - GET /themes/default/assets/css/main.css
[2018-09-14 17:51:56.335] [INFO] access - GET /themes/default/assets/img/logo.png
[2018-09-14 17:51:56.340] [INFO] access - GET /themes/default/assets/js/bootstrap.min.js
[2018-09-14 17:51:56.402] [INFO] access - GET /themes/default/assets/js/jquery-2.2.1.min.js
[2018-09-14 17:51:56.766] [INFO] access - GET /themes/default/assets/css/bootstrap.min.css.map
[2018-09-14 17:52:43.676] [INFO] access - GET /
[2018-09-14 17:52:43.805] [INFO] access - GET /themes/default/assets/css/main.css
[2018-09-14 17:52:43.828] [INFO] access - GET /themes/default/assets/js/bootstrap.min.js
[2018-09-14 17:52:43.842] [INFO] access - GET /themes/default/assets/js/jquery-2.2.1.min.js
[2018-09-14 17:52:43.844] [INFO] access - GET /themes/default/assets/img/logo.png
[2018-09-14 17:52:43.844] [INFO] access - GET /themes/default/assets/css/bootstrap.min.css
[2018-09-14 17:52:44.291] [INFO] access - GET /themes/default/assets/css/bootstrap.min.css.map
[2018-09-14 17:54:39.504] [INFO] access - GET /
[2018-09-14 17:54:39.720] [INFO] access - GET /themes/default/assets/css/main.css
[2018-09-14 17:54:39.748] [INFO] access - GET /themes/default/assets/js/bootstrap.min.js
[2018-09-14 17:54:39.748] [INFO] access - GET /themes/default/assets/img/logo.png
[2018-09-14 17:54:39.787] [INFO] access - GET /themes/default/assets/js/jquery-2.2.1.min.js
[2018-09-14 17:54:39.787] [INFO] access - GET /themes/default/assets/css/bootstrap.min.css
[2018-09-14 17:54:40.050] [INFO] access - GET /themes/default/assets/css/bootstrap.min.css.map
[2018-09-14 17:56:26.691] [INFO] access - GET /
[2018-09-14 17:56:26.793] [INFO] access - GET /themes/default/assets/css/main.css
[2018-09-14 17:56:26.819] [INFO] access - GET /themes/default/assets/js/bootstrap.min.js
[2018-09-14 17:56:26.841] [INFO] access - GET /themes/default/assets/js/jquery-2.2.1.min.js
[2018-09-14 17:56:26.843] [INFO] access - GET /themes/default/assets/css/bootstrap.min.css
[2018-09-14 17:56:26.869] [INFO] access - GET /themes/default/assets/img/logo.png
[2018-09-14 17:56:27.191] [INFO] access - GET /themes/default/assets/css/bootstrap.min.css.map
[2018-09-14 17:56:45.168] [INFO] access - GET /
[2018-09-14 17:56:58.318] [INFO] access - GET /?nsukey=umyufIr0g9e2BytBUzEF2FVbYvVkoTmO2BHf0nBmylnQ9COQXC7cKqsKIUeGAFFQiO6uvjot39VigEsJ2BVZW8reALk3HA1F6F1ogo7Jl5SwFw9ovoCOHBf0ZqNHEDgzac62BiKRhGqfOkGBJl2Blc34FKJJ2BosraKjDIu1Rny1J9j2FmL5tui4anjLyJ7V04YufOpHaM4Hfv8si62VAyGmH2Fdp3w3D3D
[2018-09-14 17:56:58.319] [INFO] access - GET /
[2018-09-14 17:56:58.342] [INFO] access - GET /
[2018-09-14 17:56:59.370] [INFO] access - GET /themes/default/assets/css/bootstrap.min.css
[2018-09-14 17:56:59.391] [INFO] access - GET /themes/default/assets/css/main.css
[2018-09-14 17:56:59.397] [INFO] access - GET /themes/default/assets/js/bootstrap.min.js
[2018-09-14 17:56:59.398] [INFO] access - GET /themes/default/assets/js/jquery-2.2.1.min.js
[2018-09-14 17:57:00.457] [INFO] access - GET /themes/default/assets/img/logo.png
[2018-09-14 17:57:03.199] [INFO] access - GET /themes/default/assets/img/logo.png
[2018-09-14 17:57:10.835] [WARN] access - GET /
[2018-09-14 17:57:10.958] [WARN] access - GET /themes/default/assets/css/bootstrap.min.css
[2018-09-14 17:57:10.959] [WARN] access - GET /themes/default/assets/css/main.css
[2018-09-14 17:57:10.959] [WARN] access - GET /themes/default/assets/js/bootstrap.min.js
[2018-09-14 17:57:10.959] [WARN] access - GET /themes/default/assets/js/jquery-2.2.1.min.js
[2018-09-14 17:57:10.960] [WARN] access - GET /themes/default/assets/img/logo.png
[2018-09-14 17:57:14.718] [WARN] access - GET /
[2018-09-14 17:57:14.807] [WARN] access - GET /themes/default/assets/css/bootstrap.min.css
[2018-09-14 17:57:14.808] [WARN] access - GET /themes/default/assets/css/main.css
[2018-09-14 17:57:14.808] [WARN] access - GET /themes/default/assets/js/jquery-2.2.1.min.js
[2018-09-14 17:57:14.809] [WARN] access - GET /themes/default/assets/js/bootstrap.min.js
[2018-09-14 17:57:14.809] [WARN] access - GET /themes/default/assets/img/logo.png
[2018-09-14 17:57:46.615] [INFO] access - GET /
[2018-09-14 17:57:46.744] [INFO] access - GET /themes/default/assets/js/bootstrap.min.js
[2018-09-14 17:57:46.788] [INFO] access - GET /themes/default/assets/css/main.css
[2018-09-14 17:57:46.791] [INFO] access - GET /themes/default/assets/js/jquery-2.2.1.min.js
[2018-09-14 17:57:46.791] [INFO] access - GET /themes/default/assets/css/bootstrap.min.css
[2018-09-14 17:57:46.839] [INFO] access - GET /themes/default/assets/img/logo.png
[2018-09-14 17:57:49.367] [INFO] access - GET /
[2018-09-14 17:57:49.468] [WARN] access - GET /themes/default/assets/css/bootstrap.min.css
[2018-09-14 17:57:49.469] [WARN] access - GET /themes/default/assets/css/main.css
[2018-09-14 17:57:49.478] [WARN] access - GET /themes/default/assets/js/jquery-2.2.1.min.js
[2018-09-14 17:57:49.497] [WARN] access - GET /themes/default/assets/js/bootstrap.min.js
[2018-09-14 17:57:49.523] [WARN] access - GET /themes/default/assets/img/logo.png
[2018-09-14 17:57:57.385] [INFO] access - GET /?nsukey=umyufIr0g9e%2BytBUzEF%2FVbYvVkoTmO%2BHf0nBmylnQ9COQXC7cKqsKIUeGAFFQiO6uvjot39VigEsJ%2BVZW8reALk3HA1F6F1ogo7Jl5SwFw9ovoCOHBf0ZqNHEDgzac6%2BiKRhGqfOkGBJl%2Blc34FKJJ%2BosraKjDIu1Rny1J9j%2FmL5tui4anjLyJ7V04YufOpHaM4Hfv8si62VAyGmH%2Fdp3w%3D%3D
[2018-09-14 17:57:57.597] [INFO] access - GET /themes/default/assets/js/jquery-2.2.1.min.js
[2018-09-14 17:57:58.002] [INFO] access - GET /themes/default/assets/js/bootstrap.min.js
[2018-09-14 17:58:12.862] [WARN] access - GET /
[2018-09-14 17:58:12.977] [WARN] access - GET /themes/default/assets/css/bootstrap.min.css
[2018-09-14 17:58:12.991] [WARN] access - GET /themes/default/assets/js/bootstrap.min.js
[2018-09-14 17:58:12.992] [WARN] access - GET /themes/default/assets/css/main.css
[2018-09-14 17:58:12.992] [WARN] access - GET /themes/default/assets/js/jquery-2.2.1.min.js
[2018-09-14 17:58:13.039] [WARN] access - GET /themes/default/assets/img/logo.png
[2018-09-14 17:58:28.528] [INFO] access - GET /?nsukey=hdl2BLtfrj6DA2F6qJE6uGeMfJWHxzeuE2U5VH1nsgsqUhrwwhEPa6yBte2FBeeKT2BLBI6jTTW9mE2GqB2FWiqfowTfonvBtjSqLhBFr2BIbmjErr8ScnmSAEzTzJhWw3uMQCJ2BonK3eSHFdzZeLQ7KlI8jCyLkR6OHFfwZvXx4x2FlxGjyuXE9ByaDzWncmblvdG2FXVeVRpDS84zHdZAUyCqlUw3D3D
[2018-09-14 17:58:28.529] [INFO] access - GET /
[2018-09-14 17:58:28.542] [INFO] access - GET /
[2018-09-14 17:58:29.597] [INFO] access - GET /themes/default/assets/css/main.css
[2018-09-14 17:58:29.626] [INFO] access - GET /themes/default/assets/css/bootstrap.min.css
[2018-09-14 17:58:29.628] [INFO] access - GET /themes/default/assets/js/jquery-2.2.1.min.js
[2018-09-14 17:58:29.629] [INFO] access - GET /themes/default/assets/js/bootstrap.min.js
[2018-09-14 17:58:30.763] [INFO] access - GET /themes/default/assets/img/logo.png
[2018-09-14 17:58:31.045] [INFO] access - GET /themes/default/assets/img/logo.png
[2018-09-14 17:58:39.109] [INFO] access - GET /?nsukey=TjPNKHmr6DCBpLD92DQq7bCS7FEeh37BPER0ZmhzuSXl3Qm2FXGIlyzyP4822rXY7HiaPq9JN2FnBoPt3VevQQOONLaRijrIQ2B6vmlqjPipUIJ1iZIwLp2k0cIQ6b9YHDUzLmd2Flhs5gdsWLFvuZ0vZNQ2BpbiaUqii2V32FKJ6nCC3MED19mlhYu4l2BMPcsYubcsRqB2BnzHggiMWSDqLjwBwg3D3D
[2018-09-14 17:58:40.251] [INFO] access - GET /themes/default/assets/img/logo.png
[2018-09-14 17:58:40.469] [WARN] access - GET /themes/default/assets/img/logo.png
[2018-09-14 17:59:05.047] [INFO] access - GET /
[2018-09-14 17:59:05.446] [INFO] access - GET /themes/default/assets/css/main.css
[2018-09-14 17:59:05.452] [INFO] access - GET /themes/default/assets/js/jquery-2.2.1.min.js
[2018-09-14 17:59:05.453] [INFO] access - GET /themes/default/assets/css/bootstrap.min.css
[2018-09-14 17:59:05.542] [INFO] access - GET /themes/default/assets/js/bootstrap.min.js
[2018-09-14 17:59:05.810] [INFO] access - GET /themes/default/assets/img/logo.png
[2018-09-14 17:59:27.605] [INFO] access - GET /?nsukey=hdl%2BLtfrj6DA%2F6qJE6uGeMfJWHxzeuE2U5VH1nsgsqUhrwwhEPa6yBte%2FBeeKT%2BLBI6jTTW9mE2GqB%2FWiqfowTfonvBtjSqLhBFr%2BIbmjErr8ScnmSAEzTzJhWw3uMQCJ%2BonK3eSHFdzZeLQ7KlI8jCyLkR6OHFfwZvXx4x%2FlxGjyuXE9ByaDzWncmblvdG%2FXVeVRpDS84zHdZAUyCqlUw%3D%3D
[2018-09-14 17:59:27.729] [INFO] access - GET /?nsukey=hdl%2BLtfrj6DA%2F6qJE6uGeMfJWHxzeuE2U5VH1nsgsqUhrwwhEPa6yBte%2FBeeKT%2BLBI6jTTW9mE2GqB%2FWiqfowTfonvBtjSqLhBFr%2BIbmjErr8ScnmSAEzTzJhWw3uMQCJ%2BonK3eSHFdzZeLQ7KlI8jCyLkR6OHFfwZvXx4x%2FlxGjyuXE9ByaDzWncmblvdG%2FXVeVRpDS84zHdZAUyCqlUw%3D%3D
[2018-09-14 17:59:27.915] [INFO] access - GET /themes/default/assets/js/jquery-2.2.1.min.js
[2018-09-14 17:59:28.079] [INFO] access - GET /themes/default/assets/js/jquery-2.2.1.min.js
[2018-09-14 17:59:28.447] [INFO] access - GET /themes/default/assets/js/bootstrap.min.js
[2018-09-14 17:59:29.076] [INFO] access - GET /themes/default/assets/js/bootstrap.min.js
[2018-09-14 17:59:37.302] [INFO] access - GET /?nsukey=hdl2BLtfrj6DA2F6qJE6uGeMfJWHxzeuE2U5VH1nsgsqUhrwwhEPa6yBte2FBeeKT2BLBI6jTTW9mE2GqB2FWiqfowTfonvBtjSqLhBFr2BIbmjErr8ScnmSAEzTzJhWw3uMQCJ2BonK3eSHFdzZeLQ7KlI8jCyLkR6OHFfwZvXx4x2FlxGjyuXE9ByaDzWncmblvdG2FXVeVRpDS84zHdZAUyCqlUw3D3D
[2018-09-14 17:59:38.047] [INFO] access - GET /themes/default/assets/js/jquery-2.2.1.min.js
[2018-09-14 17:59:38.348] [INFO] access - GET /?nsukey=TjPNKHmr6DCBpLD92DQq7bCS7FEeh37BPER0ZmhzuSXl3Qm%2FXGIlyzyP4822rXY7HiaPq9JN%2FnBoPt3VevQQOONLaRijrIQ%2B6vmlqjPipUIJ1iZIwLp2k0cIQ6b9YHDUzLmd%2Flhs5gdsWLFvuZ0vZNQ%2BpbiaUqii2V3%2FKJ6nCC3MED19mlhYu4l%2BMPcsYubcsRqB%2BnzHggiMWSDqLjwBwg%3D%3D
[2018-09-14 17:59:38.669] [INFO] access - GET /themes/default/assets/js/jquery-2.2.1.min.js
[2018-09-14 17:59:39.103] [INFO] access - GET /themes/default/assets/js/bootstrap.min.js
[2018-09-14 17:59:39.653] [INFO] access - GET /themes/default/assets/js/bootstrap.min.js
