[2018-09-16 14:05:41.069] [INFO] access - GET /
[2018-09-16 14:11:14.357] [INFO] access - GET /
[2018-09-16 14:19:40.166] [INFO] access - GET /manager/html
[2018-09-16 14:49:43.122] [INFO] access - HEAD http://112.124.42.80:63435/
[2019-04-16 14:08:54.451] [INFO] access - GET /
[2019-04-16 14:08:54.496] [WARN] access - GET /themes/default/assets/css/main.css
[2019-04-16 14:08:54.499] [INFO] access - GET /themes/default/assets/img/logo.png
[2019-04-16 14:08:54.502] [INFO] access - GET /themes/default/assets/js/bootstrap.min.js
[2019-04-16 14:08:54.503] [INFO] access - GET /themes/default/assets/css/bootstrap.min.css
[2019-04-16 14:08:54.505] [INFO] access - GET /themes/default/assets/js/jquery-2.2.1.min.js
[2019-04-16 14:08:58.087] [INFO] access - GET /page/hm/
[2019-04-16 14:08:58.102] [WARN] access - GET /themes/default/assets/css/style.css
[2019-04-16 14:08:58.103] [INFO] access - GET /images/xhq.jpg
[2019-04-16 14:08:58.130] [INFO] access - GET /themes/default/assets/js/echarts.common.min.js
[2019-04-16 14:08:58.163] [WARN] access - GET /themes/default/assets/js/jquery-2.2.1.min.js
[2019-04-16 14:08:58.163] [INFO] access - GET /themes/default/assets/js/clipboard.min.js
[2019-04-16 14:08:58.565] [INFO] access - GET /heim
[2019-04-16 14:08:58.567] [INFO] access - GET /getmoney
[2019-04-16 14:15:20.581] [WARN] access - GET /themes/default/assets/css/style.css
[2019-04-16 14:15:26.138] [INFO] access - GET /page/hm/
[2019-04-16 14:15:26.159] [INFO] access - GET /themes/default/assets/css/style.css
[2019-04-16 14:15:26.160] [INFO] access - GET /images/xhq.jpg
[2019-04-16 14:15:26.189] [INFO] access - GET /themes/default/assets/js/echarts.common.min.js
[2019-04-16 14:15:26.270] [INFO] access - GET /themes/default/assets/js/clipboard.min.js
[2019-04-16 14:15:26.276] [INFO] access - GET /themes/default/assets/js/jquery-2.2.1.min.js
[2019-04-16 14:15:26.442] [INFO] access - GET /getmoney
[2019-04-16 14:15:26.443] [INFO] access - GET /heim
[2019-04-16 14:16:50.434] [INFO] access - GET /page/hm/
[2019-04-16 14:16:50.454] [INFO] access - GET /images/xhq.jpg
[2019-04-16 14:16:50.454] [INFO] access - GET /themes/default/assets/css/style.css
[2019-04-16 14:16:50.485] [INFO] access - GET /themes/default/assets/js/echarts.common.min.js
[2019-04-16 14:16:50.571] [INFO] access - GET /themes/default/assets/js/clipboard.min.js
[2019-04-16 14:16:50.577] [INFO] access - GET /themes/default/assets/js/jquery-2.2.1.min.js
[2019-04-16 14:16:50.783] [INFO] access - GET /heim
[2019-04-16 14:16:50.784] [INFO] access - GET /getmoney
[2019-04-16 14:17:04.436] [INFO] access - GET /page/hm/
[2019-04-16 14:17:04.455] [INFO] access - GET /images/xhq.jpg
[2019-04-16 14:17:04.456] [INFO] access - GET /themes/default/assets/css/style.css
[2019-04-16 14:17:04.483] [INFO] access - GET /themes/default/assets/js/echarts.common.min.js
[2019-04-16 14:17:04.565] [INFO] access - GET /themes/default/assets/js/clipboard.min.js
[2019-04-16 14:17:04.570] [INFO] access - GET /themes/default/assets/js/jquery-2.2.1.min.js
[2019-04-16 14:17:04.727] [INFO] access - GET /heim
[2019-04-16 14:17:04.728] [INFO] access - GET /getmoney
[2019-04-16 14:17:15.623] [INFO] access - GET /page/hm/
[2019-04-16 14:17:15.643] [INFO] access - GET /images/xhq.jpg
[2019-04-16 14:17:15.644] [INFO] access - GET /themes/default/assets/css/style.css
[2019-04-16 14:17:15.674] [INFO] access - GET /themes/default/assets/js/echarts.common.min.js
[2019-04-16 14:17:15.754] [INFO] access - GET /themes/default/assets/js/clipboard.min.js
[2019-04-16 14:17:15.759] [INFO] access - GET /themes/default/assets/js/jquery-2.2.1.min.js
[2019-04-16 14:17:15.933] [INFO] access - GET /getmoney
[2019-04-16 14:17:15.934] [INFO] access - GET /heim
[2019-04-16 14:21:33.337] [INFO] access - GET /page/hm/
[2019-04-16 14:21:33.357] [INFO] access - GET /images/xhq.jpg
[2019-04-16 14:21:33.358] [INFO] access - GET /themes/default/assets/css/style.css
[2019-04-16 14:21:33.387] [INFO] access - GET /themes/default/assets/js/echarts.common.min.js
[2019-04-16 14:21:33.470] [INFO] access - GET /themes/default/assets/js/clipboard.min.js
[2019-04-16 14:21:33.475] [INFO] access - GET /themes/default/assets/js/jquery-2.2.1.min.js
[2019-04-16 14:21:33.668] [INFO] access - GET /getmoney
[2019-04-16 14:21:33.670] [INFO] access - GET /heim
[2019-04-16 14:22:11.936] [INFO] access - GET /page/hm/
[2019-04-16 14:22:11.959] [INFO] access - GET /images/xhq.jpg
[2019-04-16 14:22:11.960] [INFO] access - GET /themes/default/assets/css/style.css
[2019-04-16 14:22:11.998] [INFO] access - GET /themes/default/assets/js/echarts.common.min.js
[2019-04-16 14:22:12.087] [INFO] access - GET /themes/default/assets/js/clipboard.min.js
[2019-04-16 14:22:12.093] [INFO] access - GET /themes/default/assets/js/jquery-2.2.1.min.js
[2019-04-16 14:22:12.418] [INFO] access - GET /getmoney
[2019-04-16 14:22:12.420] [INFO] access - GET /heim
[2019-04-16 14:23:24.660] [INFO] access - GET /page/hm/
[2019-04-16 14:23:24.687] [INFO] access - GET /images/xhq.jpg
[2019-04-16 14:23:24.689] [INFO] access - GET /themes/default/assets/css/style.css
[2019-04-16 14:23:24.718] [INFO] access - GET /themes/default/assets/js/echarts.common.min.js
[2019-04-16 14:23:24.817] [INFO] access - GET /themes/default/assets/js/clipboard.min.js
[2019-04-16 14:23:24.821] [INFO] access - GET /themes/default/assets/js/jquery-2.2.1.min.js
[2019-04-16 14:23:25.017] [INFO] access - GET /heim
[2019-04-16 14:23:25.017] [INFO] access - GET /getmoney
[2019-04-16 14:23:44.823] [INFO] access - GET /page/hm/
[2019-04-16 14:23:44.844] [INFO] access - GET /images/xhq.jpg
[2019-04-16 14:23:44.845] [INFO] access - GET /themes/default/assets/css/style.css
[2019-04-16 14:23:44.874] [INFO] access - GET /themes/default/assets/js/echarts.common.min.js
[2019-04-16 14:23:44.965] [INFO] access - GET /themes/default/assets/js/clipboard.min.js
[2019-04-16 14:23:44.969] [INFO] access - GET /themes/default/assets/js/jquery-2.2.1.min.js
[2019-04-16 14:23:45.129] [INFO] access - GET /heim
[2019-04-16 14:23:45.130] [INFO] access - GET /getmoney
[2019-04-16 14:24:26.285] [INFO] access - GET /page/hm/
[2019-04-16 14:24:26.306] [INFO] access - GET /images/xhq.jpg
[2019-04-16 14:24:26.307] [INFO] access - GET /themes/default/assets/css/style.css
[2019-04-16 14:24:26.337] [INFO] access - GET /themes/default/assets/js/echarts.common.min.js
[2019-04-16 14:24:26.418] [INFO] access - GET /themes/default/assets/js/clipboard.min.js
[2019-04-16 14:24:26.422] [INFO] access - GET /themes/default/assets/js/jquery-2.2.1.min.js
[2019-04-16 14:24:26.610] [INFO] access - GET /getmoney
[2019-04-16 14:24:26.612] [INFO] access - GET /heim
[2019-04-16 14:24:47.323] [INFO] access - GET /page/hm/
[2019-04-16 14:24:47.345] [INFO] access - GET /images/xhq.jpg
[2019-04-16 14:24:47.346] [INFO] access - GET /themes/default/assets/css/style.css
[2019-04-16 14:24:47.377] [INFO] access - GET /themes/default/assets/js/echarts.common.min.js
[2019-04-16 14:24:47.474] [INFO] access - GET /themes/default/assets/js/clipboard.min.js
[2019-04-16 14:24:47.481] [INFO] access - GET /themes/default/assets/js/jquery-2.2.1.min.js
[2019-04-16 14:24:47.664] [INFO] access - GET /getmoney
[2019-04-16 14:24:47.664] [INFO] access - GET /heim
[2019-04-16 14:25:15.461] [INFO] access - GET /page/hm/
[2019-04-16 14:25:15.481] [INFO] access - GET /themes/default/assets/css/style.css
[2019-04-16 14:25:15.482] [INFO] access - GET /images/xhq.jpg
[2019-04-16 14:25:15.515] [INFO] access - GET /themes/default/assets/js/echarts.common.min.js
[2019-04-16 14:25:15.608] [INFO] access - GET /themes/default/assets/js/clipboard.min.js
[2019-04-16 14:25:15.612] [INFO] access - GET /themes/default/assets/js/jquery-2.2.1.min.js
[2019-04-16 14:25:15.809] [INFO] access - GET /heim
[2019-04-16 14:25:15.810] [INFO] access - GET /getmoney
[2019-04-16 14:25:49.770] [INFO] access - GET /page/hm/
[2019-04-16 14:25:49.794] [INFO] access - GET /images/xhq.jpg
[2019-04-16 14:25:49.794] [INFO] access - GET /themes/default/assets/css/style.css
[2019-04-16 14:25:49.821] [INFO] access - GET /themes/default/assets/js/echarts.common.min.js
[2019-04-16 14:25:49.907] [INFO] access - GET /themes/default/assets/js/clipboard.min.js
[2019-04-16 14:25:49.911] [INFO] access - GET /themes/default/assets/js/jquery-2.2.1.min.js
[2019-04-16 14:25:50.122] [INFO] access - GET /heim
[2019-04-16 14:25:50.124] [INFO] access - GET /getmoney
[2019-04-16 14:28:36.662] [INFO] access - GET /page/hm/
[2019-04-16 14:28:36.684] [INFO] access - GET /images/xhq.jpg
[2019-04-16 14:28:36.685] [INFO] access - GET /themes/default/assets/css/style.css
[2019-04-16 14:28:36.711] [INFO] access - GET /themes/default/assets/js/echarts.common.min.js
[2019-04-16 14:28:36.789] [INFO] access - GET /themes/default/assets/js/clipboard.min.js
[2019-04-16 14:28:36.795] [INFO] access - GET /themes/default/assets/js/jquery-2.2.1.min.js
[2019-04-16 14:28:36.952] [INFO] access - GET /heim
[2019-04-16 14:28:36.952] [INFO] access - GET /getmoney
[2019-04-16 14:29:19.511] [INFO] access - GET /page/hm/
[2019-04-16 14:29:19.533] [INFO] access - GET /themes/default/assets/css/style.css
[2019-04-16 14:29:19.533] [INFO] access - GET /images/xhq.jpg
[2019-04-16 14:29:19.561] [INFO] access - GET /themes/default/assets/js/echarts.common.min.js
[2019-04-16 14:29:19.651] [INFO] access - GET /themes/default/assets/js/clipboard.min.js
[2019-04-16 14:29:19.655] [INFO] access - GET /themes/default/assets/js/jquery-2.2.1.min.js
[2019-04-16 14:29:19.851] [INFO] access - GET /getmoney
[2019-04-16 14:29:19.852] [INFO] access - GET /heim
[2019-04-16 14:29:32.926] [INFO] access - GET /page/hm/
[2019-04-16 14:29:32.944] [INFO] access - GET /images/xhq.jpg
[2019-04-16 14:29:32.945] [INFO] access - GET /themes/default/assets/css/style.css
[2019-04-16 14:29:32.973] [INFO] access - GET /themes/default/assets/js/echarts.common.min.js
[2019-04-16 14:29:33.058] [INFO] access - GET /themes/default/assets/js/clipboard.min.js
[2019-04-16 14:29:33.062] [INFO] access - GET /themes/default/assets/js/jquery-2.2.1.min.js
[2019-04-16 14:29:33.216] [INFO] access - GET /getmoney
[2019-04-16 14:29:33.216] [INFO] access - GET /heim
[2019-04-16 14:29:56.324] [INFO] access - GET /page/hm/
[2019-04-16 14:29:56.342] [INFO] access - GET /images/xhq.jpg
[2019-04-16 14:29:56.343] [INFO] access - GET /themes/default/assets/css/style.css
[2019-04-16 14:29:56.370] [INFO] access - GET /themes/default/assets/js/echarts.common.min.js
[2019-04-16 14:29:56.452] [INFO] access - GET /themes/default/assets/js/clipboard.min.js
[2019-04-16 14:29:56.457] [INFO] access - GET /themes/default/assets/js/jquery-2.2.1.min.js
[2019-04-16 14:29:56.612] [INFO] access - GET /heim
[2019-04-16 14:29:56.613] [INFO] access - GET /getmoney
[2019-04-16 14:32:42.166] [INFO] access - GET /page/hm/
[2019-04-16 14:32:42.188] [INFO] access - GET /themes/default/assets/css/style.css
[2019-04-16 14:32:42.188] [INFO] access - GET /images/xhq.jpg
[2019-04-16 14:32:42.214] [INFO] access - GET /themes/default/assets/js/echarts.common.min.js
[2019-04-16 14:32:42.300] [INFO] access - GET /themes/default/assets/js/clipboard.min.js
[2019-04-16 14:32:42.305] [INFO] access - GET /themes/default/assets/js/jquery-2.2.1.min.js
[2019-04-16 14:32:42.458] [INFO] access - GET /getmoney
[2019-04-16 14:32:42.459] [INFO] access - GET /heim
[2019-04-16 14:33:26.501] [INFO] access - GET /page/hm/
[2019-04-16 14:33:26.522] [INFO] access - GET /themes/default/assets/css/style.css
[2019-04-16 14:33:26.523] [INFO] access - GET /images/xhq.jpg
[2019-04-16 14:33:26.549] [INFO] access - GET /themes/default/assets/js/echarts.common.min.js
[2019-04-16 14:33:26.628] [INFO] access - GET /themes/default/assets/js/clipboard.min.js
[2019-04-16 14:33:26.632] [INFO] access - GET /themes/default/assets/js/jquery-2.2.1.min.js
[2019-04-16 14:33:26.793] [INFO] access - GET /heim
[2019-04-16 14:33:26.794] [INFO] access - GET /getmoney
[2019-04-16 14:33:48.016] [INFO] access - GET /page/hm/
[2019-04-16 14:33:48.038] [INFO] access - GET /themes/default/assets/css/style.css
[2019-04-16 14:33:48.040] [INFO] access - GET /images/xhq.jpg
[2019-04-16 14:33:48.067] [INFO] access - GET /themes/default/assets/js/echarts.common.min.js
[2019-04-16 14:33:48.154] [INFO] access - GET /themes/default/assets/js/clipboard.min.js
[2019-04-16 14:33:48.159] [INFO] access - GET /themes/default/assets/js/jquery-2.2.1.min.js
[2019-04-16 14:33:48.342] [INFO] access - GET /getmoney
[2019-04-16 14:33:48.343] [INFO] access - GET /heim
[2019-04-16 14:34:15.765] [INFO] access - GET /page/hm/
[2019-04-16 14:34:15.840] [INFO] access - GET /themes/default/assets/css/style.css
[2019-04-16 14:34:15.841] [INFO] access - GET /images/xhq.jpg
[2019-04-16 14:34:15.874] [INFO] access - GET /themes/default/assets/js/echarts.common.min.js
[2019-04-16 14:34:15.987] [INFO] access - GET /themes/default/assets/js/clipboard.min.js
[2019-04-16 14:34:15.991] [INFO] access - GET /themes/default/assets/js/jquery-2.2.1.min.js
[2019-04-16 14:34:16.324] [INFO] access - GET /getmoney
[2019-04-16 14:34:16.326] [INFO] access - GET /heim
[2019-04-16 14:34:36.001] [INFO] access - GET /page/hm/
[2019-04-16 14:34:36.082] [INFO] access - GET /themes/default/assets/css/style.css
[2019-04-16 14:34:36.088] [INFO] access - GET /images/xhq.jpg
[2019-04-16 14:34:36.090] [INFO] access - GET /themes/default/assets/js/clipboard.min.js
[2019-04-16 14:34:36.100] [INFO] access - GET /themes/default/assets/js/jquery-2.2.1.min.js
[2019-04-16 14:34:36.125] [INFO] access - GET /themes/default/assets/js/echarts.common.min.js
[2019-04-16 14:34:36.707] [INFO] access - GET /getmoney
[2019-04-16 14:34:36.707] [INFO] access - GET /heim
[2019-04-16 14:37:31.272] [INFO] access - GET /page/hm/
[2019-04-16 14:37:31.295] [INFO] access - GET /images/xhq.jpg
[2019-04-16 14:37:31.297] [INFO] access - GET /themes/default/assets/css/style.css
[2019-04-16 14:37:31.321] [INFO] access - GET /themes/default/assets/js/echarts.common.min.js
[2019-04-16 14:37:31.405] [INFO] access - GET /themes/default/assets/js/clipboard.min.js
[2019-04-16 14:37:31.409] [INFO] access - GET /themes/default/assets/js/jquery-2.2.1.min.js
[2019-04-16 14:37:31.569] [INFO] access - GET /heim
[2019-04-16 14:37:31.571] [INFO] access - GET /getmoney
[2019-04-16 14:37:34.844] [INFO] access - GET /page/hm/
[2019-04-16 14:37:34.978] [WARN] access - GET /themes/default/assets/css/style.css
[2019-04-16 14:37:34.990] [WARN] access - GET /images/xhq.jpg
[2019-04-16 14:37:34.992] [WARN] access - GET /themes/default/assets/js/clipboard.min.js
[2019-04-16 14:37:34.993] [WARN] access - GET /themes/default/assets/js/echarts.common.min.js
[2019-04-16 14:37:34.995] [WARN] access - GET /themes/default/assets/js/jquery-2.2.1.min.js
[2019-04-16 14:37:35.172] [WARN] access - GET /heim
[2019-04-16 14:37:35.173] [WARN] access - GET /getmoney
[2019-04-16 14:37:56.036] [WARN] access - GET /page/hm/
[2019-04-16 14:37:56.056] [WARN] access - GET /images/xhq.jpg
[2019-04-16 14:37:56.063] [WARN] access - GET /themes/default/assets/js/echarts.common.min.js
[2019-04-16 14:37:56.066] [WARN] access - GET /themes/default/assets/css/style.css
[2019-04-16 14:37:56.067] [WARN] access - GET /themes/default/assets/js/jquery-2.2.1.min.js
[2019-04-16 14:37:56.067] [WARN] access - GET /themes/default/assets/js/clipboard.min.js
[2019-04-16 14:37:56.145] [WARN] access - GET /heim
[2019-04-16 14:37:56.147] [WARN] access - GET /getmoney
