[2018-09-15 13:49:54.474] [INFO] access - GET /webdav/
[2018-09-15 13:49:54.622] [INFO] access - GET /help.php
[2018-09-15 13:49:54.776] [INFO] access - GET /java.php
[2018-09-15 13:49:54.918] [INFO] access - GET /_query.php
[2018-09-15 13:49:55.044] [INFO] access - GET /test.php
[2018-09-15 13:49:55.209] [INFO] access - GET /db_cts.php
[2018-09-15 13:49:55.376] [INFO] access - GET /db_pma.php
[2018-09-15 13:49:55.508] [INFO] access - GET /logon.php
[2018-09-15 13:49:55.696] [INFO] access - GET /help-e.php
[2018-09-15 13:49:55.863] [INFO] access - GET /license.php
[2018-09-15 13:49:56.008] [INFO] access - GET /log.php
[2018-09-15 13:49:56.175] [INFO] access - GET /hell.php
[2018-09-15 13:49:56.335] [INFO] access - GET /pmd_online.php
[2018-09-15 13:49:56.498] [INFO] access - GET /x.php
[2018-09-15 13:49:56.647] [INFO] access - GET /shell.php
[2018-09-15 13:49:56.767] [INFO] access - GET /desktop.ini.php
[2018-09-15 13:49:56.878] [INFO] access - GET /z.php
[2018-09-15 13:49:57.055] [INFO] access - GET /lala.php
[2018-09-15 13:49:57.180] [INFO] access - GET /lala-dpr.php
[2018-09-15 13:49:57.295] [INFO] access - GET /wpo.php
[2018-09-15 13:49:57.406] [INFO] access - GET /text.php
[2018-09-15 13:49:57.523] [INFO] access - GET /wp-config.php
[2018-09-15 13:49:57.636] [INFO] access - GET /muhstik.php
[2018-09-15 13:49:57.791] [INFO] access - GET /muhstik2.php
[2018-09-15 13:49:57.928] [INFO] access - GET /muhstiks.php
[2018-09-15 13:49:58.065] [INFO] access - GET /muhstik-dpr.php
[2018-09-15 13:49:58.202] [INFO] access - GET /lol.php
[2018-09-15 13:49:58.352] [INFO] access - GET /uploader.php
[2018-09-15 13:49:58.480] [INFO] access - GET /cmd.php
[2018-09-15 13:49:58.629] [INFO] access - GET /cmx.php
[2018-09-15 13:49:58.809] [INFO] access - GET /cmv.php
[2018-09-15 13:49:58.963] [INFO] access - GET /cmdd.php
[2018-09-15 13:49:59.076] [INFO] access - GET /knal.php
[2018-09-15 13:49:59.184] [INFO] access - GET /cmd.php
[2018-09-15 13:49:59.291] [INFO] access - GET /shell.php
[2018-09-15 13:49:59.404] [INFO] access - GET /appserv.php
[2018-09-15 13:49:59.580] [INFO] access - GET /scripts/setup.php
[2018-09-15 13:49:59.679] [INFO] access - GET /phpmyadmin/scripts/setup.php
[2018-09-15 13:49:59.807] [INFO] access - GET /phpMyAdmin/scripts/setup.php
[2018-09-15 13:49:59.914] [INFO] access - GET /phpmyadmin/scripts/db___.init.php
[2018-09-15 13:50:00.035] [INFO] access - GET /phpMyAdmin/scripts/db___.init.php
[2018-09-15 13:50:00.061] [ERROR] access - POST /wuwu11.php
[2018-09-15 13:50:00.086] [ERROR] access - POST /xw.php
[2018-09-15 13:50:00.111] [ERROR] access - POST /xw1.php
[2018-09-15 13:50:00.136] [ERROR] access - POST /9678.php
[2018-09-15 13:50:00.160] [ERROR] access - POST /wc.php
[2018-09-15 13:50:00.183] [ERROR] access - POST /xx.php
[2018-09-15 13:50:00.206] [ERROR] access - POST /s.php
[2018-09-15 13:50:00.223] [ERROR] access - POST /w.php
[2018-09-15 13:50:00.246] [ERROR] access - POST /sheep.php
[2018-09-15 13:50:00.270] [ERROR] access - POST /qaq.php
[2018-09-15 13:50:00.294] [ERROR] access - POST /db.init.php
[2018-09-15 13:50:00.317] [ERROR] access - POST /db_session.init.php
[2018-09-15 13:50:00.336] [ERROR] access - POST /db__.init.php
[2018-09-15 13:50:00.360] [ERROR] access - POST /wp-admins.php
[2018-09-15 13:50:00.384] [ERROR] access - POST /m.php?pbid=open
[2018-09-15 13:50:00.407] [ERROR] access - POST /db_dataml.php
[2018-09-15 13:50:00.430] [ERROR] access - POST /db_desql.php
[2018-09-15 13:50:00.449] [ERROR] access - POST /mx.php
[2018-09-15 13:50:00.472] [ERROR] access - POST /wshell.php
[2018-09-15 13:50:00.490] [ERROR] access - POST /xshell.php
[2018-09-15 13:50:00.513] [ERROR] access - POST /qq.php
[2018-09-15 13:50:00.530] [ERROR] access - POST /conflg.php
[2018-09-15 13:50:00.553] [ERROR] access - POST /lindex.php
[2018-09-15 13:50:00.569] [ERROR] access - POST /phpstudy.php
[2018-09-15 13:50:00.593] [ERROR] access - POST /phpStudy.php
[2018-09-15 13:50:00.618] [ERROR] access - POST /weixiao.php
[2018-09-15 13:50:00.642] [ERROR] access - POST /feixiang.php
[2018-09-15 13:50:00.661] [ERROR] access - POST /ak47.php
[2018-09-15 13:50:00.684] [ERROR] access - POST /ak48.php
[2018-09-15 13:50:00.707] [ERROR] access - POST /xiao.php
[2018-09-15 13:50:00.730] [ERROR] access - POST /yao.php
[2018-09-15 13:50:00.753] [ERROR] access - POST /defect.php
[2018-09-15 13:50:00.777] [ERROR] access - POST /webslee.php
[2018-09-15 13:50:00.800] [ERROR] access - POST /q.php
[2018-09-15 13:50:00.823] [ERROR] access - POST /pe.php
[2018-09-15 13:50:00.846] [ERROR] access - POST /hm.php
[2018-09-15 13:50:00.870] [ERROR] access - POST /cainiao.php
[2018-09-15 13:50:00.893] [ERROR] access - POST /zuoshou.php
[2018-09-15 13:50:00.916] [ERROR] access - POST /zuo.php
[2018-09-15 13:50:00.939] [ERROR] access - POST /aotu.php
[2018-09-15 13:50:00.964] [ERROR] access - POST /cmd.php
[2018-09-15 13:50:00.983] [ERROR] access - POST /bak.php
[2018-09-15 13:50:01.010] [ERROR] access - POST /system.php
[2018-09-15 13:50:01.028] [ERROR] access - POST /l6.php
[2018-09-15 13:50:01.049] [ERROR] access - POST /l7.php
[2018-09-15 13:50:01.075] [ERROR] access - POST /l8.php
[2018-09-15 13:50:01.096] [ERROR] access - POST /q.php
[2018-09-15 13:50:01.118] [ERROR] access - POST /56.php
[2018-09-15 13:50:01.143] [ERROR] access - POST /mz.php
[2018-09-15 13:50:01.160] [ERROR] access - POST /xx.php
[2018-09-15 13:50:01.185] [ERROR] access - POST /yumo.php
[2018-09-15 13:50:01.210] [ERROR] access - POST /min.php
[2018-09-15 13:50:01.234] [ERROR] access - POST /wan.php
[2018-09-15 13:50:01.251] [ERROR] access - POST /wanan.php
[2018-09-15 13:50:01.267] [ERROR] access - POST /ssaa.php
[2018-09-15 13:50:01.290] [ERROR] access - POST /qq.php
[2018-09-15 13:50:01.313] [ERROR] access - POST /aw.php
[2018-09-15 13:50:01.333] [ERROR] access - POST /12.php
[2018-09-15 13:50:01.358] [ERROR] access - POST /hh.php
[2018-09-15 13:50:01.374] [ERROR] access - POST /ak.php
[2018-09-15 13:50:01.399] [ERROR] access - POST /ip.php
[2018-09-15 13:50:01.417] [ERROR] access - POST /infoo.php
[2018-09-15 13:50:01.441] [ERROR] access - POST /qq.php
[2018-09-15 13:50:01.465] [ERROR] access - POST /qwe.php
[2018-09-15 13:50:01.488] [ERROR] access - POST /1213.php
[2018-09-15 13:50:01.504] [ERROR] access - POST /post.php
[2018-09-15 13:50:01.528] [ERROR] access - POST /h1.php
[2018-09-15 13:50:01.551] [ERROR] access - POST /test.php
[2018-09-15 13:50:01.576] [ERROR] access - POST /3.php
[2018-09-15 13:50:01.596] [ERROR] access - POST /phpinfi.php
[2018-09-15 13:50:01.621] [ERROR] access - POST /aaaa.php
[2018-09-15 13:50:01.646] [ERROR] access - POST /9510.php
[2018-09-15 13:50:01.665] [ERROR] access - POST /python.php
[2018-09-15 13:50:01.690] [ERROR] access - POST /default.php
[2018-09-15 13:50:01.715] [ERROR] access - POST /sean.php
[2018-09-15 13:50:01.740] [ERROR] access - POST /app.php
[2018-09-15 13:50:01.765] [ERROR] access - POST /help.php
[2018-09-15 13:50:01.788] [ERROR] access - POST /tiandi.php
[2018-09-15 13:50:01.810] [ERROR] access - POST /miao.php
[2018-09-15 13:50:01.834] [ERROR] access - POST /xz.php
[2018-09-15 13:50:01.852] [ERROR] access - POST /linuxse.php
[2018-09-15 13:50:01.878] [ERROR] access - POST /zuoindex.php
[2018-09-15 13:50:01.896] [ERROR] access - POST /zshmindex.php
[2018-09-15 13:50:01.916] [ERROR] access - POST /tomcat.php
[2018-09-15 13:50:01.941] [ERROR] access - POST /ceshi.php
[2018-09-15 13:50:01.966] [ERROR] access - POST /1hou.php
[2018-09-15 13:50:01.990] [ERROR] access - POST /boots.php
[2018-09-15 13:50:02.014] [ERROR] access - POST /she.php
[2018-09-15 13:50:02.030] [ERROR] access - POST /s.php
[2018-09-15 13:50:02.054] [ERROR] access - POST /qw.php
[2018-09-15 13:50:02.076] [ERROR] access - POST /test.php
[2018-09-15 13:50:02.100] [ERROR] access - POST /caonma.php
[2018-09-15 13:50:02.123] [ERROR] access - POST /ss.php
[2018-09-15 13:50:02.146] [ERROR] access - POST /wcp.php
[2018-09-15 13:50:02.170] [ERROR] access - POST /uuu.php
[2018-09-15 13:50:02.189] [ERROR] access - POST /1.php
[2018-09-15 13:50:02.212] [ERROR] access - POST /2.php
[2018-09-15 13:50:02.236] [ERROR] access - POST /qaz.php
[2018-09-15 13:50:02.259] [ERROR] access - POST /xiaoma.php
[2018-09-15 13:50:02.283] [ERROR] access - POST /xiaomae.php
[2018-09-15 13:50:02.307] [ERROR] access - POST /xiaomar.php
[2018-09-15 13:50:02.330] [ERROR] access - POST /qq.php
[2018-09-15 13:50:02.355] [ERROR] access - POST /data.php
[2018-09-15 13:50:02.378] [ERROR] access - POST /log.php
[2018-09-15 13:50:02.394] [ERROR] access - POST /fack.php
[2018-09-15 13:50:02.419] [ERROR] access - POST /angge.php
[2018-09-15 13:50:02.520] [INFO] access - GET /index.php
[2018-09-15 13:50:02.632] [INFO] access - GET /phpmyadmin/index.php
[2018-09-15 13:50:02.734] [INFO] access - GET /phpMyAdmin/index.php
[2018-09-15 13:50:02.873] [INFO] access - GET /pmd/index.php
[2018-09-15 13:50:02.984] [INFO] access - GET /pma/index.php
[2018-09-15 13:50:03.083] [INFO] access - GET /PMA/index.php
[2018-09-15 13:50:03.199] [INFO] access - GET /PMA2/index.php
[2018-09-15 13:50:03.321] [INFO] access - GET /pmamy/index.php
[2018-09-15 13:50:03.423] [INFO] access - GET /pmamy2/index.php
[2018-09-15 13:50:03.535] [INFO] access - GET /mysql/index.php
[2018-09-15 13:50:03.574] [INFO] access - GET /admin/index.php
[2018-09-15 13:50:03.893] [INFO] access - GET /db/index.php
[2018-09-15 13:50:04.025] [INFO] access - GET /dbadmin/index.php
[2018-09-15 13:50:04.122] [INFO] access - GET /web/phpMyAdmin/index.php
[2018-09-15 13:50:04.147] [INFO] access - GET /admin/pma/index.php
[2018-09-15 13:50:04.407] [INFO] access - GET /admin/PMA/index.php
[2018-09-15 13:50:04.707] [INFO] access - GET /admin/mysql/index.php
[2018-09-15 13:50:04.957] [INFO] access - GET /admin/mysql2/index.php
[2018-09-15 13:50:05.204] [INFO] access - GET /admin/phpmyadmin/index.php
[2018-09-15 13:50:05.519] [INFO] access - GET /admin/phpMyAdmin/index.php
[2018-09-15 13:50:05.783] [INFO] access - GET /admin/phpmyadmin2/index.php
[2018-09-15 13:50:06.221] [INFO] access - GET /mysqladmin/index.php
[2018-09-15 13:50:06.336] [INFO] access - GET /mysql-admin/index.php
[2018-09-15 13:50:06.399] [INFO] access - GET /phpadmin/index.php
[2018-09-15 13:50:06.563] [INFO] access - GET /phpAdmin/index.php
[2018-09-15 13:50:06.697] [INFO] access - GET /phpmyadmin0/index.php
[2018-09-15 13:50:06.841] [INFO] access - GET /phpmyadmin1/index.php
[2018-09-15 13:50:06.961] [INFO] access - GET /phpmyadmin2/index.php
[2018-09-15 13:50:07.030] [INFO] access - GET /myadmin/index.php
[2018-09-15 13:50:07.169] [INFO] access - GET /myadmin2/index.php
[2018-09-15 13:50:07.300] [INFO] access - GET /xampp/phpmyadmin/index.php
[2018-09-15 13:50:07.398] [INFO] access - GET /phpMyadmin_bak/index.php
[2018-09-15 13:50:07.510] [INFO] access - GET /www/phpMyAdmin/index.php
[2018-09-15 13:50:07.624] [INFO] access - GET /tools/phpMyAdmin/index.php
[2018-09-15 13:50:07.740] [INFO] access - GET /phpmyadmin-old/index.php
[2018-09-15 13:50:07.855] [INFO] access - GET /phpMyAdminold/index.php
[2018-09-15 13:50:07.960] [INFO] access - GET /phpMyAdmin.old/index.php
[2018-09-15 13:50:08.073] [INFO] access - GET /pma-old/index.php
[2018-09-15 13:50:08.185] [INFO] access - GET /claroline/phpMyAdmin/index.php
[2018-09-15 13:50:08.300] [INFO] access - GET /typo3/phpmyadmin/index.php
[2018-09-15 13:50:08.401] [INFO] access - GET /phpma/index.php
[2018-09-15 13:50:08.527] [INFO] access - GET /phpmyadmin/phpmyadmin/index.php
[2018-09-15 13:50:08.626] [INFO] access - GET /phpMyAdmin/phpMyAdmin/index.php
