[2018-09-20 11:46:39.400] [INFO] access - GET /
[2018-09-20 11:46:39.442] [INFO] access - GET /assets/admin/vendor/custom-bootstrap-3.3.5/css/bootstrap.min.css
[2018-09-20 11:46:39.443] [INFO] access - GET /assets/admin/main.css
[2018-09-20 11:46:39.445] [INFO] access - GET /assets/admin/images/logo-lg-blue@2x.png
[2018-09-20 11:46:48.711] [INFO] access - GET /admin/install
[2018-09-20 11:46:48.732] [WARN] access - GET /assets/admin/main.css
[2018-09-20 11:46:48.760] [INFO] access - GET /assets/admin/main.js
[2018-09-20 11:46:48.761] [INFO] access - GET /assets/admin/vendor.css
[2018-09-20 11:46:48.763] [INFO] access - GET /assets/admin/views.js
[2018-09-20 11:46:48.783] [INFO] access - GET /assets/admin/vendor.js
[2018-09-20 11:46:48.933] [INFO] access - GET /api/install
[2018-09-20 11:46:48.996] [INFO] access - GET /api/install/themes
[2018-09-20 11:46:49.022] [INFO] access - GET /assets/admin/images/logo-lg@2x.png
[2018-09-20 11:46:49.023] [INFO] access - GET /assets/admin/images/sponsor/weixin199.jpg
[2018-09-20 11:46:49.024] [INFO] access - GET /assets/admin/images/sponsor/weixin99.jpg
[2018-09-20 11:46:49.025] [INFO] access - GET /assets/admin/images/sponsor/weixin499.jpg
[2018-09-20 11:46:49.027] [INFO] access - GET /assets/admin/images/sponsor/alipay99.jpg
[2018-09-20 11:46:49.029] [INFO] access - GET /assets/admin/images/sponsor/weixin999.jpg
[2018-09-20 11:46:49.035] [INFO] access - GET /assets/admin/images/sponsor/alipay499.jpg
[2018-09-20 11:46:49.037] [INFO] access - GET /assets/admin/images/sponsor/alipay199.jpg
[2018-09-20 11:46:49.038] [INFO] access - GET /assets/admin/images/sponsor/alipay999.jpg
[2018-09-20 11:48:06.096] [INFO] access - PUT /api/install/test-database
[2018-09-20 11:48:19.048] [INFO] access - GET /assets/admin/fonts/fontawesome-webfont.woff2?v=4.6.1
[2018-09-20 11:48:19.605] [INFO] access - POST /api/install
[2018-09-20 11:48:21.553] [INFO] access - GET /api/install
[2018-09-20 11:48:26.826] [INFO] access - PUT /api/account/sign-in
[2018-09-20 11:48:26.917] [INFO] access - PUT /api/statistics
[2018-09-20 11:48:26.930] [INFO] access - GET /api/dashboard
[2018-09-20 11:48:26.942] [INFO] access - GET /api/account
[2018-09-20 11:48:26.944] [INFO] access - GET /assets/admin/images/logo@2x.png
[2018-09-20 11:48:26.949] [INFO] access - GET /api/categories
[2018-09-20 11:48:26.951] [WARN] access - GET /api/account
[2018-09-20 11:48:38.776] [INFO] access - GET /
[2018-09-20 11:48:38.817] [INFO] access - GET /themes/default/assets/css/main.css
[2018-09-20 11:48:38.821] [INFO] access - GET /themes/default/assets/img/logo.png
[2018-09-20 11:48:38.821] [INFO] access - GET /themes/default/assets/js/bootstrap.min.js
[2018-09-20 11:48:38.822] [INFO] access - GET /themes/default/assets/js/jquery-2.2.1.min.js
[2018-09-20 11:48:38.824] [INFO] access - GET /themes/default/assets/css/bootstrap.min.css
