[2018-09-14 16:57:09.242] [INFO] access - GET /
[2018-09-14 16:57:09.467] [INFO] access - GET /themes/default/assets/css/bootstrap.min.css
[2018-09-14 16:57:09.532] [INFO] access - GET /themes/default/assets/img/logo.png
[2018-09-14 16:57:09.560] [INFO] access - GET /themes/default/assets/css/main.css
[2018-09-14 16:57:09.564] [INFO] access - GET /themes/default/assets/js/bootstrap.min.js
[2018-09-14 16:57:09.578] [INFO] access - GET /themes/default/assets/js/jquery-2.2.1.min.js
[2018-09-14 16:57:10.059] [INFO] access - GET /themes/default/assets/css/bootstrap.min.css.map
[2018-09-14 16:57:12.346] [INFO] access - GET /
[2018-09-14 16:57:12.531] [INFO] access - GET /themes/default/assets/img/logo.png
[2018-09-14 16:57:12.558] [INFO] access - GET /themes/default/assets/css/main.css
[2018-09-14 16:57:12.562] [INFO] access - GET /themes/default/assets/js/bootstrap.min.js
[2018-09-14 16:57:12.576] [INFO] access - GET /themes/default/assets/js/jquery-2.2.1.min.js
[2018-09-14 16:57:12.578] [INFO] access - GET /themes/default/assets/css/bootstrap.min.css
[2018-09-14 16:57:12.954] [INFO] access - GET /themes/default/assets/css/bootstrap.min.css.map
[2018-11-14 16:41:58.570] [WARN] access - GET /page/hm
[2018-11-14 16:41:58.584] [INFO] access - GET /page/hm/
[2018-11-14 16:41:58.612] [WARN] access - GET /themes/default/assets/js/echarts.common.min.js
[2018-11-14 16:41:58.617] [INFO] access - GET /themes/default/assets/css/style.css
[2018-11-14 16:41:58.701] [INFO] access - GET /page/images/xhq.png
[2018-11-14 16:41:58.762] [WARN] access - GET /themes/default/assets/js/jquery-2.2.1.min.js
[2018-11-14 16:41:58.954] [INFO] access - GET /heim
[2018-11-14 16:41:58.955] [INFO] access - GET /getmoney
[2018-11-14 16:42:01.569] [INFO] access - GET /page/hm/wr.html
[2018-11-14 16:42:01.585] [WARN] access - GET /themes/default/assets/js/jquery-2.2.1.min.js
[2018-11-14 16:42:01.586] [WARN] access - GET /themes/default/assets/js/mobiscrollv2.1.js
[2018-11-14 16:42:01.592] [INFO] access - GET /themes/default/assets/css/mobiscroll.min.css
[2018-11-14 16:42:01.595] [INFO] access - GET /themes/default/assets/css/bootstrap.min.css
[2018-11-14 16:48:06.251] [INFO] access - GET /page/sx/
[2018-11-14 16:48:06.265] [WARN] access - GET /themes/default/assets/css/bootstrap.min.css
[2018-11-14 16:48:06.265] [WARN] access - GET /themes/default/assets/css/mobiscroll.min.css
[2018-11-14 16:48:06.266] [WARN] access - GET /themes/default/assets/js/jquery-2.2.1.min.js
[2018-11-14 16:48:06.266] [WARN] access - GET /themes/default/assets/js/mobiscrollv2.1.js
[2018-11-14 16:48:28.631] [INFO] access - GET /page/sx/
[2018-11-14 16:48:28.646] [WARN] access - GET /themes/default/assets/css/bootstrap.min.css
[2018-11-14 16:48:28.648] [WARN] access - GET /themes/default/assets/css/mobiscroll.min.css
[2018-11-14 16:48:28.649] [WARN] access - GET /themes/default/assets/js/jquery-2.2.1.min.js
[2018-11-14 16:48:28.649] [WARN] access - GET /themes/default/assets/js/mobiscrollv2.1.js
[2018-11-14 16:48:43.752] [WARN] access - GET /themes/default/assets/css/bootstrap.min.css
[2018-11-14 16:48:43.753] [WARN] access - GET /themes/default/assets/css/mobiscroll.min.css
[2018-11-14 16:48:43.847] [INFO] access - GET /themes/default/assets/css/bootstrap.min.css.map
[2018-11-14 16:48:48.590] [INFO] access - GET /page/sx/
[2018-11-14 16:48:48.612] [INFO] access - GET /themes/default/assets/css/mobiscroll.min.css
[2018-11-14 16:48:48.615] [INFO] access - GET /themes/default/assets/css/bootstrap.min.css
[2018-11-14 16:48:48.615] [INFO] access - GET /themes/default/assets/js/mobiscrollv2.1.js
[2018-11-14 16:48:48.616] [INFO] access - GET /themes/default/assets/js/jquery-2.2.1.min.js
[2018-11-14 16:48:48.851] [INFO] access - GET /themes/default/assets/css/bootstrap.min.css.map
[2018-11-14 16:49:44.967] [INFO] access - GET /page/sx/
[2018-11-14 16:49:45.000] [INFO] access - GET /themes/default/assets/css/bootstrap.min.css
[2018-11-14 16:49:45.004] [INFO] access - GET /themes/default/assets/css/mobiscroll.min.css
[2018-11-14 16:49:45.007] [INFO] access - GET /themes/default/assets/js/mobiscrollv2.1.js
[2018-11-14 16:49:45.008] [INFO] access - GET /themes/default/assets/js/jquery-2.2.1.min.js
[2018-11-14 16:49:45.224] [INFO] access - GET /themes/default/assets/css/bootstrap.min.css.map
[2018-11-14 16:50:23.811] [INFO] access - GET /page/sx/
[2018-11-14 16:50:23.831] [INFO] access - GET /themes/default/assets/css/mobiscroll.min.css
[2018-11-14 16:50:23.836] [INFO] access - GET /themes/default/assets/css/bootstrap.min.css
[2018-11-14 16:50:23.837] [INFO] access - GET /themes/default/assets/js/mobiscrollv2.1.js
[2018-11-14 16:50:23.838] [INFO] access - GET /themes/default/assets/js/jquery-2.2.1.min.js
[2018-11-14 16:50:24.046] [INFO] access - GET /themes/default/assets/css/bootstrap.min.css.map
[2018-11-14 16:51:31.871] [INFO] access - GET /page/sx/
[2018-11-14 16:51:31.890] [INFO] access - GET /themes/default/assets/css/mobiscroll.min.css
[2018-11-14 16:51:31.897] [INFO] access - GET /themes/default/assets/js/mobiscrollv2.1.js
[2018-11-14 16:51:31.898] [INFO] access - GET /themes/default/assets/css/bootstrap.min.css
[2018-11-14 16:51:31.899] [INFO] access - GET /themes/default/assets/js/jquery-2.2.1.min.js
[2018-11-14 16:51:32.110] [INFO] access - GET /themes/default/assets/css/bootstrap.min.css.map
[2018-11-14 16:51:42.291] [INFO] access - GET /page/sx/
[2018-11-14 16:51:42.315] [INFO] access - GET /themes/default/assets/css/bootstrap.min.css
[2018-11-14 16:51:42.317] [INFO] access - GET /themes/default/assets/css/mobiscroll.min.css
[2018-11-14 16:51:42.322] [INFO] access - GET /themes/default/assets/js/mobiscrollv2.1.js
[2018-11-14 16:51:42.323] [INFO] access - GET /themes/default/assets/js/jquery-2.2.1.min.js
[2018-11-14 16:51:42.544] [INFO] access - GET /themes/default/assets/css/bootstrap.min.css.map
[2018-11-14 16:52:04.715] [INFO] access - GET /page/sx/
[2018-11-14 16:52:04.742] [INFO] access - GET /themes/default/assets/css/mobiscroll.min.css
[2018-11-14 16:52:04.745] [INFO] access - GET /themes/default/assets/css/bootstrap.min.css
[2018-11-14 16:52:04.746] [INFO] access - GET /themes/default/assets/js/mobiscrollv2.1.js
[2018-11-14 16:52:04.747] [INFO] access - GET /themes/default/assets/js/jquery-2.2.1.min.js
[2018-11-14 16:52:04.945] [INFO] access - GET /themes/default/assets/css/bootstrap.min.css.map
