[2018-09-14 21:00:00.046] [INFO] access - GET /wwwroot.tar.bz2
[2018-09-14 21:00:00.154] [INFO] access - GET /wwwroot.tgz
[2018-09-14 21:00:00.261] [INFO] access - GET /wwwroot.backup
[2018-09-14 21:00:00.381] [INFO] access - GET /wwwroot.old
[2018-09-14 21:00:00.495] [INFO] access - GET /wwwroot_bak
[2018-09-14 21:00:00.608] [INFO] access - GET /wwwroot.bac
[2018-09-14 21:00:00.718] [INFO] access - GET /wwwroot.orig
[2018-09-14 21:00:00.833] [INFO] access - GET /wwwroot-
[2018-09-14 21:00:00.945] [INFO] access - GET /wwwroot.swp
[2018-09-14 21:00:01.048] [INFO] access - GET /wwwroot.7z
[2018-09-14 21:00:01.159] [INFO] access - GET /wwwroot.temp
[2018-09-14 21:00:01.265] [INFO] access - GET /wwwroot.save
[2018-09-14 21:00:01.367] [INFO] access - GET /wwwroot.000
[2018-09-14 21:00:01.510] [INFO] access - GET /wwwroot.001
[2018-09-14 21:00:01.617] [INFO] access - GET /wwwroot~
[2018-09-14 21:00:01.709] [INFO] access - GET /wwwroot
[2018-09-14 21:00:01.813] [INFO] access - GET /wwwroot~1
[2018-09-14 21:00:01.948] [INFO] access - GET /wwwroot.vb
[2018-09-14 21:00:02.055] [INFO] access - GET /wwwroot.cs
[2018-09-14 21:00:02.152] [INFO] access - GET /wwwroot.java
[2018-09-14 21:00:02.249] [INFO] access - GET /wwwroot.class
[2018-09-14 21:00:02.376] [INFO] access - GET /wwwroot.inc
[2018-09-14 21:00:02.463] [INFO] access - GET /wwwroot1.bak
[2018-09-14 21:00:02.557] [INFO] access - GET /wwwroot2.bak
[2018-09-14 21:00:02.653] [INFO] access - GET /wwwroot.0
[2018-09-14 21:00:02.789] [INFO] access - GET /wwwroot.1
[2018-09-14 21:00:02.875] [INFO] access - GET /wwwroot.2
[2018-09-14 21:00:02.958] [INFO] access - GET /data.rar
[2018-09-14 21:00:03.084] [INFO] access - GET /data.zip
[2018-09-14 21:00:03.180] [INFO] access - GET /data.tar.gz
[2018-09-14 21:00:03.283] [INFO] access - GET /data.tar.bz2
[2018-09-14 21:00:03.408] [INFO] access - GET /data.tgz
[2018-09-14 21:00:03.555] [INFO] access - GET /data.backup
[2018-09-14 21:00:03.672] [INFO] access - GET /data.old
[2018-09-14 21:00:03.811] [INFO] access - GET /data_bak
[2018-09-14 21:00:03.937] [INFO] access - GET /data.bac
[2018-09-14 21:00:04.116] [INFO] access - GET /data.orig
[2018-09-14 21:00:04.256] [INFO] access - GET /data-
[2018-09-14 21:00:04.377] [INFO] access - GET /data.swp
[2018-09-14 21:00:04.514] [INFO] access - GET /data.7z
[2018-09-14 21:00:04.681] [INFO] access - GET /data.temp
[2018-09-14 21:00:04.841] [INFO] access - GET /data.save
[2018-09-14 21:00:04.942] [INFO] access - GET /data.000
[2018-09-14 21:00:05.050] [INFO] access - GET /data.001
[2018-09-14 21:00:05.130] [INFO] access - GET /data~
[2018-09-14 21:00:05.264] [INFO] access - GET /data
[2018-09-14 21:00:05.360] [INFO] access - GET /data~1
[2018-09-14 21:00:05.467] [INFO] access - GET /data.vb
[2018-09-14 21:00:05.562] [INFO] access - GET /data.cs
[2018-09-14 21:00:05.681] [INFO] access - GET /data.java
[2018-09-14 21:00:05.764] [INFO] access - GET /data.class
[2018-09-14 21:00:05.859] [INFO] access - GET /data.inc
[2018-09-14 21:00:05.973] [INFO] access - GET /data1.bak
[2018-09-14 21:00:06.086] [INFO] access - GET /data2.bak
[2018-09-14 21:00:06.181] [INFO] access - GET /data.0
[2018-09-14 21:00:06.267] [INFO] access - GET /data.1
[2018-09-14 21:00:06.381] [INFO] access - GET /data.2
[2018-09-14 21:00:06.479] [INFO] access - GET /database.rar
[2018-09-14 21:00:06.585] [INFO] access - GET /database.zip
[2018-09-14 21:00:06.669] [INFO] access - GET /database.tar.gz
[2018-09-14 21:00:06.780] [INFO] access - GET /database.tar.bz2
[2018-09-14 21:00:06.874] [INFO] access - GET /database.tgz
[2018-09-14 21:00:06.985] [INFO] access - GET /database.backup
[2018-09-14 21:00:07.090] [INFO] access - GET /database.old
[2018-09-14 21:00:07.203] [INFO] access - GET /database_bak
[2018-09-14 21:00:07.311] [INFO] access - GET /database.bac
[2018-09-14 21:00:07.416] [INFO] access - GET /database.orig
[2018-09-14 21:00:07.521] [INFO] access - GET /database-
[2018-09-14 21:00:07.630] [INFO] access - GET /database.swp
[2018-09-14 21:00:07.737] [INFO] access - GET /database.7z
[2018-09-14 21:00:07.832] [INFO] access - GET /database.temp
[2018-09-14 21:00:07.954] [INFO] access - GET /database.save
[2018-09-14 21:00:08.048] [INFO] access - GET /database.000
[2018-09-14 21:00:08.147] [INFO] access - GET /database.001
[2018-09-14 21:00:08.243] [INFO] access - GET /database~
[2018-09-14 21:00:08.341] [INFO] access - GET /database
[2018-09-14 21:00:08.447] [INFO] access - GET /database~1
[2018-09-14 21:00:08.542] [INFO] access - GET /database.vb
[2018-09-14 21:00:08.639] [INFO] access - GET /database.cs
[2018-09-14 21:00:08.751] [INFO] access - GET /database.java
[2018-09-14 21:00:08.834] [INFO] access - GET /database.class
[2018-09-14 21:00:08.943] [INFO] access - GET /database.inc
[2018-09-14 21:00:09.048] [INFO] access - GET /database1.bak
[2018-09-14 21:00:09.159] [INFO] access - GET /database2.bak
[2018-09-14 21:00:09.261] [INFO] access - GET /database.0
[2018-09-14 21:00:09.348] [INFO] access - GET /database.1
[2018-09-14 21:00:09.475] [INFO] access - GET /database.2
[2018-09-14 21:00:09.573] [INFO] access - GET /ftp.rar
[2018-09-14 21:00:09.687] [INFO] access - GET /ftp.zip
[2018-09-14 21:00:09.785] [INFO] access - GET /ftp.tar.gz
[2018-09-14 21:00:09.912] [INFO] access - GET /ftp.tar.bz2
[2018-09-14 21:00:10.014] [INFO] access - GET /ftp.tgz
[2018-09-14 21:00:10.104] [INFO] access - GET /ftp.backup
[2018-09-14 21:00:10.199] [INFO] access - GET /ftp.old
[2018-09-14 21:00:10.306] [INFO] access - GET /ftp_bak
[2018-09-14 21:00:10.400] [INFO] access - GET /ftp.bac
[2018-09-14 21:00:10.514] [INFO] access - GET /ftp.orig
[2018-09-14 21:00:10.614] [INFO] access - GET /ftp-
[2018-09-14 21:00:10.725] [INFO] access - GET /ftp.swp
[2018-09-14 21:00:10.825] [INFO] access - GET /ftp.7z
[2018-09-14 21:00:10.922] [INFO] access - GET /ftp.temp
[2018-09-14 21:00:11.019] [INFO] access - GET /ftp.save
[2018-09-14 21:00:11.131] [INFO] access - GET /ftp.000
[2018-09-14 21:00:11.215] [INFO] access - GET /ftp.001
[2018-09-14 21:00:11.312] [INFO] access - GET /ftp~
[2018-09-14 21:00:11.437] [INFO] access - GET /ftp
[2018-09-14 21:00:11.528] [INFO] access - GET /ftp~1
[2018-09-14 21:00:11.624] [INFO] access - GET /ftp.vb
[2018-09-14 21:00:11.734] [INFO] access - GET /ftp.cs
[2018-09-14 21:00:11.849] [INFO] access - GET /ftp.java
[2018-09-14 21:00:11.932] [INFO] access - GET /ftp.class
[2018-09-14 21:00:12.028] [INFO] access - GET /ftp.inc
[2018-09-14 21:00:12.123] [INFO] access - GET /ftp1.bak
[2018-09-14 21:00:12.236] [INFO] access - GET /ftp2.bak
[2018-09-14 21:00:12.322] [INFO] access - GET /ftp.0
[2018-09-14 21:00:12.417] [INFO] access - GET /ftp.1
[2018-09-14 21:00:12.513] [INFO] access - GET /ftp.2
[2018-09-14 21:00:12.641] [INFO] access - GET /website.rar
[2018-09-14 21:00:12.739] [INFO] access - GET /website.zip
[2018-09-14 21:00:12.825] [INFO] access - GET /website.tar.gz
[2018-09-14 21:00:12.959] [INFO] access - GET /website.tar.bz2
[2018-09-14 21:00:13.045] [INFO] access - GET /website.tgz
[2018-09-14 21:00:13.147] [INFO] access - GET /website.backup
[2018-09-14 21:00:13.246] [INFO] access - GET /website.old
[2018-09-14 21:00:13.370] [INFO] access - GET /website_bak
[2018-09-14 21:00:13.495] [INFO] access - GET /website.bac
[2018-09-14 21:00:13.583] [INFO] access - GET /website.orig
[2018-09-14 21:00:13.680] [INFO] access - GET /website-
[2018-09-14 21:00:13.810] [INFO] access - GET /website.swp
[2018-09-14 21:00:13.896] [INFO] access - GET /website.7z
[2018-09-14 21:00:14.001] [INFO] access - GET /website.temp
[2018-09-14 21:00:14.122] [INFO] access - GET /website.save
[2018-09-14 21:00:14.232] [INFO] access - GET /website.000
[2018-09-14 21:00:14.321] [INFO] access - GET /website.001
[2018-09-14 21:00:14.402] [INFO] access - GET /website~
[2018-09-14 21:00:14.540] [INFO] access - GET /website
[2018-09-14 21:00:14.623] [INFO] access - GET /website~1
[2018-09-14 21:00:14.712] [INFO] access - GET /website.vb
[2018-09-14 21:00:14.803] [INFO] access - GET /website.cs
[2018-09-14 21:00:14.939] [INFO] access - GET /website.java
[2018-09-14 21:00:15.086] [INFO] access - GET /website.class
[2018-09-14 21:00:15.159] [INFO] access - GET /website.inc
[2018-09-14 21:00:15.237] [INFO] access - GET /website1.bak
[2018-09-14 21:00:15.340] [INFO] access - GET /website2.bak
[2018-09-14 21:00:15.438] [INFO] access - GET /website.0
[2018-09-14 21:00:15.544] [INFO] access - GET /website.1
[2018-09-14 21:00:15.650] [INFO] access - GET /website.2
[2018-09-14 21:00:15.758] [INFO] access - GET /sql.rar
[2018-09-14 21:00:15.879] [INFO] access - GET /sql.zip
[2018-09-14 21:00:15.991] [INFO] access - GET /sql.tar.gz
[2018-09-14 21:00:16.124] [INFO] access - GET /sql.tar.bz2
[2018-09-14 21:00:16.234] [INFO] access - GET /sql.tgz
[2018-09-14 21:00:16.327] [INFO] access - GET /sql.backup
[2018-09-14 21:00:16.436] [INFO] access - GET /sql.old
[2018-09-14 21:00:16.545] [INFO] access - GET /sql_bak
[2018-09-14 21:00:16.654] [INFO] access - GET /sql.bac
[2018-09-14 21:00:16.739] [INFO] access - GET /sql.orig
[2018-09-14 21:00:16.837] [INFO] access - GET /sql-
[2018-09-14 21:00:16.960] [INFO] access - GET /sql.swp
[2018-09-14 21:00:17.047] [INFO] access - GET /sql.7z
[2018-09-14 21:00:17.157] [INFO] access - GET /sql.temp
[2018-09-14 21:00:17.231] [INFO] access - GET /sql.save
[2018-09-14 21:00:17.381] [INFO] access - GET /sql.000
[2018-09-14 21:00:17.469] [INFO] access - GET /sql.001
[2018-09-14 21:00:17.605] [INFO] access - GET /sql~
[2018-09-14 21:00:17.722] [INFO] access - GET /sql
[2018-09-14 21:00:17.832] [INFO] access - GET /sql~1
[2018-09-14 21:00:17.918] [INFO] access - GET /sql.vb
[2018-09-14 21:00:18.020] [INFO] access - GET /sql.cs
[2018-09-14 21:00:18.131] [INFO] access - GET /sql.java
[2018-09-14 21:00:18.230] [INFO] access - GET /sql.class
[2018-09-14 21:00:18.336] [INFO] access - GET /sql.inc
[2018-09-14 21:00:18.422] [INFO] access - GET /sql1.bak
[2018-09-14 21:00:18.565] [INFO] access - GET /sql2.bak
[2018-09-14 21:00:18.663] [INFO] access - GET /sql.0
[2018-09-14 21:00:18.748] [INFO] access - GET /sql.1
[2018-09-14 21:00:18.843] [INFO] access - GET /sql.2
[2018-09-14 21:00:18.983] [INFO] access - GET /index.rar
[2018-09-14 21:00:19.122] [INFO] access - GET /index.zip
[2018-09-14 21:00:19.247] [INFO] access - GET /index.tar.gz
[2018-09-14 21:00:19.359] [INFO] access - GET /index.tar.bz2
[2018-09-14 21:00:19.516] [INFO] access - GET /index.tgz
[2018-09-14 21:00:19.646] [INFO] access - GET /index.backup
[2018-09-14 21:00:19.772] [INFO] access - GET /index.old
[2018-09-14 21:00:19.935] [INFO] access - GET /index_bak
[2018-09-14 21:00:20.059] [INFO] access - GET /index.bac
[2018-09-14 21:00:20.222] [INFO] access - GET /index.orig
[2018-09-14 21:00:20.328] [INFO] access - GET /index-
[2018-09-14 21:00:20.413] [INFO] access - GET /index.swp
[2018-09-14 21:00:20.508] [INFO] access - GET /index.7z
[2018-09-14 21:00:20.617] [INFO] access - GET /index.temp
[2018-09-14 21:00:20.702] [INFO] access - GET /index.save
[2018-09-14 21:00:20.795] [INFO] access - GET /index.000
[2018-09-14 21:00:20.893] [INFO] access - GET /index.001
[2018-09-14 21:00:21.004] [INFO] access - GET /index~
[2018-09-14 21:00:21.116] [INFO] access - GET /index
[2018-09-14 21:00:21.206] [INFO] access - GET /index~1
[2018-09-14 21:00:21.297] [INFO] access - GET /index.vb
[2018-09-14 21:00:21.419] [INFO] access - GET /index.cs
[2018-09-14 21:00:21.515] [INFO] access - GET /index.java
[2018-09-14 21:00:21.610] [INFO] access - GET /index.class
[2018-09-14 21:00:21.743] [INFO] access - GET /index.inc
[2018-09-14 21:00:21.845] [INFO] access - GET /index1.bak
[2018-09-14 21:00:21.930] [INFO] access - GET /index2.bak
[2018-09-14 21:00:22.034] [INFO] access - GET /index.0
[2018-09-14 21:00:22.154] [INFO] access - GET /index.1
[2018-09-14 21:00:22.266] [INFO] access - GET /index.2
[2018-09-14 21:00:22.388] [INFO] access - GET /config.rar
[2018-09-14 21:00:22.476] [INFO] access - GET /config.zip
[2018-09-14 21:00:22.608] [INFO] access - GET /config.tar.gz
[2018-09-14 21:00:22.708] [INFO] access - GET /config.tar.bz2
[2018-09-14 21:00:22.806] [INFO] access - GET /config.tgz
[2018-09-14 21:00:22.901] [INFO] access - GET /config.backup
[2018-09-14 21:00:23.013] [INFO] access - GET /config.old
[2018-09-14 21:00:23.123] [INFO] access - GET /config_bak
[2018-09-14 21:00:23.254] [INFO] access - GET /config.bac
[2018-09-14 21:00:23.367] [INFO] access - GET /config.orig
[2018-09-14 21:00:23.466] [INFO] access - GET /config-
[2018-09-14 21:00:23.580] [INFO] access - GET /config.swp
[2018-09-14 21:00:23.711] [INFO] access - GET /config.7z
[2018-09-14 21:00:23.848] [INFO] access - GET /config.temp
[2018-09-14 21:00:23.976] [INFO] access - GET /config.save
[2018-09-14 21:00:24.076] [INFO] access - GET /config.000
[2018-09-14 21:00:24.179] [INFO] access - GET /config.001
[2018-09-14 21:00:24.316] [INFO] access - GET /config~
[2018-09-14 21:00:24.436] [INFO] access - GET /config
[2018-09-14 21:00:24.560] [INFO] access - GET /config~1
[2018-09-14 21:00:24.680] [INFO] access - GET /config.vb
[2018-09-14 21:00:24.792] [INFO] access - GET /config.cs
[2018-09-14 21:00:24.879] [INFO] access - GET /config.java
[2018-09-14 21:00:24.974] [INFO] access - GET /config.class
[2018-09-14 21:00:25.073] [INFO] access - GET /config.inc
[2018-09-14 21:00:25.186] [INFO] access - GET /config1.bak
[2018-09-14 21:00:25.282] [INFO] access - GET /config2.bak
[2018-09-14 21:00:25.365] [INFO] access - GET /config.0
[2018-09-14 21:00:25.481] [INFO] access - GET /config.1
[2018-09-14 21:00:25.578] [INFO] access - GET /config.2
[2018-09-14 21:00:37.964] [INFO] access - GET /.git/config
[2018-09-14 21:00:38.060] [INFO] access - GET /index.php
[2018-09-14 21:00:38.176] [INFO] access - GET /index.php.bak
[2018-09-14 21:00:38.264] [INFO] access - GET /index.php~
[2018-09-14 21:00:38.361] [INFO] access - GET /index.php.old
[2018-09-14 21:00:38.484] [INFO] access - GET /index.php.swp
[2018-09-14 21:00:38.610] [INFO] access - GET /config.php.bak
[2018-09-14 21:00:38.713] [INFO] access - GET /config.inc.php.bak
[2018-09-14 21:00:38.834] [INFO] access - GET /public/index.php
[2018-09-14 21:00:38.947] [INFO] access - GET /framework/conf/config.php.bak
[2018-09-14 21:00:39.054] [INFO] access - GET /data/config.php.bak
[2018-09-14 21:00:39.153] [INFO] access - GET /wp-config.php~
[2018-09-14 21:00:39.236] [INFO] access - GET /wp-config.php.bak
[2018-09-14 21:00:39.363] [INFO] access - GET /wp-config.php.inc
[2018-09-14 21:00:39.447] [INFO] access - GET /wp-config.old
[2018-09-14 21:00:39.557] [INFO] access - GET /config/config.php
[2018-09-14 21:00:39.670] [INFO] access - GET /config/config.php.bak
[2018-09-14 21:00:39.782] [INFO] access - GET /config/config.php.bak~
[2018-09-14 21:00:39.892] [INFO] access - GET /config/.config.php.bak.swp
[2018-09-14 21:00:40.005] [INFO] access - GET /config/database.php
[2018-09-14 21:00:40.101] [INFO] access - GET /config/database.php.bak
[2018-09-14 21:00:40.223] [INFO] access - GET /config/database.php~
[2018-09-14 21:00:40.337] [INFO] access - GET /config/.database.php.swp
[2018-09-14 21:00:40.449] [INFO] access - GET /config/db.php
[2018-09-14 21:00:40.565] [INFO] access - GET /config/db.php.bak
[2018-09-14 21:00:40.670] [INFO] access - GET /config/db.php~
[2018-09-14 21:00:40.860] [INFO] access - GET /1.php
[2018-09-14 21:00:40.934] [INFO] access - GET /test.php
[2018-09-14 21:00:41.045] [INFO] access - GET /ceshi.php
[2018-09-14 21:00:41.151] [INFO] access - GET /info.php
[2018-09-14 21:00:41.247] [INFO] access - GET /phpinfo.php
[2018-09-14 21:00:41.320] [INFO] access - GET /index.php
[2018-09-14 21:00:41.474] [INFO] access - GET /php.php
[2018-09-14 21:00:41.576] [INFO] access - GET /i.php
[2018-09-14 21:09:25.318] [INFO] access - GET /.svn/entries
[2018-09-14 21:09:25.480] [INFO] access - GET /.svn/wc.db
[2018-09-14 21:09:25.499] [ERROR] access - POST /
[2018-09-14 21:09:25.663] [INFO] access - GET /orders.xml
[2018-09-14 21:09:25.778] [INFO] access - GET /.ssh/id_rsa
[2018-09-14 21:09:25.982] [INFO] access - POST /auth/login
[2018-09-14 21:09:25.996] [ERROR] access - POST /j_spring_security_check
[2018-09-14 21:09:26.010] [ERROR] access - GET /api/security/ticket
[2018-09-14 21:09:26.023] [ERROR] access - POST /jars/upload
[2018-09-14 21:09:26.047] [ERROR] access - POST /
[2018-09-14 21:09:26.204] [INFO] access - GET /.htaccess
[2018-09-14 21:09:26.378] [INFO] access - GET /.travis.yml
[2018-09-14 21:09:26.530] [INFO] access - GET /crossdomain.xml
[2018-09-14 21:09:26.543] [ERROR] access - PUT /vultest.txt
[2018-09-14 21:09:26.696] [INFO] access - GET /vultest.txt
[2018-09-14 21:09:26.849] [INFO] access - GET /sftp-config.json
[2018-09-14 21:09:27.037] [INFO] access - GET /../../../../../../../../../etc/passwd
[2018-09-14 21:09:27.227] [INFO] access - GET /axis2/axis2-web/HappyAxis.jsp
[2018-09-14 21:09:27.396] [INFO] access - GET /theme/META-INF/%c0%ae%c0%ae/%c0%ae%c0%ae/%c0%ae%c0%ae/%c0%ae%c0%ae/
[2018-09-14 21:09:27.561] [INFO] access - GET /status?full=true
[2018-09-14 21:09:27.887] [INFO] access - GET /
[2018-09-14 21:09:28.048] [INFO] access - GET /axis2/services/listServices
[2018-09-14 21:09:28.159] [INFO] access - GET /p.php
[2018-09-14 21:09:28.326] [INFO] access - GET /tz.php
[2018-09-14 21:09:28.341] [ERROR] access - POST /axis2/axis2-admin/login
[2018-09-14 21:09:28.354] [ERROR] access - POST /axis2/axis2-admin/login
[2018-09-14 21:09:28.367] [ERROR] access - POST /axis2/axis2-admin/login
[2018-09-14 21:09:28.385] [ERROR] access - POST /axis2/axis2-admin/login
[2018-09-14 21:09:28.397] [ERROR] access - POST /axis2/axis2-admin/login
[2018-09-14 21:09:28.410] [ERROR] access - POST /axis2/axis2-admin/login
[2018-09-14 21:09:28.422] [ERROR] access - POST /axis2/axis2-admin/login
[2018-09-14 21:09:28.435] [ERROR] access - POST /axis2/axis2-admin/login
[2018-09-14 21:09:28.448] [ERROR] access - POST /axis2/axis2-admin/login
[2018-09-14 21:09:28.463] [ERROR] access - POST /axis2/axis2-admin/login
[2018-09-14 21:09:28.477] [ERROR] access - POST /axis2/axis2-admin/login
[2018-09-14 21:09:28.489] [ERROR] access - POST /axis2/axis2-admin/login
[2018-09-14 21:09:28.502] [ERROR] access - POST /axis2/axis2-admin/login
[2018-09-14 21:09:28.516] [ERROR] access - POST /axis2/axis2-admin/login
[2018-09-14 21:09:28.529] [ERROR] access - POST /axis2/axis2-admin/login
[2018-09-14 21:09:28.543] [ERROR] access - POST /axis2/axis2-admin/login
[2018-09-14 21:09:28.556] [ERROR] access - POST /axis2/axis2-admin/login
[2018-09-14 21:09:28.561] [ERROR] access - POST /axis2/axis2-admin/login
[2018-09-14 21:09:28.576] [ERROR] access - POST /axis2/axis2-admin/login
[2018-09-14 21:09:28.589] [ERROR] access - POST /axis2/axis2-admin/login
[2018-09-14 21:09:28.602] [ERROR] access - POST /axis2/axis2-admin/login
[2018-09-14 21:09:28.614] [ERROR] access - POST /axis2/axis2-admin/login
[2018-09-14 21:09:28.628] [ERROR] access - POST /axis2/axis2-admin/login
[2018-09-14 21:09:28.642] [ERROR] access - POST /axis2/axis2-admin/login
[2018-09-14 21:09:28.656] [ERROR] access - POST /axis2/axis2-admin/login
[2018-09-14 21:09:28.669] [ERROR] access - POST /axis2/axis2-admin/login
[2018-09-14 21:09:28.681] [ERROR] access - POST /axis2/axis2-admin/login
[2018-09-14 21:09:28.693] [ERROR] access - POST /axis2/axis2-admin/login
[2018-09-14 21:09:28.707] [ERROR] access - POST /axis2/axis2-admin/login
[2018-09-14 21:09:28.719] [ERROR] access - POST /axis2/axis2-admin/login
[2018-09-14 21:09:28.731] [ERROR] access - POST /axis2/axis2-admin/login
[2018-09-14 21:09:28.743] [ERROR] access - POST /axis2/axis2-admin/login
[2018-09-14 21:09:28.757] [ERROR] access - POST /axis2/axis2-admin/login
[2018-09-14 21:09:28.770] [ERROR] access - POST /axis2/axis2-admin/login
[2018-09-14 21:09:28.783] [ERROR] access - POST /axis2/axis2-admin/login
[2018-09-14 21:09:28.795] [ERROR] access - POST /axis2/axis2-admin/login
[2018-09-14 21:09:28.808] [ERROR] access - POST /axis2/axis2-admin/login
[2018-09-14 21:09:28.820] [ERROR] access - POST /axis2/axis2-admin/login
[2018-09-14 21:09:28.833] [ERROR] access - POST /axis2/axis2-admin/login
[2018-09-14 21:09:28.845] [ERROR] access - POST /axis2/axis2-admin/login
[2018-09-14 21:09:28.859] [ERROR] access - POST /axis2/axis2-admin/login
[2018-09-14 21:09:28.871] [ERROR] access - POST /axis2/axis2-admin/login
[2018-09-14 21:09:28.885] [ERROR] access - POST /axis2/axis2-admin/login
[2018-09-14 21:09:28.897] [ERROR] access - POST /axis2/axis2-admin/login
[2018-09-14 21:09:28.910] [ERROR] access - POST /axis2/axis2-admin/login
[2018-09-14 21:09:28.923] [ERROR] access - POST /axis2/axis2-admin/login
[2018-09-14 21:09:28.937] [ERROR] access - POST /axis2/axis2-admin/login
[2018-09-14 21:09:28.944] [ERROR] access - POST /axis2/axis2-admin/login
[2018-09-14 21:09:28.958] [ERROR] access - POST /axis2/axis2-admin/login
[2018-09-14 21:09:28.976] [ERROR] access - POST /axis2/axis2-admin/login
[2018-09-14 21:09:28.989] [ERROR] access - POST /axis2/axis2-admin/login
[2018-09-14 21:09:29.003] [ERROR] access - POST /axis2/axis2-admin/login
[2018-09-14 21:09:29.016] [ERROR] access - POST /axis2/axis2-admin/login
[2018-09-14 21:09:29.034] [ERROR] access - POST /axis2/axis2-admin/login
[2018-09-14 21:09:29.047] [ERROR] access - POST /axis2/axis2-admin/login
[2018-09-14 21:09:29.060] [ERROR] access - POST /axis2/axis2-admin/login
[2018-09-14 21:09:29.073] [ERROR] access - POST /axis2/axis2-admin/login
[2018-09-14 21:09:29.086] [ERROR] access - POST /axis2/axis2-admin/login
[2018-09-14 21:09:29.099] [ERROR] access - POST /axis2/axis2-admin/login
[2018-09-14 21:09:29.111] [ERROR] access - POST /axis2/axis2-admin/login
[2018-09-14 21:09:29.123] [ERROR] access - POST /axis2/axis2-admin/login
[2018-09-14 21:09:29.136] [ERROR] access - POST /axis2/axis2-admin/login
[2018-09-14 21:09:29.147] [ERROR] access - POST /axis2/axis2-admin/login
[2018-09-14 21:09:29.161] [ERROR] access - POST /axis2/axis2-admin/login
[2018-09-14 21:09:29.173] [ERROR] access - POST /axis2/axis2-admin/login
[2018-09-14 21:09:29.185] [ERROR] access - POST /axis2/axis2-admin/login
[2018-09-14 21:09:29.197] [ERROR] access - POST /axis2/axis2-admin/login
[2018-09-14 21:09:29.211] [ERROR] access - POST /axis2/axis2-admin/login
[2018-09-14 21:09:29.219] [ERROR] access - POST /axis2/axis2-admin/login
[2018-09-14 21:09:29.231] [ERROR] access - POST /axis2/axis2-admin/login
[2018-09-14 21:09:29.243] [ERROR] access - POST /axis2/axis2-admin/login
[2018-09-14 21:09:29.255] [ERROR] access - POST /axis2/axis2-admin/login
[2018-09-14 21:09:29.271] [ERROR] access - POST /axis2/axis2-admin/login
[2018-09-14 21:09:29.284] [ERROR] access - POST /axis2/axis2-admin/login
[2018-09-14 21:09:29.296] [ERROR] access - POST /axis2/axis2-admin/login
[2018-09-14 21:09:29.308] [ERROR] access - POST /axis2/axis2-admin/login
[2018-09-14 21:09:29.322] [ERROR] access - POST /axis2/axis2-admin/login
[2018-09-14 21:09:29.335] [ERROR] access - POST /axis2/axis2-admin/login
[2018-09-14 21:09:29.347] [ERROR] access - POST /axis2/axis2-admin/login
[2018-09-14 21:09:29.358] [ERROR] access - POST /axis2/axis2-admin/login
[2018-09-14 21:09:29.372] [ERROR] access - POST /axis2/axis2-admin/login
[2018-09-14 21:09:29.383] [ERROR] access - POST /axis2/axis2-admin/login
[2018-09-14 21:09:29.398] [ERROR] access - POST /axis2/axis2-admin/login
[2018-09-14 21:09:29.409] [ERROR] access - POST /axis2/axis2-admin/login
[2018-09-14 21:09:29.421] [ERROR] access - POST /axis2/axis2-admin/login
[2018-09-14 21:09:29.433] [ERROR] access - POST /axis2/axis2-admin/login
[2018-09-14 21:09:29.447] [ERROR] access - POST /axis2/axis2-admin/login
[2018-09-14 21:09:29.460] [ERROR] access - POST /axis2/axis2-admin/login
[2018-09-14 21:09:29.472] [ERROR] access - POST /axis2/axis2-admin/login
[2018-09-14 21:09:29.486] [ERROR] access - POST /axis2/axis2-admin/login
[2018-09-14 21:09:29.495] [ERROR] access - POST /axis2/axis2-admin/login
[2018-09-14 21:09:29.508] [ERROR] access - POST /axis2/axis2-admin/login
[2018-09-14 21:09:29.521] [ERROR] access - POST /axis2/axis2-admin/login
[2018-09-14 21:09:29.533] [ERROR] access - POST /axis2/axis2-admin/login
[2018-09-14 21:09:29.546] [ERROR] access - POST /axis2/axis2-admin/login
[2018-09-14 21:09:29.559] [ERROR] access - POST /axis2/axis2-admin/login
[2018-09-14 21:09:29.573] [ERROR] access - POST /axis2/axis2-admin/login
[2018-09-14 21:09:29.585] [ERROR] access - POST /axis2/axis2-admin/login
[2018-09-14 21:09:29.598] [ERROR] access - POST /axis2/axis2-admin/login
[2018-09-14 21:09:29.610] [ERROR] access - POST /axis2/axis2-admin/login
[2018-09-14 21:09:29.622] [ERROR] access - POST /axis2/axis2-admin/login
[2018-09-14 21:09:29.637] [ERROR] access - POST /axis2/axis2-admin/login
[2018-09-14 21:09:29.649] [ERROR] access - POST /axis2/axis2-admin/login
[2018-09-14 21:09:29.653] [ERROR] access - POST /axis2/axis2-admin/login
[2018-09-14 21:09:29.665] [ERROR] access - POST /axis2/axis2-admin/login
[2018-09-14 21:09:29.677] [ERROR] access - POST /axis2/axis2-admin/login
[2018-09-14 21:09:29.682] [ERROR] access - POST /axis2/axis2-admin/login
[2018-09-14 21:09:29.697] [ERROR] access - POST /axis2/axis2-admin/login
[2018-09-14 21:09:29.713] [ERROR] access - POST /axis2/axis2-admin/login
[2018-09-14 21:09:29.728] [ERROR] access - POST /axis2/axis2-admin/login
[2018-09-14 21:09:29.742] [ERROR] access - POST /axis2/axis2-admin/login
[2018-09-14 21:09:29.755] [ERROR] access - POST /axis2/axis2-admin/login
[2018-09-14 21:09:29.767] [ERROR] access - POST /axis2/axis2-admin/login
[2018-09-14 21:09:29.780] [ERROR] access - POST /axis2/axis2-admin/login
[2018-09-14 21:09:29.792] [ERROR] access - POST /axis2/axis2-admin/login
[2018-09-14 21:09:29.804] [ERROR] access - POST /axis2/axis2-admin/login
[2018-09-14 21:09:29.816] [ERROR] access - POST /axis2/axis2-admin/login
[2018-09-14 21:09:29.829] [ERROR] access - POST /axis2/axis2-admin/login
[2018-09-14 21:09:29.843] [ERROR] access - POST /axis2/axis2-admin/login
[2018-09-14 21:09:29.855] [ERROR] access - POST /axis2/axis2-admin/login
[2018-09-14 21:09:29.868] [ERROR] access - POST /axis2/axis2-admin/login
[2018-09-14 21:09:29.879] [ERROR] access - POST /axis2/axis2-admin/login
[2018-09-14 21:09:29.891] [ERROR] access - POST /axis2/axis2-admin/login
[2018-09-14 21:09:29.904] [ERROR] access - POST /axis2/axis2-admin/login
[2018-09-14 21:09:29.915] [ERROR] access - POST /axis2/axis2-admin/login
[2018-09-14 21:09:29.928] [ERROR] access - POST /axis2/axis2-admin/login
[2018-09-14 21:09:29.943] [ERROR] access - POST /axis2/axis2-admin/login
[2018-09-14 21:09:29.960] [ERROR] access - POST /axis2/axis2-admin/login
[2018-09-14 21:09:29.973] [ERROR] access - POST /axis2/axis2-admin/login
[2018-09-14 21:09:29.985] [ERROR] access - POST /axis2/axis2-admin/login
[2018-09-14 21:09:29.998] [ERROR] access - POST /axis2/axis2-admin/login
[2018-09-14 21:09:30.011] [ERROR] access - POST /axis2/axis2-admin/login
[2018-09-14 21:09:30.024] [ERROR] access - POST /axis2/axis2-admin/login
[2018-09-14 21:09:30.041] [ERROR] access - POST /axis2/axis2-admin/login
[2018-09-14 21:09:30.056] [ERROR] access - POST /axis2/axis2-admin/login
[2018-09-14 21:09:30.071] [ERROR] access - POST /axis2/axis2-admin/login
[2018-09-14 21:09:30.086] [ERROR] access - POST /axis2/axis2-admin/login
[2018-09-14 21:09:30.092] [ERROR] access - POST /axis2/axis2-admin/login
[2018-09-14 21:09:30.108] [ERROR] access - POST /axis2/axis2-admin/login
[2018-09-14 21:09:30.122] [ERROR] access - POST /axis2/axis2-admin/login
[2018-09-14 21:09:30.136] [ERROR] access - POST /axis2/axis2-admin/login
[2018-09-14 21:09:30.145] [ERROR] access - POST /axis2/axis2-admin/login
[2018-09-14 21:09:30.150] [ERROR] access - POST /axis2/axis2-admin/login
[2018-09-14 21:09:30.164] [ERROR] access - POST /axis2/axis2-admin/login
[2018-09-14 21:09:30.178] [ERROR] access - POST /axis2/axis2-admin/login
[2018-09-14 21:09:30.194] [ERROR] access - POST /axis2/axis2-admin/login
[2018-09-14 21:09:30.204] [ERROR] access - POST /axis2/axis2-admin/login
[2018-09-14 21:09:30.216] [ERROR] access - POST /axis2/axis2-admin/login
[2018-09-14 21:09:30.229] [ERROR] access - POST /axis2/axis2-admin/login
[2018-09-14 21:09:30.244] [ERROR] access - POST /axis2/axis2-admin/login
[2018-09-14 21:09:30.256] [ERROR] access - POST /axis2/axis2-admin/login
[2018-09-14 21:09:30.269] [ERROR] access - POST /axis2/axis2-admin/login
[2018-09-14 21:09:30.289] [ERROR] access - POST /axis2/axis2-admin/login
[2018-09-14 21:09:30.290] [ERROR] access - POST /axis2/axis2-admin/login
[2018-09-14 21:09:30.316] [ERROR] access - POST /axis2/axis2-admin/login
[2018-09-14 21:09:30.329] [ERROR] access - POST /axis2/axis2-admin/login
[2018-09-14 21:09:30.341] [ERROR] access - POST /axis2/axis2-admin/login
[2018-09-14 21:09:30.354] [ERROR] access - POST /axis2/axis2-admin/login
[2018-09-14 21:09:30.363] [ERROR] access - POST /axis2/axis2-admin/login
[2018-09-14 21:09:30.375] [ERROR] access - POST /axis2/axis2-admin/login
[2018-09-14 21:09:30.387] [ERROR] access - POST /axis2/axis2-admin/login
[2018-09-14 21:09:30.392] [ERROR] access - POST /axis2/axis2-admin/login
[2018-09-14 21:09:30.403] [ERROR] access - POST /axis2/axis2-admin/login
[2018-09-14 21:09:30.413] [ERROR] access - POST /axis2/axis2-admin/login
[2018-09-14 21:09:30.426] [ERROR] access - POST /axis2/axis2-admin/login
[2018-09-14 21:09:30.439] [ERROR] access - POST /axis2/axis2-admin/login
[2018-09-14 21:09:30.452] [ERROR] access - POST /axis2/axis2-admin/login
[2018-09-14 21:09:30.460] [ERROR] access - POST /axis2/axis2-admin/login
[2018-09-14 21:09:30.472] [ERROR] access - POST /axis2/axis2-admin/login
[2018-09-14 21:09:30.486] [ERROR] access - POST /axis2/axis2-admin/login
[2018-09-14 21:09:30.503] [ERROR] access - POST /axis2/axis2-admin/login
[2018-09-14 21:09:30.511] [ERROR] access - POST /axis2/axis2-admin/login
[2018-09-14 21:09:30.525] [ERROR] access - POST /axis2/axis2-admin/login
[2018-09-14 21:09:30.540] [ERROR] access - POST /axis2/axis2-admin/login
[2018-09-14 21:09:30.544] [ERROR] access - POST /axis2/axis2-admin/login
[2018-09-14 21:09:30.548] [ERROR] access - POST /axis2/axis2-admin/login
[2018-09-14 21:09:30.561] [ERROR] access - POST /axis2/axis2-admin/login
[2018-09-14 21:09:30.565] [ERROR] access - POST /axis2/axis2-admin/login
[2018-09-14 21:09:30.569] [ERROR] access - POST /axis2/axis2-admin/login
[2018-09-14 21:09:30.581] [ERROR] access - POST /axis2/axis2-admin/login
[2018-09-14 21:09:30.596] [ERROR] access - POST /axis2/axis2-admin/login
[2018-09-14 21:09:30.600] [ERROR] access - POST /axis2/axis2-admin/login
[2018-09-14 21:09:30.616] [ERROR] access - POST /axis2/axis2-admin/login
[2018-09-14 21:09:30.621] [ERROR] access - POST /axis2/axis2-admin/login
[2018-09-14 21:09:30.639] [ERROR] access - POST /axis2/axis2-admin/login
[2018-09-14 21:09:30.642] [ERROR] access - POST /axis2/axis2-admin/login
[2018-09-14 21:09:30.654] [ERROR] access - POST /axis2/axis2-admin/login
[2018-09-14 21:09:30.658] [ERROR] access - POST /axis2/axis2-admin/login
[2018-09-14 21:09:30.671] [ERROR] access - POST /axis2/axis2-admin/login
[2018-09-14 21:09:30.675] [ERROR] access - POST /axis2/axis2-admin/login
[2018-09-14 21:09:30.678] [ERROR] access - POST /axis2/axis2-admin/login
[2018-09-14 21:09:30.690] [ERROR] access - POST /axis2/axis2-admin/login
[2018-09-14 21:09:30.704] [ERROR] access - POST /axis2/axis2-admin/login
[2018-09-14 21:09:30.719] [ERROR] access - POST /axis2/axis2-admin/login
[2018-09-14 21:09:30.726] [ERROR] access - POST /axis2/axis2-admin/login
[2018-09-14 21:09:30.738] [ERROR] access - POST /axis2/axis2-admin/login
[2018-09-14 21:09:30.752] [ERROR] access - POST /axis2/axis2-admin/login
[2018-09-14 21:09:30.757] [ERROR] access - POST /axis2/axis2-admin/login
[2018-09-14 21:09:30.772] [ERROR] access - POST /axis2/axis2-admin/login
[2018-09-14 21:09:30.782] [ERROR] access - POST /axis2/axis2-admin/login
[2018-09-14 21:09:30.795] [ERROR] access - POST /axis2/axis2-admin/login
[2018-09-14 21:09:30.807] [ERROR] access - POST /axis2/axis2-admin/login
[2018-09-14 21:09:30.821] [ERROR] access - POST /axis2/axis2-admin/login
[2018-09-14 21:09:30.828] [ERROR] access - POST /axis2/axis2-admin/login
[2018-09-14 21:09:30.840] [ERROR] access - POST /axis2/axis2-admin/login
[2018-09-14 21:09:30.858] [ERROR] access - POST /axis2/axis2-admin/login
[2018-09-14 21:09:30.874] [ERROR] access - POST /axis2/axis2-admin/login
[2018-09-14 21:09:30.884] [ERROR] access - POST /axis2/axis2-admin/login
[2018-09-14 21:09:30.896] [ERROR] access - POST /axis2/axis2-admin/login
[2018-09-14 21:09:30.908] [ERROR] access - POST /axis2/axis2-admin/login
[2018-09-14 21:09:30.923] [ERROR] access - POST /axis2/axis2-admin/login
[2018-09-14 21:09:30.941] [ERROR] access - POST /axis2/axis2-admin/login
[2018-09-14 21:09:30.955] [ERROR] access - POST /axis2/axis2-admin/login
[2018-09-14 21:09:30.960] [ERROR] access - POST /axis2/axis2-admin/login
[2018-09-14 21:09:30.973] [ERROR] access - POST /axis2/axis2-admin/login
[2018-09-14 21:09:30.979] [ERROR] access - POST /axis2/axis2-admin/login
[2018-09-14 21:09:30.993] [ERROR] access - POST /axis2/axis2-admin/login
[2018-09-14 21:09:31.008] [ERROR] access - POST /axis2/axis2-admin/login
[2018-09-14 21:09:31.014] [ERROR] access - POST /axis2/axis2-admin/login
[2018-09-14 21:09:31.027] [ERROR] access - POST /axis2/axis2-admin/login
[2018-09-14 21:09:31.037] [ERROR] access - POST /axis2/axis2-admin/login
[2018-09-14 21:09:31.048] [ERROR] access - POST /axis2/axis2-admin/login
[2018-09-14 21:09:31.061] [ERROR] access - POST /axis2/axis2-admin/login
[2018-09-14 21:09:31.064] [ERROR] access - POST /axis2/axis2-admin/login
[2018-09-14 21:09:31.078] [ERROR] access - POST /axis2/axis2-admin/login
[2018-09-14 21:09:31.085] [ERROR] access - POST /axis2/axis2-admin/login
[2018-09-14 21:09:31.100] [ERROR] access - POST /axis2/axis2-admin/login
[2018-09-14 21:09:31.115] [ERROR] access - POST /axis2/axis2-admin/login
[2018-09-14 21:09:31.125] [ERROR] access - POST /axis2/axis2-admin/login
[2018-09-14 21:09:31.138] [ERROR] access - POST /axis2/axis2-admin/login
[2018-09-14 21:09:31.149] [ERROR] access - POST /axis2/axis2-admin/login
[2018-09-14 21:09:31.153] [ERROR] access - POST /axis2/axis2-admin/login
[2018-09-14 21:09:31.165] [ERROR] access - POST /axis2/axis2-admin/login
[2018-09-14 21:09:31.170] [ERROR] access - POST /axis2/axis2-admin/login
[2018-09-14 21:09:31.181] [ERROR] access - POST /axis2/axis2-admin/login
[2018-09-14 21:09:31.186] [ERROR] access - POST /axis2/axis2-admin/login
[2018-09-14 21:09:31.198] [ERROR] access - POST /axis2/axis2-admin/login
[2018-09-14 21:09:31.212] [ERROR] access - POST /axis2/axis2-admin/login
[2018-09-14 21:09:31.218] [ERROR] access - POST /axis2/axis2-admin/login
[2018-09-14 21:09:31.230] [ERROR] access - POST /axis2/axis2-admin/login
[2018-09-14 21:09:31.235] [ERROR] access - POST /axis2/axis2-admin/login
[2018-09-14 21:09:31.248] [ERROR] access - POST /axis2/axis2-admin/login
[2018-09-14 21:09:31.261] [ERROR] access - POST /axis2/axis2-admin/login
[2018-09-14 21:09:31.266] [ERROR] access - POST /axis2/axis2-admin/login
[2018-09-14 21:09:31.280] [ERROR] access - POST /axis2/axis2-admin/login
[2018-09-14 21:09:31.297] [ERROR] access - POST /axis2/axis2-admin/login
[2018-09-14 21:09:31.311] [ERROR] access - POST /axis2/axis2-admin/login
[2018-09-14 21:09:31.330] [ERROR] access - POST /axis2/axis2-admin/login
[2018-09-14 21:09:31.335] [ERROR] access - POST /axis2/axis2-admin/login
[2018-09-14 21:09:31.350] [ERROR] access - POST /axis2/axis2-admin/login
[2018-09-14 21:09:31.362] [ERROR] access - POST /axis2/axis2-admin/login
[2018-09-14 21:09:31.372] [ERROR] access - POST /axis2/axis2-admin/login
[2018-09-14 21:09:31.385] [ERROR] access - POST /axis2/axis2-admin/login
[2018-09-14 21:09:31.399] [ERROR] access - POST /axis2/axis2-admin/login
[2018-09-14 21:09:31.415] [ERROR] access - POST /axis2/axis2-admin/login
[2018-09-14 21:09:31.419] [ERROR] access - POST /axis2/axis2-admin/login
[2018-09-14 21:09:31.436] [ERROR] access - POST /axis2/axis2-admin/login
[2018-09-14 21:09:31.442] [ERROR] access - POST /axis2/axis2-admin/login
[2018-09-14 21:09:31.454] [ERROR] access - POST /axis2/axis2-admin/login
[2018-09-14 21:09:31.466] [ERROR] access - POST /axis2/axis2-admin/login
[2018-09-14 21:09:31.473] [ERROR] access - POST /axis2/axis2-admin/login
[2018-09-14 21:09:31.487] [ERROR] access - POST /axis2/axis2-admin/login
[2018-09-14 21:09:31.492] [ERROR] access - POST /axis2/axis2-admin/login
[2018-09-14 21:09:31.504] [ERROR] access - POST /axis2/axis2-admin/login
[2018-09-14 21:09:31.516] [ERROR] access - POST /axis2/axis2-admin/login
[2018-09-14 21:09:31.535] [ERROR] access - POST /axis2/axis2-admin/login
[2018-09-14 21:09:31.540] [ERROR] access - POST /axis2/axis2-admin/login
[2018-09-14 21:09:31.551] [ERROR] access - POST /axis2/axis2-admin/login
[2018-09-14 21:09:31.564] [ERROR] access - POST /axis2/axis2-admin/login
[2018-09-14 21:09:31.573] [ERROR] access - POST /axis2/axis2-admin/login
[2018-09-14 21:09:31.585] [ERROR] access - POST /axis2/axis2-admin/login
[2018-09-14 21:09:31.600] [ERROR] access - POST /axis2/axis2-admin/login
[2018-09-14 21:09:31.615] [ERROR] access - POST /axis2/axis2-admin/login
[2018-09-14 21:09:31.623] [ERROR] access - POST /axis2/axis2-admin/login
[2018-09-14 21:09:31.637] [ERROR] access - POST /axis2/axis2-admin/login
[2018-09-14 21:09:31.653] [ERROR] access - POST /axis2/axis2-admin/login
[2018-09-14 21:09:31.667] [ERROR] access - POST /axis2/axis2-admin/login
[2018-09-14 21:09:31.673] [ERROR] access - POST /axis2/axis2-admin/login
[2018-09-14 21:09:31.688] [ERROR] access - POST /axis2/axis2-admin/login
[2018-09-14 21:09:31.703] [ERROR] access - POST /axis2/axis2-admin/login
[2018-09-14 21:09:31.717] [ERROR] access - POST /axis2/axis2-admin/login
[2018-09-14 21:09:31.723] [ERROR] access - POST /axis2/axis2-admin/login
[2018-09-14 21:09:31.739] [ERROR] access - POST /axis2/axis2-admin/login
[2018-09-14 21:09:31.753] [ERROR] access - POST /axis2/axis2-admin/login
[2018-09-14 21:09:31.757] [ERROR] access - POST /axis2/axis2-admin/login
[2018-09-14 21:09:31.769] [ERROR] access - POST /axis2/axis2-admin/login
[2018-09-14 21:09:31.779] [ERROR] access - POST /axis2/axis2-admin/login
[2018-09-14 21:09:31.792] [ERROR] access - POST /axis2/axis2-admin/login
[2018-09-14 21:09:31.804] [ERROR] access - POST /axis2/axis2-admin/login
[2018-09-14 21:09:31.819] [ERROR] access - POST /axis2/axis2-admin/login
[2018-09-14 21:09:31.825] [ERROR] access - POST /axis2/axis2-admin/login
[2018-09-14 21:09:31.839] [ERROR] access - POST /axis2/axis2-admin/login
[2018-09-14 21:09:31.843] [ERROR] access - POST /axis2/axis2-admin/login
[2018-09-14 21:09:31.857] [ERROR] access - POST /axis2/axis2-admin/login
[2018-09-14 21:09:31.871] [ERROR] access - POST /axis2/axis2-admin/login
[2018-09-14 21:09:31.881] [ERROR] access - POST /axis2/axis2-admin/login
[2018-09-14 21:09:31.893] [ERROR] access - POST /axis2/axis2-admin/login
[2018-09-14 21:09:31.906] [ERROR] access - POST /axis2/axis2-admin/login
[2018-09-14 21:09:31.920] [ERROR] access - POST /axis2/axis2-admin/login
[2018-09-14 21:09:31.931] [ERROR] access - POST /axis2/axis2-admin/login
[2018-09-14 21:09:31.943] [ERROR] access - POST /axis2/axis2-admin/login
[2018-09-14 21:09:31.948] [ERROR] access - POST /axis2/axis2-admin/login
[2018-09-14 21:09:31.961] [ERROR] access - POST /axis2/axis2-admin/login
[2018-09-14 21:09:31.974] [ERROR] access - POST /axis2/axis2-admin/login
[2018-09-14 21:09:31.978] [ERROR] access - POST /axis2/axis2-admin/login
[2018-09-14 21:09:31.983] [ERROR] access - POST /axis2/axis2-admin/login
[2018-09-14 21:09:31.997] [ERROR] access - POST /axis2/axis2-admin/login
[2018-09-14 21:09:32.000] [ERROR] access - POST /axis2/axis2-admin/login
[2018-09-14 21:09:32.016] [ERROR] access - POST /axis2/axis2-admin/login
[2018-09-14 21:09:32.029] [ERROR] access - POST /axis2/axis2-admin/login
[2018-09-14 21:09:32.039] [ERROR] access - POST /axis2/axis2-admin/login
[2018-09-14 21:09:32.051] [ERROR] access - POST /axis2/axis2-admin/login
[2018-09-14 21:09:32.065] [ERROR] access - POST /axis2/axis2-admin/login
[2018-09-14 21:09:32.077] [ERROR] access - POST /axis2/axis2-admin/login
[2018-09-14 21:09:32.085] [ERROR] access - POST /axis2/axis2-admin/login
[2018-09-14 21:09:32.098] [ERROR] access - POST /axis2/axis2-admin/login
[2018-09-14 21:09:32.101] [ERROR] access - POST /axis2/axis2-admin/login
[2018-09-14 21:09:32.115] [ERROR] access - POST /axis2/axis2-admin/login
[2018-09-14 21:09:32.128] [ERROR] access - POST /axis2/axis2-admin/login
[2018-09-14 21:09:32.138] [ERROR] access - POST /axis2/axis2-admin/login
[2018-09-14 21:09:32.151] [ERROR] access - POST /axis2/axis2-admin/login
[2018-09-14 21:09:32.155] [ERROR] access - POST /axis2/axis2-admin/login
[2018-09-14 21:09:32.166] [ERROR] access - POST /axis2/axis2-admin/login
[2018-09-14 21:09:32.178] [ERROR] access - POST /axis2/axis2-admin/login
[2018-09-14 21:09:32.182] [ERROR] access - POST /axis2/axis2-admin/login
[2018-09-14 21:09:32.186] [ERROR] access - POST /axis2/axis2-admin/login
[2018-09-14 21:09:32.198] [ERROR] access - POST /axis2/axis2-admin/login
[2018-09-14 21:09:32.202] [ERROR] access - POST /axis2/axis2-admin/login
[2018-09-14 21:09:32.205] [ERROR] access - POST /axis2/axis2-admin/login
[2018-09-14 21:09:32.218] [ERROR] access - POST /axis2/axis2-admin/login
[2018-09-14 21:09:32.233] [ERROR] access - POST /axis2/axis2-admin/login
[2018-09-14 21:09:32.236] [ERROR] access - POST /axis2/axis2-admin/login
[2018-09-14 21:09:32.252] [ERROR] access - POST /axis2/axis2-admin/login
[2018-09-14 21:09:32.256] [ERROR] access - POST /axis2/axis2-admin/login
[2018-09-14 21:09:32.269] [ERROR] access - POST /axis2/axis2-admin/login
[2018-09-14 21:09:32.315] [ERROR] access - POST /axis2/axis2-admin/login
[2018-09-14 21:09:32.319] [ERROR] access - POST /axis2/axis2-admin/login
[2018-09-14 21:09:32.332] [ERROR] access - POST /axis2/axis2-admin/login
[2018-09-14 21:09:32.345] [ERROR] access - POST /axis2/axis2-admin/login
[2018-09-14 21:09:32.352] [ERROR] access - POST /axis2/axis2-admin/login
[2018-09-14 21:09:32.365] [ERROR] access - POST /axis2/axis2-admin/login
[2018-09-14 21:09:32.375] [ERROR] access - POST /axis2/axis2-admin/login
[2018-09-14 21:09:32.387] [ERROR] access - POST /axis2/axis2-admin/login
[2018-09-14 21:09:32.400] [ERROR] access - POST /axis2/axis2-admin/login
[2018-09-14 21:09:32.403] [ERROR] access - POST /axis2/axis2-admin/login
[2018-09-14 21:09:32.419] [ERROR] access - POST /axis2/axis2-admin/login
[2018-09-14 21:09:32.426] [ERROR] access - POST /axis2/axis2-admin/login
[2018-09-14 21:09:32.430] [ERROR] access - POST /axis2/axis2-admin/login
[2018-09-14 21:09:32.443] [ERROR] access - POST /axis2/axis2-admin/login
[2018-09-14 21:09:32.457] [ERROR] access - POST /axis2/axis2-admin/login
[2018-09-14 21:09:32.467] [ERROR] access - POST /axis2/axis2-admin/login
[2018-09-14 21:09:32.479] [ERROR] access - POST /axis2/axis2-admin/login
[2018-09-14 21:09:32.482] [ERROR] access - POST /axis2/axis2-admin/login
[2018-09-14 21:09:32.496] [ERROR] access - POST /axis2/axis2-admin/login
[2018-09-14 21:09:32.510] [ERROR] access - POST /axis2/axis2-admin/login
[2018-09-14 21:09:32.515] [ERROR] access - POST /axis2/axis2-admin/login
[2018-09-14 21:09:32.520] [ERROR] access - POST /axis2/axis2-admin/login
[2018-09-14 21:09:32.535] [ERROR] access - POST /axis2/axis2-admin/login
[2018-09-14 21:09:32.542] [ERROR] access - POST /axis2/axis2-admin/login
[2018-09-14 21:09:32.555] [ERROR] access - POST /axis2/axis2-admin/login
[2018-09-14 21:09:32.567] [ERROR] access - POST /axis2/axis2-admin/login
[2018-09-14 21:09:32.571] [ERROR] access - POST /axis2/axis2-admin/login
[2018-09-14 21:09:32.587] [ERROR] access - POST /axis2/axis2-admin/login
[2018-09-14 21:09:32.592] [ERROR] access - POST /axis2/axis2-admin/login
[2018-09-14 21:09:32.596] [ERROR] access - POST /axis2/axis2-admin/login
[2018-09-14 21:09:32.610] [ERROR] access - POST /axis2/axis2-admin/login
[2018-09-14 21:09:32.625] [ERROR] access - POST /axis2/axis2-admin/login
[2018-09-14 21:09:32.631] [ERROR] access - POST /axis2/axis2-admin/login
[2018-09-14 21:09:32.647] [ERROR] access - POST /axis2/axis2-admin/login
[2018-09-14 21:09:32.657] [ERROR] access - POST /axis2/axis2-admin/login
[2018-09-14 21:09:32.674] [ERROR] access - POST /axis2/axis2-admin/login
[2018-09-14 21:09:32.687] [ERROR] access - POST /axis2/axis2-admin/login
[2018-09-14 21:09:32.692] [ERROR] access - POST /axis2/axis2-admin/login
[2018-09-14 21:09:32.706] [ERROR] access - POST /axis2/axis2-admin/login
[2018-09-14 21:09:32.711] [ERROR] access - POST /axis2/axis2-admin/login
[2018-09-14 21:09:32.715] [ERROR] access - POST /axis2/axis2-admin/login
[2018-09-14 21:09:32.739] [ERROR] access - POST /axis2/axis2-admin/login
[2018-09-14 21:09:32.744] [ERROR] access - POST /axis2/axis2-admin/login
[2018-09-14 21:09:32.747] [ERROR] access - POST /axis2/axis2-admin/login
[2018-09-14 21:09:32.760] [ERROR] access - POST /axis2/axis2-admin/login
[2018-09-14 21:09:32.775] [ERROR] access - POST /axis2/axis2-admin/login
[2018-09-14 21:09:32.789] [ERROR] access - POST /axis2/axis2-admin/login
[2018-09-14 21:09:32.803] [ERROR] access - POST /axis2/axis2-admin/login
[2018-09-14 21:09:32.815] [ERROR] access - POST /axis2/axis2-admin/login
[2018-09-14 21:09:32.829] [ERROR] access - POST /axis2/axis2-admin/login
[2018-09-14 21:09:32.841] [ERROR] access - POST /axis2/axis2-admin/login
[2018-09-14 21:09:32.855] [ERROR] access - POST /axis2/axis2-admin/login
[2018-09-14 21:09:32.866] [ERROR] access - POST /axis2/axis2-admin/login
[2018-09-14 21:09:32.879] [ERROR] access - POST /axis2/axis2-admin/login
[2018-09-14 21:09:32.890] [ERROR] access - POST /axis2/axis2-admin/login
[2018-09-14 21:09:32.903] [ERROR] access - POST /axis2/axis2-admin/login
[2018-09-14 21:09:32.915] [ERROR] access - POST /axis2/axis2-admin/login
[2018-09-14 21:09:32.927] [ERROR] access - POST /axis2/axis2-admin/login
[2018-09-14 21:09:32.932] [ERROR] access - POST /axis2/axis2-admin/login
[2018-09-14 21:09:32.944] [ERROR] access - POST /axis2/axis2-admin/login
[2018-09-14 21:09:32.957] [ERROR] access - POST /axis2/axis2-admin/login
[2018-09-14 21:09:32.969] [ERROR] access - POST /axis2/axis2-admin/login
[2018-09-14 21:09:32.982] [ERROR] access - POST /axis2/axis2-admin/login
[2018-09-14 21:09:32.986] [ERROR] access - POST /axis2/axis2-admin/login
[2018-09-14 21:09:32.998] [ERROR] access - POST /axis2/axis2-admin/login
[2018-09-14 21:09:33.010] [ERROR] access - POST /axis2/axis2-admin/login
[2018-09-14 21:09:33.023] [ERROR] access - POST /axis2/axis2-admin/login
[2018-09-14 21:09:33.036] [ERROR] access - POST /axis2/axis2-admin/login
[2018-09-14 21:09:33.043] [ERROR] access - POST /axis2/axis2-admin/login
[2018-09-14 21:09:33.055] [ERROR] access - POST /axis2/axis2-admin/login
[2018-09-14 21:09:33.068] [ERROR] access - POST /axis2/axis2-admin/login
[2018-09-14 21:09:33.081] [ERROR] access - POST /axis2/axis2-admin/login
[2018-09-14 21:09:33.086] [ERROR] access - POST /axis2/axis2-admin/login
[2018-09-14 21:09:33.100] [ERROR] access - POST /axis2/axis2-admin/login
[2018-09-14 21:09:33.113] [ERROR] access - POST /axis2/axis2-admin/login
[2018-09-14 21:09:33.125] [ERROR] access - POST /axis2/axis2-admin/login
[2018-09-14 21:09:33.133] [ERROR] access - POST /axis2/axis2-admin/login
[2018-09-14 21:09:33.145] [ERROR] access - POST /axis2/axis2-admin/login
[2018-09-14 21:09:33.158] [ERROR] access - POST /axis2/axis2-admin/login
[2018-09-14 21:09:33.171] [ERROR] access - POST /axis2/axis2-admin/login
[2018-09-14 21:09:33.184] [ERROR] access - POST /axis2/axis2-admin/login
[2018-09-14 21:09:33.191] [ERROR] access - POST /axis2/axis2-admin/login
[2018-09-14 21:09:33.204] [ERROR] access - POST /axis2/axis2-admin/login
[2018-09-14 21:09:33.213] [ERROR] access - POST /axis2/axis2-admin/login
[2018-09-14 21:09:33.228] [ERROR] access - POST /axis2/axis2-admin/login
[2018-09-14 21:09:33.240] [ERROR] access - POST /axis2/axis2-admin/login
[2018-09-14 21:09:33.247] [ERROR] access - POST /axis2/axis2-admin/login
[2018-09-14 21:09:33.261] [ERROR] access - POST /axis2/axis2-admin/login
[2018-09-14 21:09:33.272] [ERROR] access - POST /axis2/axis2-admin/login
[2018-09-14 21:09:33.283] [ERROR] access - POST /axis2/axis2-admin/login
[2018-09-14 21:09:33.297] [ERROR] access - POST /axis2/axis2-admin/login
[2018-09-14 21:09:33.310] [ERROR] access - POST /axis2/axis2-admin/login
[2018-09-14 21:09:33.324] [ERROR] access - POST /axis2/axis2-admin/login
[2018-09-14 21:09:33.330] [ERROR] access - POST /axis2/axis2-admin/login
[2018-09-14 21:09:33.342] [ERROR] access - POST /axis2/axis2-admin/login
[2018-09-14 21:09:33.354] [ERROR] access - POST /axis2/axis2-admin/login
[2018-09-14 21:09:33.360] [ERROR] access - POST /axis2/axis2-admin/login
[2018-09-14 21:09:33.372] [ERROR] access - POST /axis2/axis2-admin/login
[2018-09-14 21:09:33.377] [ERROR] access - POST /axis2/axis2-admin/login
[2018-09-14 21:09:33.381] [ERROR] access - POST /axis2/axis2-admin/login
[2018-09-14 21:09:33.391] [ERROR] access - POST /axis2/axis2-admin/login
[2018-09-14 21:09:33.399] [ERROR] access - POST /axis2/axis2-admin/login
[2018-09-14 21:09:33.409] [ERROR] access - POST /axis2/axis2-admin/login
[2018-09-14 21:09:33.420] [ERROR] access - POST /axis2/axis2-admin/login
[2018-09-14 21:09:33.432] [ERROR] access - POST /axis2/axis2-admin/login
[2018-09-14 21:09:33.439] [ERROR] access - POST /axis2/axis2-admin/login
[2018-09-14 21:09:33.444] [ERROR] access - POST /axis2/axis2-admin/login
[2018-09-14 21:09:33.451] [ERROR] access - POST /axis2/axis2-admin/login
[2018-09-14 21:09:33.458] [ERROR] access - POST /axis2/axis2-admin/login
[2018-09-14 21:09:33.462] [ERROR] access - POST /axis2/axis2-admin/login
[2018-09-14 21:09:33.473] [ERROR] access - POST /axis2/axis2-admin/login
[2018-09-14 21:09:33.476] [ERROR] access - POST /axis2/axis2-admin/login
[2018-09-14 21:09:33.480] [ERROR] access - POST /axis2/axis2-admin/login
[2018-09-14 21:09:33.483] [ERROR] access - POST /axis2/axis2-admin/login
[2018-09-14 21:09:33.496] [ERROR] access - POST /axis2/axis2-admin/login
[2018-09-14 21:09:33.502] [ERROR] access - POST /axis2/axis2-admin/login
[2018-09-14 21:09:33.507] [ERROR] access - POST /axis2/axis2-admin/login
[2018-09-14 21:09:33.514] [ERROR] access - POST /axis2/axis2-admin/login
[2018-09-14 21:09:33.523] [ERROR] access - POST /axis2/axis2-admin/login
[2018-09-14 21:09:33.532] [ERROR] access - POST /axis2/axis2-admin/login
[2018-09-14 21:09:33.537] [ERROR] access - POST /axis2/axis2-admin/login
[2018-09-14 21:09:33.551] [ERROR] access - POST /axis2/axis2-admin/login
[2018-09-14 21:09:33.565] [ERROR] access - POST /axis2/axis2-admin/login
[2018-09-14 21:09:33.570] [ERROR] access - POST /axis2/axis2-admin/login
[2018-09-14 21:09:33.576] [ERROR] access - POST /axis2/axis2-admin/login
[2018-09-14 21:09:33.583] [ERROR] access - POST /axis2/axis2-admin/login
[2018-09-14 21:09:33.594] [ERROR] access - POST /axis2/axis2-admin/login
[2018-09-14 21:09:33.609] [ERROR] access - POST /axis2/axis2-admin/login
[2018-09-14 21:09:33.623] [ERROR] access - POST /axis2/axis2-admin/login
[2018-09-14 21:09:33.630] [ERROR] access - POST /axis2/axis2-admin/login
[2018-09-14 21:09:33.644] [ERROR] access - POST /axis2/axis2-admin/login
[2018-09-14 21:09:33.658] [ERROR] access - POST /axis2/axis2-admin/login
[2018-09-14 21:09:33.675] [ERROR] access - POST /axis2/axis2-admin/login
[2018-09-14 21:09:33.679] [ERROR] access - POST /axis2/axis2-admin/login
[2018-09-14 21:09:33.683] [ERROR] access - POST /axis2/axis2-admin/login
[2018-09-14 21:09:33.687] [ERROR] access - POST /axis2/axis2-admin/login
[2018-09-14 21:09:33.691] [ERROR] access - POST /axis2/axis2-admin/login
[2018-09-14 21:09:33.706] [ERROR] access - POST /axis2/axis2-admin/login
[2018-09-14 21:09:33.718] [ERROR] access - POST /axis2/axis2-admin/login
[2018-09-14 21:09:33.733] [ERROR] access - POST /axis2/axis2-admin/login
[2018-09-14 21:09:33.738] [ERROR] access - POST /axis2/axis2-admin/login
[2018-09-14 21:09:33.742] [ERROR] access - POST /axis2/axis2-admin/login
[2018-09-14 21:09:33.752] [ERROR] access - POST /axis2/axis2-admin/login
[2018-09-14 21:09:33.764] [ERROR] access - POST /axis2/axis2-admin/login
[2018-09-14 21:09:33.773] [ERROR] access - POST /axis2/axis2-admin/login
[2018-09-14 21:09:33.784] [ERROR] access - POST /axis2/axis2-admin/login
[2018-09-14 21:09:33.798] [ERROR] access - POST /axis2/axis2-admin/login
[2018-09-14 21:09:33.804] [ERROR] access - POST /axis2/axis2-admin/login
[2018-09-14 21:09:33.809] [ERROR] access - POST /axis2/axis2-admin/login
[2018-09-14 21:09:33.820] [ERROR] access - POST /axis2/axis2-admin/login
[2018-09-14 21:09:33.833] [ERROR] access - POST /axis2/axis2-admin/login
[2018-09-14 21:09:33.846] [ERROR] access - POST /axis2/axis2-admin/login
[2018-09-14 21:09:33.852] [ERROR] access - POST /axis2/axis2-admin/login
[2018-09-14 21:09:33.860] [ERROR] access - POST /axis2/axis2-admin/login
[2018-09-14 21:09:33.874] [ERROR] access - POST /axis2/axis2-admin/login
[2018-09-14 21:09:33.879] [ERROR] access - POST /axis2/axis2-admin/login
[2018-09-14 21:09:33.890] [ERROR] access - POST /axis2/axis2-admin/login
[2018-09-14 21:09:33.903] [ERROR] access - POST /axis2/axis2-admin/login
[2018-09-14 21:09:33.919] [ERROR] access - POST /axis2/axis2-admin/login
[2018-09-14 21:09:33.930] [ERROR] access - POST /axis2/axis2-admin/login
[2018-09-14 21:09:33.943] [ERROR] access - POST /axis2/axis2-admin/login
[2018-09-14 21:09:33.954] [ERROR] access - POST /axis2/axis2-admin/login
[2018-09-14 21:09:33.967] [ERROR] access - POST /axis2/axis2-admin/login
[2018-09-14 21:09:33.979] [ERROR] access - POST /axis2/axis2-admin/login
[2018-09-14 21:09:33.992] [ERROR] access - POST /axis2/axis2-admin/login
[2018-09-14 21:09:34.005] [ERROR] access - POST /axis2/axis2-admin/login
[2018-09-14 21:09:34.019] [ERROR] access - POST /axis2/axis2-admin/login
[2018-09-14 21:09:34.030] [ERROR] access - POST /axis2/axis2-admin/login
[2018-09-14 21:09:34.044] [ERROR] access - POST /axis2/axis2-admin/login
[2018-09-14 21:09:34.056] [ERROR] access - POST /axis2/axis2-admin/login
[2018-09-14 21:09:34.068] [ERROR] access - POST /axis2/axis2-admin/login
[2018-09-14 21:09:34.080] [ERROR] access - POST /axis2/axis2-admin/login
[2018-09-14 21:09:34.093] [ERROR] access - POST /axis2/axis2-admin/login
[2018-09-14 21:09:34.106] [ERROR] access - POST /axis2/axis2-admin/login
[2018-09-14 21:09:34.117] [ERROR] access - POST /axis2/axis2-admin/login
[2018-09-14 21:09:34.129] [ERROR] access - POST /axis2/axis2-admin/login
[2018-09-14 21:09:34.141] [ERROR] access - POST /axis2/axis2-admin/login
[2018-09-14 21:09:34.154] [ERROR] access - POST /axis2/axis2-admin/login
[2018-09-14 21:09:34.166] [ERROR] access - POST /axis2/axis2-admin/login
[2018-09-14 21:09:34.178] [ERROR] access - POST /axis2/axis2-admin/login
[2018-09-14 21:09:34.226] [ERROR] access - POST /axis2/axis2-admin/login
[2018-09-14 21:09:34.250] [ERROR] access - POST /axis2/axis2-admin/login
[2018-09-14 21:09:34.262] [ERROR] access - POST /axis2/axis2-admin/login
[2018-09-14 21:09:34.276] [ERROR] access - POST /axis2/axis2-admin/login
[2018-09-14 21:09:34.287] [ERROR] access - POST /axis2/axis2-admin/login
[2018-09-14 21:09:34.300] [ERROR] access - POST /axis2/axis2-admin/login
[2018-09-14 21:09:34.304] [ERROR] access - POST /axis2/axis2-admin/login
[2018-09-14 21:09:34.315] [ERROR] access - POST /axis2/axis2-admin/login
[2018-09-14 21:09:34.329] [ERROR] access - POST /axis2/axis2-admin/login
[2018-09-14 21:09:34.342] [ERROR] access - POST /axis2/axis2-admin/login
[2018-09-14 21:09:34.345] [ERROR] access - POST /axis2/axis2-admin/login
[2018-09-14 21:09:34.358] [ERROR] access - POST /axis2/axis2-admin/login
[2018-09-14 21:09:34.370] [ERROR] access - POST /axis2/axis2-admin/login
[2018-09-14 21:09:34.382] [ERROR] access - POST /axis2/axis2-admin/login
[2018-09-14 21:09:34.393] [ERROR] access - POST /axis2/axis2-admin/login
[2018-09-14 21:09:34.407] [ERROR] access - POST /axis2/axis2-admin/login
[2018-09-14 21:09:34.418] [ERROR] access - POST /axis2/axis2-admin/login
[2018-09-14 21:09:34.432] [ERROR] access - POST /axis2/axis2-admin/login
[2018-09-14 21:09:34.445] [ERROR] access - POST /axis2/axis2-admin/login
[2018-09-14 21:09:34.457] [ERROR] access - POST /axis2/axis2-admin/login
[2018-09-14 21:09:34.469] [ERROR] access - POST /axis2/axis2-admin/login
[2018-09-14 21:09:34.482] [ERROR] access - POST /axis2/axis2-admin/login
[2018-09-14 21:09:34.494] [ERROR] access - POST /axis2/axis2-admin/login
[2018-09-14 21:09:34.507] [ERROR] access - POST /axis2/axis2-admin/login
[2018-09-14 21:09:34.518] [ERROR] access - POST /axis2/axis2-admin/login
[2018-09-14 21:09:34.531] [ERROR] access - POST /axis2/axis2-admin/login
[2018-09-14 21:09:34.542] [ERROR] access - POST /axis2/axis2-admin/login
[2018-09-14 21:09:34.555] [ERROR] access - POST /axis2/axis2-admin/login
[2018-09-14 21:09:34.566] [ERROR] access - POST /axis2/axis2-admin/login
[2018-09-14 21:09:34.581] [ERROR] access - POST /axis2/axis2-admin/login
[2018-09-14 21:09:34.593] [ERROR] access - POST /axis2/axis2-admin/login
[2018-09-14 21:09:34.605] [ERROR] access - POST /axis2/axis2-admin/login
[2018-09-14 21:09:34.617] [ERROR] access - POST /axis2/axis2-admin/login
[2018-09-14 21:09:34.629] [ERROR] access - POST /axis2/axis2-admin/login
[2018-09-14 21:09:34.641] [ERROR] access - POST /axis2/axis2-admin/login
[2018-09-14 21:09:34.655] [ERROR] access - POST /axis2/axis2-admin/login
[2018-09-14 21:09:34.667] [ERROR] access - POST /axis2/axis2-admin/login
[2018-09-14 21:09:34.680] [ERROR] access - POST /axis2/axis2-admin/login
[2018-09-14 21:09:34.691] [ERROR] access - POST /axis2/axis2-admin/login
[2018-09-14 21:09:34.703] [ERROR] access - POST /axis2/axis2-admin/login
[2018-09-14 21:09:34.716] [ERROR] access - POST /axis2/axis2-admin/login
[2018-09-14 21:09:34.728] [ERROR] access - POST /axis2/axis2-admin/login
[2018-09-14 21:09:34.741] [ERROR] access - POST /axis2/axis2-admin/login
[2018-09-14 21:09:34.754] [ERROR] access - POST /axis2/axis2-admin/login
[2018-09-14 21:09:34.772] [ERROR] access - POST /axis2/axis2-admin/login
[2018-09-14 21:09:34.783] [ERROR] access - POST /axis2/axis2-admin/login
[2018-09-14 21:09:34.795] [ERROR] access - POST /axis2/axis2-admin/login
[2018-09-14 21:09:34.809] [ERROR] access - POST /axis2/axis2-admin/login
[2018-09-14 21:09:34.822] [ERROR] access - POST /axis2/axis2-admin/login
[2018-09-14 21:09:34.835] [ERROR] access - POST /axis2/axis2-admin/login
[2018-09-14 21:09:34.848] [ERROR] access - POST /axis2/axis2-admin/login
[2018-09-14 21:09:34.860] [ERROR] access - POST /axis2/axis2-admin/login
[2018-09-14 21:09:34.873] [ERROR] access - POST /axis2/axis2-admin/login
[2018-09-14 21:09:34.886] [ERROR] access - POST /axis2/axis2-admin/login
[2018-09-14 21:09:34.901] [ERROR] access - POST /axis2/axis2-admin/login
[2018-09-14 21:09:34.915] [ERROR] access - POST /axis2/axis2-admin/login
[2018-09-14 21:09:34.928] [ERROR] access - POST /axis2/axis2-admin/login
[2018-09-14 21:09:34.939] [ERROR] access - POST /axis2/axis2-admin/login
[2018-09-14 21:09:34.952] [ERROR] access - POST /axis2/axis2-admin/login
[2018-09-14 21:09:34.963] [ERROR] access - POST /axis2/axis2-admin/login
[2018-09-14 21:09:34.975] [ERROR] access - POST /axis2/axis2-admin/login
[2018-09-14 21:09:34.989] [ERROR] access - POST /axis2/axis2-admin/login
[2018-09-14 21:09:35.000] [ERROR] access - POST /axis2/axis2-admin/login
[2018-09-14 21:09:35.013] [ERROR] access - POST /axis2/axis2-admin/login
[2018-09-14 21:09:35.025] [ERROR] access - POST /axis2/axis2-admin/login
[2018-09-14 21:09:35.038] [ERROR] access - POST /axis2/axis2-admin/login
[2018-09-14 21:09:35.049] [ERROR] access - POST /axis2/axis2-admin/login
[2018-09-14 21:09:35.062] [ERROR] access - POST /axis2/axis2-admin/login
[2018-09-14 21:09:35.068] [ERROR] access - POST /axis2/axis2-admin/login
[2018-09-14 21:09:35.080] [ERROR] access - POST /axis2/axis2-admin/login
[2018-09-14 21:09:35.093] [ERROR] access - POST /axis2/axis2-admin/login
[2018-09-14 21:09:35.104] [ERROR] access - POST /axis2/axis2-admin/login
[2018-09-14 21:09:35.111] [ERROR] access - POST /axis2/axis2-admin/login
[2018-09-14 21:09:35.124] [ERROR] access - POST /axis2/axis2-admin/login
[2018-09-14 21:09:35.137] [ERROR] access - POST /axis2/axis2-admin/login
[2018-09-14 21:09:35.149] [ERROR] access - POST /axis2/axis2-admin/login
[2018-09-14 21:09:35.162] [ERROR] access - POST /axis2/axis2-admin/login
[2018-09-14 21:09:35.175] [ERROR] access - POST /axis2/axis2-admin/login
[2018-09-14 21:09:35.188] [ERROR] access - POST /axis2/axis2-admin/login
[2018-09-14 21:09:35.200] [ERROR] access - POST /axis2/axis2-admin/login
[2018-09-14 21:09:35.212] [ERROR] access - POST /axis2/axis2-admin/login
[2018-09-14 21:09:35.223] [ERROR] access - POST /axis2/axis2-admin/login
[2018-09-14 21:09:35.236] [ERROR] access - POST /axis2/axis2-admin/login
[2018-09-14 21:09:35.249] [ERROR] access - POST /axis2/axis2-admin/login
[2018-09-14 21:09:35.260] [ERROR] access - POST /axis2/axis2-admin/login
[2018-09-14 21:09:35.272] [ERROR] access - POST /axis2/axis2-admin/login
[2018-09-14 21:09:35.285] [ERROR] access - POST /axis2/axis2-admin/login
[2018-09-14 21:09:35.297] [ERROR] access - POST /axis2/axis2-admin/login
[2018-09-14 21:09:54.029] [INFO] access - GET /is_not_exist_page
[2018-09-14 21:09:54.210] [INFO] access - GET /.DS_Store
[2018-09-14 21:09:54.363] [INFO] access - GET /.bash_history
[2018-09-14 21:09:54.528] [INFO] access - GET /configprops
[2018-09-14 21:09:54.694] [INFO] access - GET /.rediscli_history
[2018-09-14 21:09:54.840] [INFO] access - GET /.bashrc
[2018-09-14 21:09:54.998] [INFO] access - GET /.cvsignore
[2018-09-14 21:09:55.148] [INFO] access - GET /.history
[2018-09-14 21:09:55.303] [INFO] access - GET /.mysql_history
[2018-09-14 21:09:55.431] [INFO] access - GET /.htpasswd
[2018-09-14 21:09:55.557] [INFO] access - GET /access.log
[2018-09-14 21:09:55.729] [INFO] access - GET /error.log
[2018-09-14 21:09:55.905] [INFO] access - GET /debug.log
[2018-09-14 21:09:56.017] [INFO] access - GET /sql.log
[2018-09-14 21:09:56.119] [INFO] access - GET /build.sh
[2018-09-14 21:09:56.231] [INFO] access - GET /nohup.out
[2018-09-14 21:09:56.359] [INFO] access - GET /.idea/workspace.xml
[2018-09-14 21:09:56.459] [INFO] access - GET /config.ini
[2018-09-14 21:09:56.587] [INFO] access - GET /config/config.ini
[2018-09-14 21:09:56.694] [INFO] access - GET /web.config
[2018-09-14 21:09:56.832] [INFO] access - GET /resin-doc/viewfile/?contextpath=/&servletpath=&file=WEB-INF/resin-web.xml
[2018-09-14 21:09:56.919] [INFO] access - GET /composer.json
[2018-09-14 21:09:57.017] [INFO] access - GET /invoker/JMXInvokerServlet
[2018-09-14 21:09:57.126] [INFO] access - GET /wp-config.inc
[2018-09-14 21:09:57.236] [INFO] access - GET /.log
[2018-09-14 21:09:57.335] [INFO] access - GET /trace
[2018-09-14 21:09:57.606] [INFO] access - GET /1;cat%20/etc/rsyslog.conf;
[2018-09-14 21:09:57.763] [INFO] access - GET /1';cat%20/etc/rsyslog.conf;'
[2018-09-14 21:09:57.907] [INFO] access - GET /1%22;cat%20/etc/rsyslog.conf;%22
[2018-09-14 21:09:58.058] [INFO] access - GET /WEB-INF/web.xml
[2018-09-14 21:09:58.207] [INFO] access - GET /WEB-INF/applicationContext.xml
[2018-09-14 21:09:58.347] [INFO] access - GET /WEB-INF/config.xml
[2018-09-14 21:09:58.482] [INFO] access - GET /WEB-INF/classes/hibernate.cfg.xml
[2018-09-14 21:09:58.618] [INFO] access - GET /server.xml
[2018-09-14 21:09:58.754] [INFO] access - GET /WEB-INF/classes/struts.xml
[2018-09-14 21:09:58.954] [INFO] access - GET /config/database.yml
[2018-09-14 21:09:59.086] [INFO] access - GET /nmask_test_file
[2018-09-14 21:09:59.199] [INFO] access - GET /CVS/Root
[2018-09-14 21:09:59.308] [INFO] access - GET /ajax/api/hook/decodeArguments?arguments=O%3A12%3A%22vB_dB_Result%22%3A2%3A%7Bs%3A5%3A%22%00%2a%00db%22%3BO%3A11%3A%22vB_Database%22%3A1%3A%7Bs%3A9%3A%22functions%22%3Ba%3A1%3A%7Bs%3A11%3A%22free_result%22%3Bs%3A7%3A%22phpinfo%22%3B%7D%7Ds%3A12%3A%22%00%2a%00recordset%22%3Bi%3A1%3B%7D
[2018-09-14 21:09:59.414] [INFO] access - GET /management
[2018-09-14 21:09:59.519] [INFO] access - GET /nmask_is_not_exists.txt
[2018-09-14 21:09:59.621] [INFO] access - GET /fileadmin/mobile_site/templates/docs/forms/forms-sample-response.php?shipping=%22%3E%3Cimg%20src=%22http://url.to.file.which/not.exist%22%20onerror=alert(1);%3E
[2018-09-14 21:09:59.855] [INFO] access - GET /?url=%0aX-XSS-Protection:%200%0a%0d%0a%0d%3Cimg%20src=1%20onerror=alert(/xss/)%3E
[2018-09-14 21:09:59.971] [INFO] access - GET /manage/ckfinder/ckfinder.html
[2018-09-14 21:10:00.121] [INFO] access - GET /FCKeditor/editor/filemanager/browser/default/browser.html
[2018-09-14 21:10:00.228] [INFO] access - GET /fckeditor/editor/filemanager/browser/default/browser.html
[2018-09-14 21:10:00.252] [INFO] access - GET /admin/FCKeditor/editor/filemanager/browser/default/browser.html
[2018-09-14 21:10:00.374] [INFO] access - GET /FCKeditor/editor/filemanager/browser/default/connectors/test.html
[2018-09-14 21:10:00.489] [INFO] access - GET /FCKeditor/editor/filemanager/upload/test.html
[2018-09-14 21:10:00.615] [INFO] access - GET /FCKeditor/editor/filemanager/connectors/test.html
[2018-09-14 21:10:00.731] [INFO] access - GET /FCKeditor/editor/filemanager/connectors/uploadtest.html
[2018-09-14 21:10:00.868] [INFO] access - GET /FCKeditor/editor/filemanager/connectors/aspx/connector.aspx
[2018-09-14 21:10:00.985] [INFO] access - GET /FCKeditor/editor/filemanager/connectors/asp/connnector.asp
[2018-09-14 21:10:01.098] [INFO] access - GET /FCKeditor/editor/filemanager/connectors/php/connector.php
[2018-09-14 21:10:01.255] [INFO] access - GET /ewebeditor/admin_login.asp
[2018-09-14 21:10:01.380] [INFO] access - GET /ewebeditor/admin_login.aspx
[2018-09-14 21:10:01.456] [INFO] access - GET /ewebeditor/admin/login.asp
[2018-09-14 21:10:01.595] [INFO] access - GET /Editor/admin/login.asp
[2018-09-14 21:10:01.621] [INFO] access - GET /admin_login.asp
[2018-09-14 21:10:01.633] [INFO] access - GET /admin/login.asp
[2018-09-14 21:10:01.777] [INFO] access - GET /Dockerfile
[2018-09-14 21:10:02.021] [INFO] access - GET /
[2018-09-14 21:10:02.152] [INFO] access - GET /data/
[2018-09-14 21:10:02.284] [INFO] access - GET /libs/
[2018-09-14 21:10:02.388] [INFO] access - GET /upload/
[2018-09-14 21:10:02.488] [INFO] access - GET /test/
[2018-09-14 21:10:02.593] [INFO] access - GET /log/
[2018-09-14 21:10:02.714] [INFO] access - GET /conf/
[2018-09-14 21:10:02.814] [INFO] access - GET /image/
[2018-09-14 21:10:02.911] [INFO] access - GET /Appliaction/
[2018-09-14 21:10:03.184] [INFO] access - GET /
[2018-09-14 21:10:03.435] [INFO] access - GET /search?words=test_post_data%3Cscript%3Ewindow.a%3D%3D1%3F1%3Aprompt%28a%3D1%29%3C%2Fscript%3E
[2018-09-14 21:10:03.545] [INFO] access - GET /static/js/ZeroClipboard.swf?id=%5C%22))%7Dcatch(e)%7Bconfirm(/XSS./.source);%7D//&width=500&height=500&.swf
[2018-09-14 21:10:03.656] [INFO] access - GET /ZeroClipboard.swf?id=%5C%22))%7Dcatch(e)%7Bconfirm(/XSS./.source);%7D//&width=500&height=500&.swf
[2018-09-14 21:10:03.769] [INFO] access - GET /flash/ZeroClipboard.swf?id=%5C%22))%7Dcatch(e)%7Bconfirm(/XSS./.source);%7D//&width=500&height=500&.swf
[2018-09-14 21:10:03.880] [INFO] access - GET /js/ZeroClipboard.swf?id=%5C%22))%7Dcatch(e)%7Bconfirm(/XSS./.source);%7D//&width=500&height=500&.swf
[2018-09-14 21:10:03.989] [INFO] access - GET /swf/ZeroClipboard.swf?id=%5C%22))%7Dcatch(e)%7Bconfirm(/XSS./.source);%7D//&width=500&height=500&.swf
[2018-09-14 21:10:04.128] [INFO] access - GET /swfupload.swf?id=%5C%22))%7Dcatch(e)%7Bconfirm(/XSS./.source);%7D//&width=500&height=500&.swf
[2018-09-14 21:10:04.219] [INFO] access - GET /swfupload/swfupload.swf?id=%5C%22))%7Dcatch(e)%7Bconfirm(/XSS./.source);%7D//&width=500&height=500&.swf
[2018-09-14 21:10:04.330] [INFO] access - GET /upload/swfupload.swf?id=%5C%22))%7Dcatch(e)%7Bconfirm(/XSS./.source);%7D//&width=500&height=500&.swf
[2018-09-14 21:10:04.441] [INFO] access - GET /images/swfupload.swf?id=%5C%22))%7Dcatch(e)%7Bconfirm(/XSS./.source);%7D//&width=500&height=500&.swf
[2018-09-14 21:10:04.554] [INFO] access - GET /static/swfupload.swf?id=%5C%22))%7Dcatch(e)%7Bconfirm(/XSS./.source);%7D//&width=500&height=500&.swf
[2018-09-14 21:10:04.663] [INFO] access - GET /common/swfupload.swf?id=%5C%22))%7Dcatch(e)%7Bconfirm(/XSS./.source);%7D//&width=500&height=500&.swf
[2018-09-14 21:10:04.812] [INFO] access - GET /bugs/
[2018-09-14 21:45:08.217] [INFO] access - GET /
