[2018-10-19 15:16:59.109] [INFO] access - GET /admin
[2018-10-19 15:16:59.145] [INFO] access - GET /assets/admin/main.css
[2018-10-19 15:16:59.150] [INFO] access - GET /assets/admin/vendor.css
[2018-10-19 15:16:59.159] [INFO] access - GET /assets/admin/main.js
[2018-10-19 15:16:59.161] [INFO] access - GET /assets/admin/views.js
[2018-10-19 15:16:59.184] [INFO] access - GET /assets/admin/vendor.js
[2018-10-19 15:16:59.461] [INFO] access - PUT /api/statistics
[2018-10-19 15:16:59.462] [INFO] access - GET /api/dashboard
[2018-10-19 15:16:59.466] [INFO] access - GET /api/account
[2018-10-19 15:16:59.467] [INFO] access - GET /api/account
[2018-10-19 15:16:59.474] [INFO] access - GET /api/categories
[2018-10-19 15:16:59.476] [INFO] access - GET /assets/admin/images/sponsor/weixin499.jpg
[2018-10-19 15:16:59.478] [INFO] access - GET /assets/admin/images/sponsor/weixin999.jpg
[2018-10-19 15:16:59.478] [INFO] access - GET /assets/admin/images/sponsor/weixin199.jpg
[2018-10-19 15:16:59.478] [INFO] access - GET /assets/admin/images/sponsor/weixin99.jpg
[2018-10-19 15:16:59.479] [INFO] access - GET /assets/admin/images/sponsor/alipay99.jpg
[2018-10-19 15:16:59.481] [INFO] access - GET /assets/admin/images/sponsor/alipay199.jpg
[2018-10-19 15:16:59.489] [INFO] access - GET /assets/admin/images/sponsor/alipay499.jpg
[2018-10-19 15:16:59.491] [INFO] access - GET /assets/admin/images/sponsor/alipay999.jpg
[2018-10-19 15:16:59.492] [INFO] access - GET /assets/admin/images/logo@2x.png
[2018-10-19 15:16:59.498] [INFO] access - GET /assets/admin/fonts/fontawesome-webfont.woff2?v=4.6.1
[2018-10-19 15:17:14.204] [INFO] access - GET /admin
[2018-10-19 15:17:14.252] [INFO] access - GET /assets/admin/main.css
[2018-10-19 15:17:14.254] [INFO] access - GET /assets/admin/main.js
[2018-10-19 15:17:14.256] [INFO] access - GET /assets/admin/vendor.css
[2018-10-19 15:17:14.261] [INFO] access - GET /assets/admin/views.js
[2018-10-19 15:17:14.277] [INFO] access - GET /assets/admin/vendor.js
[2018-10-19 15:17:14.585] [INFO] access - PUT /api/statistics
[2018-10-19 15:17:14.586] [INFO] access - GET /api/dashboard
[2018-10-19 15:17:14.597] [INFO] access - GET /assets/admin/images/sponsor/weixin99.jpg
[2018-10-19 15:17:14.600] [INFO] access - GET /api/account
[2018-10-19 15:17:14.602] [INFO] access - GET /api/account
[2018-10-19 15:17:14.604] [INFO] access - GET /assets/admin/images/logo@2x.png
[2018-10-19 15:17:14.607] [INFO] access - GET /assets/admin/fonts/fontawesome-webfont.woff2?v=4.6.1
[2018-10-19 15:17:14.611] [INFO] access - GET /assets/admin/images/sponsor/weixin199.jpg
[2018-10-19 15:17:14.618] [INFO] access - GET /api/categories
[2018-10-19 15:17:14.622] [INFO] access - GET /assets/admin/images/sponsor/weixin999.jpg
[2018-10-19 15:17:14.623] [INFO] access - GET /assets/admin/images/sponsor/weixin499.jpg
[2018-10-19 15:17:14.624] [INFO] access - GET /assets/admin/images/sponsor/alipay199.jpg
[2018-10-19 15:17:14.625] [INFO] access - GET /assets/admin/images/sponsor/alipay499.jpg
[2018-10-19 15:17:14.627] [INFO] access - GET /assets/admin/images/sponsor/alipay99.jpg
[2018-10-19 15:17:14.628] [INFO] access - GET /assets/admin/images/sponsor/alipay999.jpg
